{"id": "cb6dc886-499a-4b09-9469-063f2f07f382", "path": "file:\/home\/gradle\/jnj-auto-tests\/output\/resources\/main\/story\/nucleus\/web\/case_details.story", "title": "","meta": [{"keyword": "@", "name": "critical_path", "value": ""},{"keyword": "@", "name": "layout", "value": "desktop"},{"keyword": "@", "name": "testCaseId", "value": "NUC-3240"}],"beforeSystemStorySteps": [{"outcome": "successful", "value": "org.vividus.steps.WebDriverSetupSteps.beforeStory()"}],"beforeUserStorySteps": [],"givenStories": {"keyword": "GivenStories:", "givenStories":[{"parameters": "{}", "path": "story\/nucleus\/web\/my_cases.story#{given-1:scenario-1}"}],"stories": [{"id": "80dcfcfd-970e-453c-8715-5e73f96af770", "path": "story\/nucleus\/web\/my_cases.story", "title": "","meta": [{"keyword": "@", "name": "critical_path", "value": ""},{"keyword": "@", "name": "layout", "value": "desktop"}],"beforeSystemStorySteps": [],"beforeUserStorySteps": [],"givenStories": {"keyword": "GivenStories:", "givenStories":[{"parameters": "", "path": "story\/nucleus\/web\/open_app.story"}],"stories": [{"id": "ab4a5bd2-f104-495c-8055-8a05501cc859", "path": "story\/nucleus\/web\/open_app.story", "title": "","meta": [{"keyword": "@", "name": "critical_path", "value": ""},{"keyword": "@", "name": "layout", "value": "desktop"},{"keyword": "@", "name": "smoke", "value": ""}],"beforeSystemStorySteps": [],"beforeUserStorySteps": [],"scenarios": [{"keyword": "Scenario:", "id": "639c358f-0628-4b17-9b70-237961fe7da7", "title": "open main application page","beforeSystemScenarioSteps": [{"outcome": "successful", "value": "org.vividus.steps.WebDriverSetupSteps.beforeScenario()"}],"beforeUserScenarioSteps": [],"steps": [{"outcome": "successful", "value": "Given I am on main application page"},{"outcome": "successful", "value": "When I change window size to `${resolution}`"}],"afterUserScenarioSteps": [],"afterSystemScenarioSteps": [{"outcome": "successful", "value": "org.vividus.steps.AssertSteps.verifyIfAssertionsPassed()"},{"outcome": "successful", "value": "org.vividus.visual.screenshot.ScenarioBasedIndexer.resetIndex()"},{"outcome": "successful", "value": "org.vividus.steps.WebUiVividusSetupSteps.afterScenario()"},{"outcome": "successful", "value": "org.vividus.http.CookieStoreProvider.resetScenarioCookies()"},{"outcome": "successful", "value": "org.vividus.steps.WebDriverSetupSteps.afterScenario()"}],"start":1695646277974,"end":1695646281323},{"keyword": "Scenario:", "id": "532a570d-c1c6-4bf0-bc07-8b593a8eef71", "title": "get UI version","beforeSystemScenarioSteps": [{"outcome": "successful", "value": "org.vividus.steps.WebDriverSetupSteps.beforeScenario()"}],"beforeUserScenarioSteps": [],"steps": [{"outcome": "successful", "value": "When I save `content` attribute value of element located `elementName(version):a` to ((story)) variable `ui-version`"}],"afterUserScenarioSteps": [],"afterSystemScenarioSteps": [{"outcome": "successful", "value": "org.vividus.steps.AssertSteps.verifyIfAssertionsPassed()"},{"outcome": "successful", "value": "org.vividus.visual.screenshot.ScenarioBasedIndexer.resetIndex()"},{"outcome": "successful", "value": "org.vividus.steps.WebUiVividusSetupSteps.afterScenario()"},{"outcome": "successful", "value": "org.vividus.http.CookieStoreProvider.resetScenarioCookies()"},{"outcome": "successful", "value": "org.vividus.steps.WebDriverSetupSteps.afterScenario()"}],"start":1695646281324,"end":1695646281426}],"afterUserStorySteps": [],"afterSystemStorySteps": []}]},"scenarios": [{"keyword": "Scenario:", "id": "2e49d383-b2e9-4bc1-bd21-df64425e1147", "title": "open my cases page","meta": [{"keyword": "@", "name": "given-1", "value": "scenario-1"},{"keyword": "@", "name": "testCaseId", "value": "NUC-2532"}],"beforeSystemScenarioSteps": [{"outcome": "successful", "value": "org.vividus.steps.WebDriverSetupSteps.beforeScenario()"}],"beforeUserScenarioSteps": [],"steps": [{"outcome": "successful", "value": "When I go to relative URL `\/my-cases?search=all`"},{"outcome": "successful", "value": "When I wait until element located by `testId(jnj-create-new-case-button)` appears"}],"afterUserScenarioSteps": [],"afterSystemScenarioSteps": [{"outcome": "successful", "value": "org.vividus.steps.AssertSteps.verifyIfAssertionsPassed()"},{"outcome": "successful", "value": "org.vividus.visual.screenshot.ScenarioBasedIndexer.resetIndex()"},{"outcome": "successful", "value": "org.vividus.steps.WebUiVividusSetupSteps.afterScenario()"},{"outcome": "successful", "value": "org.vividus.http.CookieStoreProvider.resetScenarioCookies()"},{"outcome": "successful", "value": "org.vividus.steps.WebDriverSetupSteps.afterScenario()"}],"start":1695646281428,"end":1695646282400}],"afterUserStorySteps": [],"afterSystemStorySteps": []}]},"scenarios": [{"keyword": "Scenario:", "id": "bc7d02b2-1edf-428b-863c-a2f0a2ee6a90", "title": "open case details page","beforeSystemScenarioSteps": [{"outcome": "successful", "value": "org.vividus.steps.WebDriverSetupSteps.beforeScenario()"}],"beforeUserScenarioSteps": [],"steps": [{"outcome": "comment", "value": "!-- To add visual checks which cover overall design, BMI flag once case save, NUC-11 is implemented"},{"outcome": "successful", "value": "When I click on element located by `testId(${randomCaseIdAPI}-icon-more)`"},{"outcome": "successful", "value": "When I click on element located by `testId(profile)`"},{"outcome": "successful", "value": "When I wait until element located by `testId(${surgeonFullName}case-details-overview)` appears"},{"outcome": "successful", "value": "When I find ((<=)) `1` elements by `caseSensitiveText(Show more)` and for each element do\n|step                                         |\n|When I click on element located by `xpath(.)`|"}],"afterUserScenarioSteps": [],"afterSystemScenarioSteps": [{"outcome": "failed", "keyword": "FAILED", "value": "org.vividus.steps.AssertSteps.verifyIfAssertionsPassed()", "failure": "org.jbehave.core.failures.BeforeOrAfterFailed: Method verifyIfAssertionsPassed (annotated with @AfterScenario in class org.vividus.steps.AssertSteps) failed: org.vividus.softassert.exception.VerificationError: \n1) java.lang.AssertionError: Element to click is not found by the locator  XPath: '\/\/*[normalize-space(@data-test-id)=\"${randomCaseIdAPI}-icon-more\"]'; Visibility: VISIBLE;\n\tat org.vividus.steps.ui.validation.BaseValidations.doesOnlyOneElementExist(BaseValidations.java:136)\n\tat org.vividus.steps.ui.validation.BaseValidations.assertElementExistsImpl(BaseValidations.java:126)\n\tat org.vividus.steps.ui.validation.BaseValidations.lambda$assertElementExists$2(BaseValidations.java:109)\n\tat org.vividus.steps.ui.validation.BaseValidations.assertElementExists(BaseValidations.java:108)\n\tat org.vividus.steps.ui.web.ElementSteps.findAndClick(ElementSteps.java:332)\n\tat org.vividus.steps.ui.web.ElementSteps.clickOnElement(ElementSteps.java:322)\n2) java.lang.AssertionError: Element to click is not found by the locator  XPath: '\/\/*[normalize-space(@data-test-id)=\"profile\"]'; Visibility: VISIBLE;\n\tat org.vividus.steps.ui.validation.BaseValidations.doesOnlyOneElementExist(BaseValidations.java:136)\n\tat org.vividus.steps.ui.validation.BaseValidations.assertElementExistsImpl(BaseValidations.java:126)\n\tat org.vividus.steps.ui.validation.BaseValidations.lambda$assertElementExists$2(BaseValidations.java:109)\n\tat org.vividus.steps.ui.validation.BaseValidations.assertElementExists(BaseValidations.java:108)\n\tat org.vividus.steps.ui.web.ElementSteps.findAndClick(ElementSteps.java:332)\n\tat org.vividus.steps.ui.web.ElementSteps.clickOnElement(ElementSteps.java:322)\n3) java.lang.AssertionError: Wait with timeout of 1 minute. Condition: visibility of element with search attributes: XPath: '\/\/*[normalize-space(@data-test-id)=\"${surgeonFullName}case-details-overview\"]'; Visibility: VISIBLE;. Error: Expected condition failed: waiting for visibility of element with search attributes: XPath: '\/\/*[normalize-space(@data-test-id)=\"${surgeonFullName}case-details-overview\"]'; Visibility: VISIBLE; (tried for 60 second(s) with 2000 milliseconds interval)\nBuild info: version: '4.10.0', revision: 'c14d967899'\nSystem info: os.name: 'Linux', os.arch: 'amd64', os.version: '5.10.102.1-microsoft-standard-WSL2', java.version: '17.0.8.1'\nDriver info: driver.version: unknown\n\tat org.vividus.ui.action.WaitActions.recordFailedAssertion(WaitActions.java:115)\n\tat org.vividus.ui.action.WaitActions.wait(WaitActions.java:99)\n\tat org.vividus.ui.action.WaitActions.wait(WaitActions.java:50)\n\tat org.vividus.ui.action.WaitActions.wait(WaitActions.java:44)\n\tat org.vividus.steps.ui.GenericWaitSteps.waitForCondition(GenericWaitSteps.java:292)\n\tat org.vividus.steps.ui.GenericWaitSteps.waitForConditionValidatingVisibility(GenericWaitSteps.java:102)\n\tat org.vividus.steps.ui.GenericWaitSteps.waitForElementAppearance(GenericWaitSteps.java:81)\n"},{"outcome": "successful", "value": "org.vividus.visual.screenshot.ScenarioBasedIndexer.resetIndex()"},{"outcome": "successful", "value": "org.vividus.steps.WebUiVividusSetupSteps.afterScenario()"},{"outcome": "successful", "value": "org.vividus.http.CookieStoreProvider.resetScenarioCookies()"},{"outcome": "successful", "value": "org.vividus.steps.WebDriverSetupSteps.afterScenario()"}],"start":1695646282401,"end":1695646344815,"failure": "org.jbehave.core.failures.BeforeOrAfterFailed: Method verifyIfAssertionsPassed (annotated with @AfterScenario in class org.vividus.steps.AssertSteps) failed: org.vividus.softassert.exception.VerificationError: \n1) java.lang.AssertionError: Element to click is not found by the locator  XPath: '\/\/*[normalize-space(@data-test-id)=\"${randomCaseIdAPI}-icon-more\"]'; Visibility: VISIBLE;\n\tat org.vividus.steps.ui.validation.BaseValidations.doesOnlyOneElementExist(BaseValidations.java:136)\n\tat org.vividus.steps.ui.validation.BaseValidations.assertElementExistsImpl(BaseValidations.java:126)\n\tat org.vividus.steps.ui.validation.BaseValidations.lambda$assertElementExists$2(BaseValidations.java:109)\n\tat org.vividus.steps.ui.validation.BaseValidations.assertElementExists(BaseValidations.java:108)\n\tat org.vividus.steps.ui.web.ElementSteps.findAndClick(ElementSteps.java:332)\n\tat org.vividus.steps.ui.web.ElementSteps.clickOnElement(ElementSteps.java:322)\n2) java.lang.AssertionError: Element to click is not found by the locator  XPath: '\/\/*[normalize-space(@data-test-id)=\"profile\"]'; Visibility: VISIBLE;\n\tat org.vividus.steps.ui.validation.BaseValidations.doesOnlyOneElementExist(BaseValidations.java:136)\n\tat org.vividus.steps.ui.validation.BaseValidations.assertElementExistsImpl(BaseValidations.java:126)\n\tat org.vividus.steps.ui.validation.BaseValidations.lambda$assertElementExists$2(BaseValidations.java:109)\n\tat org.vividus.steps.ui.validation.BaseValidations.assertElementExists(BaseValidations.java:108)\n\tat org.vividus.steps.ui.web.ElementSteps.findAndClick(ElementSteps.java:332)\n\tat org.vividus.steps.ui.web.ElementSteps.clickOnElement(ElementSteps.java:322)\n3) java.lang.AssertionError: Wait with timeout of 1 minute. Condition: visibility of element with search attributes: XPath: '\/\/*[normalize-space(@data-test-id)=\"${surgeonFullName}case-details-overview\"]'; Visibility: VISIBLE;. Error: Expected condition failed: waiting for visibility of element with search attributes: XPath: '\/\/*[normalize-space(@data-test-id)=\"${surgeonFullName}case-details-overview\"]'; Visibility: VISIBLE; (tried for 60 second(s) with 2000 milliseconds interval)\nBuild info: version: '4.10.0', revision: 'c14d967899'\nSystem info: os.name: 'Linux', os.arch: 'amd64', os.version: '5.10.102.1-microsoft-standard-WSL2', java.version: '17.0.8.1'\nDriver info: driver.version: unknown\n\tat org.vividus.ui.action.WaitActions.recordFailedAssertion(WaitActions.java:115)\n\tat org.vividus.ui.action.WaitActions.wait(WaitActions.java:99)\n\tat org.vividus.ui.action.WaitActions.wait(WaitActions.java:50)\n\tat org.vividus.ui.action.WaitActions.wait(WaitActions.java:44)\n\tat org.vividus.steps.ui.GenericWaitSteps.waitForCondition(GenericWaitSteps.java:292)\n\tat org.vividus.steps.ui.GenericWaitSteps.waitForConditionValidatingVisibility(GenericWaitSteps.java:102)\n\tat org.vividus.steps.ui.GenericWaitSteps.waitForElementAppearance(GenericWaitSteps.java:81)\n\n\tat org.jbehave.core.steps.StepCreator$BeforeOrAfterStep.perform(StepCreator.java:703)\n\tat org.jbehave.core.steps.StepCreator$ReportingAbstractStep.perform(StepCreator.java:638)\n\tat org.jbehave.core.steps.StepCreator$DelegatingStep.perform(StepCreator.java:662)\n\tat org.jbehave.core.embedder.PerformableTree$FineSoFar.run(PerformableTree.java:379)\n\tat org.jbehave.core.embedder.PerformableTree$PerformableSteps.perform(PerformableTree.java:1441)\n\tat org.jbehave.core.embedder.PerformableTree$PerformableEntity.performHookSteps(PerformableTree.java:999)\n\tat org.jbehave.core.embedder.PerformableTree$PerformableEntity.performAfterSteps(PerformableTree.java:978)\n\tat org.jbehave.core.embedder.PerformableTree$AbstractPerformableScenario.lambda$performScenario$1(PerformableTree.java:1291)\n\tat org.jbehave.core.embedder.PerformableTree$PerformableEntity.performWithStopExecutionExceptionHandling(PerformableTree.java:967)\n\tat org.jbehave.core.embedder.PerformableTree$AbstractPerformableScenario.performScenario(PerformableTree.java:1276)\n\tat org.jbehave.core.embedder.PerformableTree$NormalPerformableScenario.perform(PerformableTree.java:1332)\n\tat org.jbehave.core.embedder.PerformableTree$PerformableScenario.perform(PerformableTree.java:1225)\n\tat org.jbehave.core.embedder.PerformableTree$PerformableStory.lambda$perform$0(PerformableTree.java:1090)\n\tat org.jbehave.core.embedder.PerformableTree$PerformableEntity.performWithStopExecutionExceptionHandling(PerformableTree.java:965)\n\tat org.jbehave.core.embedder.PerformableTree$PerformableStory.perform(PerformableTree.java:1082)\n\tat org.jbehave.core.embedder.PerformableTree.performCancellable(PerformableTree.java:521)\n\tat org.jbehave.core.embedder.PerformableTree.perform(PerformableTree.java:488)\n\tat org.jbehave.core.embedder.StoryManager$EnqueuedStory.call(StoryManager.java:305)\n\tat org.jbehave.core.embedder.StoryManager$EnqueuedStory.call(StoryManager.java:278)\n\tat java.base\/java.util.concurrent.FutureTask.run(FutureTask.java:264)\n\tat java.base\/java.util.concurrent.ThreadPoolExecutor.runWorker(ThreadPoolExecutor.java:1136)\n\tat java.base\/java.util.concurrent.ThreadPoolExecutor$Worker.run(ThreadPoolExecutor.java:635)\n\tat java.base\/java.lang.Thread.run(Thread.java:833)\nCaused by: org.vividus.softassert.exception.VerificationError: \n1) java.lang.AssertionError: Element to click is not found by the locator  XPath: '\/\/*[normalize-space(@data-test-id)=\"${randomCaseIdAPI}-icon-more\"]'; Visibility: VISIBLE;\n\tat org.vividus.steps.ui.validation.BaseValidations.doesOnlyOneElementExist(BaseValidations.java:136)\n\tat org.vividus.steps.ui.validation.BaseValidations.assertElementExistsImpl(BaseValidations.java:126)\n\tat org.vividus.steps.ui.validation.BaseValidations.lambda$assertElementExists$2(BaseValidations.java:109)\n\tat org.vividus.steps.ui.validation.BaseValidations.assertElementExists(BaseValidations.java:108)\n\tat org.vividus.steps.ui.web.ElementSteps.findAndClick(ElementSteps.java:332)\n\tat org.vividus.steps.ui.web.ElementSteps.clickOnElement(ElementSteps.java:322)\n2) java.lang.AssertionError: Element to click is not found by the locator  XPath: '\/\/*[normalize-space(@data-test-id)=\"profile\"]'; Visibility: VISIBLE;\n\tat org.vividus.steps.ui.validation.BaseValidations.doesOnlyOneElementExist(BaseValidations.java:136)\n\tat org.vividus.steps.ui.validation.BaseValidations.assertElementExistsImpl(BaseValidations.java:126)\n\tat org.vividus.steps.ui.validation.BaseValidations.lambda$assertElementExists$2(BaseValidations.java:109)\n\tat org.vividus.steps.ui.validation.BaseValidations.assertElementExists(BaseValidations.java:108)\n\tat org.vividus.steps.ui.web.ElementSteps.findAndClick(ElementSteps.java:332)\n\tat org.vividus.steps.ui.web.ElementSteps.clickOnElement(ElementSteps.java:322)\n3) java.lang.AssertionError: Wait with timeout of 1 minute. Condition: visibility of element with search attributes: XPath: '\/\/*[normalize-space(@data-test-id)=\"${surgeonFullName}case-details-overview\"]'; Visibility: VISIBLE;. Error: Expected condition failed: waiting for visibility of element with search attributes: XPath: '\/\/*[normalize-space(@data-test-id)=\"${surgeonFullName}case-details-overview\"]'; Visibility: VISIBLE; (tried for 60 second(s) with 2000 milliseconds interval)\nBuild info: version: '4.10.0', revision: 'c14d967899'\nSystem info: os.name: 'Linux', os.arch: 'amd64', os.version: '5.10.102.1-microsoft-standard-WSL2', java.version: '17.0.8.1'\nDriver info: driver.version: unknown\n\tat org.vividus.ui.action.WaitActions.recordFailedAssertion(WaitActions.java:115)\n\tat org.vividus.ui.action.WaitActions.wait(WaitActions.java:99)\n\tat org.vividus.ui.action.WaitActions.wait(WaitActions.java:50)\n\tat org.vividus.ui.action.WaitActions.wait(WaitActions.java:44)\n\tat org.vividus.steps.ui.GenericWaitSteps.waitForCondition(GenericWaitSteps.java:292)\n\tat org.vividus.steps.ui.GenericWaitSteps.waitForConditionValidatingVisibility(GenericWaitSteps.java:102)\n\tat org.vividus.steps.ui.GenericWaitSteps.waitForElementAppearance(GenericWaitSteps.java:81)\n\n\tat org.vividus.softassert.SoftAssert.verify(SoftAssert.java:298)\n\tat org.vividus.steps.AssertSteps.verifyIfAssertionsPassed(AssertSteps.java:45)\n\tat jdk.internal.reflect.GeneratedMethodAccessor44.invoke(Unknown Source)\n\tat java.base\/jdk.internal.reflect.DelegatingMethodAccessorImpl.invoke(DelegatingMethodAccessorImpl.java:43)\n\tat java.base\/java.lang.reflect.Method.invoke(Method.java:568)\n\tat org.jbehave.core.steps.StepCreator$MethodInvoker.invoke(StepCreator.java:1087)\n\tat org.jbehave.core.steps.StepCreator$BeforeOrAfterStep.perform(StepCreator.java:699)\n\t... 22 more\n" },{"keyword": "Scenario:", "id": "3ad1bea6-2264-4ef4-9ae7-951bcd1e34eb", "title": "check left panel data","examples": {"keyword": "Examples:","steps": ["When I change context to element located by `testId(<locator>)`","When I save text of context element to scenario variable `elementText`","Then `${elementText}` is equal to `<expectedResult>`"],"parameters": {"names": ["locator","expectedResult"],"values": [["jnj-navigation-side-bar-title","${randomCasePatientFNameAPI}, ${randomCasePatientLNameAPI}"],["jnj-navigation-side-bar-description","Patient ID: ${randomCasePatientIdAPI}"]]},"examples": [{"keyword": "Example:", "parameters": {"locator":"jnj-navigation-side-bar-title","expectedResult":"${randomCasePatientFNameAPI}, ${randomCasePatientLNameAPI}","critical_path":"","layout":"desktop","testCaseId":"NUC-3240"},"beforeSystemScenarioSteps": [{"outcome": "successful", "value": "org.vividus.steps.WebDriverSetupSteps.beforeScenario()"}],"beforeUserScenarioSteps": [],"steps": [{"outcome": "successful", "value": "When I change context to element located by `testId(((jnj-navigation-side-bar-title)))`"},{"outcome": "successful", "value": "When I save text of context element to ((scenario)) variable `elementText`"},{"outcome": "successful", "value": "Then `${elementText}` is ((equal to)) `((${randomCasePatientFNameAPI}, ${randomCasePatientLNameAPI}))`"}],"afterUserScenarioSteps": [],"afterSystemScenarioSteps": [{"outcome": "failed", "keyword": "FAILED", "value": "org.vividus.steps.AssertSteps.verifyIfAssertionsPassed()", "failure": "org.jbehave.core.failures.BeforeOrAfterFailed: Method verifyIfAssertionsPassed (annotated with @AfterScenario in class org.vividus.steps.AssertSteps) failed: org.vividus.softassert.exception.VerificationError: \n1) java.lang.AssertionError: Checking if \"Cases\" is equal to \"${randomCasePatientFNameAPI}, ${randomCasePatientLNameAPI}\" [Expected: \"${randomCasePatientFNameAPI}, ${randomCasePatientLNameAPI}\" Actual: was \"Cases\"]\n\tat org.vividus.steps.VariablesSteps$1.compareValues(VariablesSteps.java:74)\n\tat org.vividus.steps.VariableComparator.compare(VariableComparator.java:50)\n\tat org.vividus.steps.VariablesSteps.compareVariables(VariablesSteps.java:129)\n"},{"outcome": "successful", "value": "org.vividus.visual.screenshot.ScenarioBasedIndexer.resetIndex()"},{"outcome": "successful", "value": "org.vividus.steps.WebUiVividusSetupSteps.afterScenario()"},{"outcome": "successful", "value": "org.vividus.http.CookieStoreProvider.resetScenarioCookies()"},{"outcome": "successful", "value": "org.vividus.steps.WebDriverSetupSteps.afterScenario()"}]},{"keyword": "Example:", "parameters": {"locator":"jnj-navigation-side-bar-description","expectedResult":"Patient ID: ${randomCasePatientIdAPI}","critical_path":"","layout":"desktop","testCaseId":"NUC-3240"},"beforeSystemScenarioSteps": [{"outcome": "successful", "value": "org.vividus.steps.WebDriverSetupSteps.beforeScenario()"}],"beforeUserScenarioSteps": [],"steps": [{"outcome": "successful", "value": "When I change context to element located by `testId(((jnj-navigation-side-bar-description)))`"},{"outcome": "successful", "value": "When I save text of context element to ((scenario)) variable `elementText`"},{"outcome": "successful", "value": "Then `${elementText}` is ((equal to)) `((Patient ID: ${randomCasePatientIdAPI}))`"}],"afterUserScenarioSteps": [],"afterSystemScenarioSteps": [{"outcome": "failed", "keyword": "FAILED", "value": "org.vividus.steps.AssertSteps.verifyIfAssertionsPassed()", "failure": "org.jbehave.core.failures.BeforeOrAfterFailed: Method verifyIfAssertionsPassed (annotated with @AfterScenario in class org.vividus.steps.AssertSteps) failed: org.vividus.softassert.exception.VerificationError: \n1) java.lang.AssertionError: Element to set context is not found by the locator  XPath: '\/\/*[normalize-space(@data-test-id)=\"jnj-navigation-side-bar-description\"]'; Visibility: VISIBLE;\n\tat org.vividus.steps.ui.validation.BaseValidations.doesOnlyOneElementExist(BaseValidations.java:136)\n\tat org.vividus.steps.ui.validation.BaseValidations.assertElementExistsImpl(BaseValidations.java:126)\n\tat org.vividus.steps.ui.validation.BaseValidations.lambda$assertElementExists$2(BaseValidations.java:109)\n\tat org.vividus.steps.ui.validation.BaseValidations.assertElementExists(BaseValidations.java:108)\n\tat org.vividus.steps.ui.GenericSetContextSteps.lambda$resetAndSetContextToElement$2(GenericSetContextSteps.java:78)\n\tat org.vividus.steps.ui.GenericSetContextSteps.changeContext(GenericSetContextSteps.java:96)\n\tat org.vividus.steps.ui.GenericSetContextSteps.resetAndSetContextToElement(GenericSetContextSteps.java:78)\n2) java.lang.AssertionError: Search context is not set\n\tat org.vividus.ui.context.UiContext.getSearchContext(UiContext.java:66)\n\tat org.vividus.steps.ui.GenericSetVariableSteps.saveContextElementTextToVariable(GenericSetVariableSteps.java:77)\n3) java.lang.AssertionError: Checking if \"Cases\" is equal to \"Patient ID: ${randomCasePatientIdAPI}\" [Expected: \"Patient ID: ${randomCasePatientIdAPI}\" Actual: was \"Cases\"]\n\tat org.vividus.steps.VariablesSteps$1.compareValues(VariablesSteps.java:74)\n\tat org.vividus.steps.VariableComparator.compare(VariableComparator.java:50)\n\tat org.vividus.steps.VariablesSteps.compareVariables(VariablesSteps.java:129)\n"},{"outcome": "successful", "value": "org.vividus.visual.screenshot.ScenarioBasedIndexer.resetIndex()"},{"outcome": "successful", "value": "org.vividus.steps.WebUiVividusSetupSteps.afterScenario()"},{"outcome": "successful", "value": "org.vividus.http.CookieStoreProvider.resetScenarioCookies()"},{"outcome": "successful", "value": "org.vividus.steps.WebDriverSetupSteps.afterScenario()"}]}]},"start":1695646344817,"end":1695646345578,"failure": "org.jbehave.core.failures.BeforeOrAfterFailed: Method verifyIfAssertionsPassed (annotated with @AfterScenario in class org.vividus.steps.AssertSteps) failed: org.vividus.softassert.exception.VerificationError: \n1) java.lang.AssertionError: Element to set context is not found by the locator  XPath: '\/\/*[normalize-space(@data-test-id)=\"jnj-navigation-side-bar-description\"]'; Visibility: VISIBLE;\n\tat org.vividus.steps.ui.validation.BaseValidations.doesOnlyOneElementExist(BaseValidations.java:136)\n\tat org.vividus.steps.ui.validation.BaseValidations.assertElementExistsImpl(BaseValidations.java:126)\n\tat org.vividus.steps.ui.validation.BaseValidations.lambda$assertElementExists$2(BaseValidations.java:109)\n\tat org.vividus.steps.ui.validation.BaseValidations.assertElementExists(BaseValidations.java:108)\n\tat org.vividus.steps.ui.GenericSetContextSteps.lambda$resetAndSetContextToElement$2(GenericSetContextSteps.java:78)\n\tat org.vividus.steps.ui.GenericSetContextSteps.changeContext(GenericSetContextSteps.java:96)\n\tat org.vividus.steps.ui.GenericSetContextSteps.resetAndSetContextToElement(GenericSetContextSteps.java:78)\n2) java.lang.AssertionError: Search context is not set\n\tat org.vividus.ui.context.UiContext.getSearchContext(UiContext.java:66)\n\tat org.vividus.steps.ui.GenericSetVariableSteps.saveContextElementTextToVariable(GenericSetVariableSteps.java:77)\n3) java.lang.AssertionError: Checking if \"Cases\" is equal to \"Patient ID: ${randomCasePatientIdAPI}\" [Expected: \"Patient ID: ${randomCasePatientIdAPI}\" Actual: was \"Cases\"]\n\tat org.vividus.steps.VariablesSteps$1.compareValues(VariablesSteps.java:74)\n\tat org.vividus.steps.VariableComparator.compare(VariableComparator.java:50)\n\tat org.vividus.steps.VariablesSteps.compareVariables(VariablesSteps.java:129)\n\n\tat org.jbehave.core.steps.StepCreator$BeforeOrAfterStep.perform(StepCreator.java:703)\n\tat org.jbehave.core.steps.StepCreator$ReportingAbstractStep.perform(StepCreator.java:638)\n\tat org.jbehave.core.steps.StepCreator$DelegatingStep.perform(StepCreator.java:662)\n\tat org.jbehave.core.embedder.PerformableTree$FineSoFar.run(PerformableTree.java:379)\n\tat org.jbehave.core.embedder.PerformableTree$PerformableSteps.perform(PerformableTree.java:1441)\n\tat org.jbehave.core.embedder.PerformableTree$PerformableEntity.performHookSteps(PerformableTree.java:999)\n\tat org.jbehave.core.embedder.PerformableTree$PerformableEntity.performAfterSteps(PerformableTree.java:978)\n\tat org.jbehave.core.embedder.PerformableTree$AbstractPerformableScenario.lambda$performScenario$1(PerformableTree.java:1291)\n\tat org.jbehave.core.embedder.PerformableTree$PerformableEntity.performWithStopExecutionExceptionHandling(PerformableTree.java:967)\n\tat org.jbehave.core.embedder.PerformableTree$AbstractPerformableScenario.performScenario(PerformableTree.java:1276)\n\tat org.jbehave.core.embedder.PerformableTree$ExamplePerformableScenario.perform(PerformableTree.java:1353)\n\tat org.jbehave.core.embedder.PerformableTree$PerformableScenario.perform(PerformableTree.java:1220)\n\tat org.jbehave.core.embedder.PerformableTree$PerformableStory.lambda$perform$0(PerformableTree.java:1090)\n\tat org.jbehave.core.embedder.PerformableTree$PerformableEntity.performWithStopExecutionExceptionHandling(PerformableTree.java:965)\n\tat org.jbehave.core.embedder.PerformableTree$PerformableStory.perform(PerformableTree.java:1082)\n\tat org.jbehave.core.embedder.PerformableTree.performCancellable(PerformableTree.java:521)\n\tat org.jbehave.core.embedder.PerformableTree.perform(PerformableTree.java:488)\n\tat org.jbehave.core.embedder.StoryManager$EnqueuedStory.call(StoryManager.java:305)\n\tat org.jbehave.core.embedder.StoryManager$EnqueuedStory.call(StoryManager.java:278)\n\tat java.base\/java.util.concurrent.FutureTask.run(FutureTask.java:264)\n\tat java.base\/java.util.concurrent.ThreadPoolExecutor.runWorker(ThreadPoolExecutor.java:1136)\n\tat java.base\/java.util.concurrent.ThreadPoolExecutor$Worker.run(ThreadPoolExecutor.java:635)\n\tat java.base\/java.lang.Thread.run(Thread.java:833)\nCaused by: org.vividus.softassert.exception.VerificationError: \n1) java.lang.AssertionError: Element to set context is not found by the locator  XPath: '\/\/*[normalize-space(@data-test-id)=\"jnj-navigation-side-bar-description\"]'; Visibility: VISIBLE;\n\tat org.vividus.steps.ui.validation.BaseValidations.doesOnlyOneElementExist(BaseValidations.java:136)\n\tat org.vividus.steps.ui.validation.BaseValidations.assertElementExistsImpl(BaseValidations.java:126)\n\tat org.vividus.steps.ui.validation.BaseValidations.lambda$assertElementExists$2(BaseValidations.java:109)\n\tat org.vividus.steps.ui.validation.BaseValidations.assertElementExists(BaseValidations.java:108)\n\tat org.vividus.steps.ui.GenericSetContextSteps.lambda$resetAndSetContextToElement$2(GenericSetContextSteps.java:78)\n\tat org.vividus.steps.ui.GenericSetContextSteps.changeContext(GenericSetContextSteps.java:96)\n\tat org.vividus.steps.ui.GenericSetContextSteps.resetAndSetContextToElement(GenericSetContextSteps.java:78)\n2) java.lang.AssertionError: Search context is not set\n\tat org.vividus.ui.context.UiContext.getSearchContext(UiContext.java:66)\n\tat org.vividus.steps.ui.GenericSetVariableSteps.saveContextElementTextToVariable(GenericSetVariableSteps.java:77)\n3) java.lang.AssertionError: Checking if \"Cases\" is equal to \"Patient ID: ${randomCasePatientIdAPI}\" [Expected: \"Patient ID: ${randomCasePatientIdAPI}\" Actual: was \"Cases\"]\n\tat org.vividus.steps.VariablesSteps$1.compareValues(VariablesSteps.java:74)\n\tat org.vividus.steps.VariableComparator.compare(VariableComparator.java:50)\n\tat org.vividus.steps.VariablesSteps.compareVariables(VariablesSteps.java:129)\n\n\tat org.vividus.softassert.SoftAssert.verify(SoftAssert.java:298)\n\tat org.vividus.steps.AssertSteps.verifyIfAssertionsPassed(AssertSteps.java:45)\n\tat jdk.internal.reflect.GeneratedMethodAccessor44.invoke(Unknown Source)\n\tat java.base\/jdk.internal.reflect.DelegatingMethodAccessorImpl.invoke(DelegatingMethodAccessorImpl.java:43)\n\tat java.base\/java.lang.reflect.Method.invoke(Method.java:568)\n\tat org.jbehave.core.steps.StepCreator$MethodInvoker.invoke(StepCreator.java:1087)\n\tat org.jbehave.core.steps.StepCreator$BeforeOrAfterStep.perform(StepCreator.java:699)\n\t... 22 more\n" },{"keyword": "Scenario:", "id": "cae2dc5b-30f4-4ce9-b4fe-c61336197a18", "title": "convert backend data","examples": {"keyword": "Examples:","steps": ["When the condition `#{eval(\"${<condVarName>}\"==\"<condVarValue>\")}` is true I do\n|step                                                                        |\n|Given I initialize story variable `<resVarName>` with value `<resVarValue1>`|","When the condition `#{eval(\"${<condVarName>}\"!=\"<condVarValue>\")}` is true I do\n{headerSeparator=!,valueSeparator=!}\n!step                                                                        !\n!Given I initialize story variable `<resVarName>` with value `<resVarValue2>`!"],"parameters": {"names": ["condVarName","condVarValue","resVarName","resVarValue1","resVarValue2"],"values": [["randomCaseSurgeryDateDB","null","procedureDate","Surgery date pending","#{formatDateTo(${randomCaseSurgeryDateAPI}, yyyy-MM-dd, MMM dd\\, yyyy)} | #{toLowerCase(#{formatDateTo(2000-01-01 ${randomCaseSurgeryTimeAPI}, yyyy-MM-dd HH:mm:ss, HH:mma)})} EST | ${randomCaseSurgeryDurationAPI}"],["randomCasePatientACDB","","additionalContext","","Additional ${randomCasePatientACAPI}"],["randomCaseSurgeryFacilityORAPI","","operatingRoom","",", ${randomCaseSurgeryFacilityORAPI}"],["randomCasePatientTagsListAPI","","tagsList","","${randomCasePatientTagsListAPI}"]]},"examples": [{"keyword": "Example:", "parameters": {"resVarValue1":"Surgery date pending","resVarValue2":"#{formatDateTo(${randomCaseSurgeryDateAPI}, yyyy-MM-dd, MMM dd\\, yyyy)} | #{toLowerCase(#{formatDateTo(2000-01-01 ${randomCaseSurgeryTimeAPI}, yyyy-MM-dd HH:mm:ss, HH:mma)})} EST | ${randomCaseSurgeryDurationAPI}","condVarValue":"null","resVarName":"procedureDate","condVarName":"randomCaseSurgeryDateDB","critical_path":"","layout":"desktop","testCaseId":"NUC-3240"},"beforeSystemScenarioSteps": [{"outcome": "successful", "value": "org.vividus.steps.WebDriverSetupSteps.beforeScenario()"}],"beforeUserScenarioSteps": [],"steps": [{"outcome": "failed", "keyword": "FAILED", "value": "When the condition `#{eval(\"${((randomCaseSurgeryDateDB))}\"==\"((null))\")}` is true I do\n|step                                                                        |\n|Given I initialize story variable `((procedureDate))` with value `((Surgery date pending))`|", "failure": "java.lang.IllegalArgumentException: Invalid condition `#{eval(\"${randomCaseSurgeryDateDB}\"==\"null\")}`, supported conditions are: 'true', 'on', 'y', 't', 'yes', '1', 'false', 'off', 'n', 'f', 'no' or '0' (case insensitive)"},{"outcome": "notPerformed", "keyword": "NOT PERFORMED", "value": "When the condition `#{eval(\"${((randomCaseSurgeryDateDB))}\"!=\"((null))\")}` is true I do\n{headerSeparator=!,valueSeparator=!}\n!step                                                                        !\n!Given I initialize story variable `((procedureDate))` with value `((#{formatDateTo(${randomCaseSurgeryDateAPI}, yyyy-MM-dd, MMM dd\\, yyyy)} | #{toLowerCase(#{formatDateTo(2000-01-01 ${randomCaseSurgeryTimeAPI}, yyyy-MM-dd HH:mm:ss, HH:mma)})} EST | ${randomCaseSurgeryDurationAPI}))`!"}],"afterUserScenarioSteps": [],"afterSystemScenarioSteps": [{"outcome": "successful", "value": "org.vividus.steps.AssertSteps.verifyIfAssertionsPassed()"},{"outcome": "successful", "value": "org.vividus.visual.screenshot.ScenarioBasedIndexer.resetIndex()"},{"outcome": "successful", "value": "org.vividus.steps.WebUiVividusSetupSteps.afterScenario()"},{"outcome": "successful", "value": "org.vividus.http.CookieStoreProvider.resetScenarioCookies()"},{"outcome": "successful", "value": "org.vividus.steps.WebDriverSetupSteps.afterScenario()"}]},{"keyword": "Example:", "parameters": {"resVarValue1":"","resVarValue2":"Additional ${randomCasePatientACAPI}","condVarValue":"","resVarName":"additionalContext","condVarName":"randomCasePatientACDB","critical_path":"","layout":"desktop","testCaseId":"NUC-3240"},"beforeSystemScenarioSteps": [{"outcome": "successful", "value": "org.vividus.steps.WebDriverSetupSteps.beforeScenario()"}],"beforeUserScenarioSteps": [],"steps": [{"outcome": "failed", "keyword": "FAILED", "value": "When the condition `#{eval(\"${((randomCasePatientACDB))}\"==\"(())\")}` is true I do\n|step                                                                        |\n|Given I initialize story variable `((additionalContext))` with value `(())`|", "failure": "java.lang.IllegalArgumentException: Invalid condition `#{eval(\"${randomCasePatientACDB}\"==\"\")}`, supported conditions are: 'true', 'on', 'y', 't', 'yes', '1', 'false', 'off', 'n', 'f', 'no' or '0' (case insensitive)"},{"outcome": "notPerformed", "keyword": "NOT PERFORMED", "value": "When the condition `#{eval(\"${((randomCasePatientACDB))}\"!=\"(())\")}` is true I do\n{headerSeparator=!,valueSeparator=!}\n!step                                                                        !\n!Given I initialize story variable `((additionalContext))` with value `((Additional ${randomCasePatientACAPI}))`!"}],"afterUserScenarioSteps": [],"afterSystemScenarioSteps": [{"outcome": "successful", "value": "org.vividus.steps.AssertSteps.verifyIfAssertionsPassed()"},{"outcome": "successful", "value": "org.vividus.visual.screenshot.ScenarioBasedIndexer.resetIndex()"},{"outcome": "successful", "value": "org.vividus.steps.WebUiVividusSetupSteps.afterScenario()"},{"outcome": "successful", "value": "org.vividus.http.CookieStoreProvider.resetScenarioCookies()"},{"outcome": "successful", "value": "org.vividus.steps.WebDriverSetupSteps.afterScenario()"}]},{"keyword": "Example:", "parameters": {"resVarValue1":"","resVarValue2":", ${randomCaseSurgeryFacilityORAPI}","condVarValue":"","resVarName":"operatingRoom","condVarName":"randomCaseSurgeryFacilityORAPI","critical_path":"","layout":"desktop","testCaseId":"NUC-3240"},"beforeSystemScenarioSteps": [{"outcome": "successful", "value": "org.vividus.steps.WebDriverSetupSteps.beforeScenario()"}],"beforeUserScenarioSteps": [],"steps": [{"outcome": "failed", "keyword": "FAILED", "value": "When the condition `#{eval(\"${((randomCaseSurgeryFacilityORAPI))}\"==\"(())\")}` is true I do\n|step                                                                        |\n|Given I initialize story variable `((operatingRoom))` with value `(())`|", "failure": "java.lang.IllegalArgumentException: Invalid condition `#{eval(\"${randomCaseSurgeryFacilityORAPI}\"==\"\")}`, supported conditions are: 'true', 'on', 'y', 't', 'yes', '1', 'false', 'off', 'n', 'f', 'no' or '0' (case insensitive)"},{"outcome": "notPerformed", "keyword": "NOT PERFORMED", "value": "When the condition `#{eval(\"${((randomCaseSurgeryFacilityORAPI))}\"!=\"(())\")}` is true I do\n{headerSeparator=!,valueSeparator=!}\n!step                                                                        !\n!Given I initialize story variable `((operatingRoom))` with value `((, ${randomCaseSurgeryFacilityORAPI}))`!"}],"afterUserScenarioSteps": [],"afterSystemScenarioSteps": [{"outcome": "successful", "value": "org.vividus.steps.AssertSteps.verifyIfAssertionsPassed()"},{"outcome": "successful", "value": "org.vividus.visual.screenshot.ScenarioBasedIndexer.resetIndex()"},{"outcome": "successful", "value": "org.vividus.steps.WebUiVividusSetupSteps.afterScenario()"},{"outcome": "successful", "value": "org.vividus.http.CookieStoreProvider.resetScenarioCookies()"},{"outcome": "successful", "value": "org.vividus.steps.WebDriverSetupSteps.afterScenario()"}]},{"keyword": "Example:", "parameters": {"resVarValue1":"","resVarValue2":"","condVarValue":"","resVarName":"tagsList","condVarName":"randomCasePatientTagsListAPI","critical_path":"","layout":"desktop","testCaseId":"NUC-3240"},"beforeSystemScenarioSteps": [{"outcome": "successful", "value": "org.vividus.steps.WebDriverSetupSteps.beforeScenario()"}],"beforeUserScenarioSteps": [],"steps": [{"outcome": "successful", "value": "When the condition `#{eval(\"${((randomCasePatientTagsListAPI))}\"==\"(())\")}` is true I do\n|step                                                                        |\n|Given I initialize story variable `((tagsList))` with value `(())`|"},{"outcome": "successful", "value": "When the condition `#{eval(\"${((randomCasePatientTagsListAPI))}\"!=\"(())\")}` is true I do\n{headerSeparator=!,valueSeparator=!}\n!step                                                                        !\n!Given I initialize story variable `((tagsList))` with value `(())`!"}],"afterUserScenarioSteps": [],"afterSystemScenarioSteps": [{"outcome": "successful", "value": "org.vividus.steps.AssertSteps.verifyIfAssertionsPassed()"},{"outcome": "successful", "value": "org.vividus.visual.screenshot.ScenarioBasedIndexer.resetIndex()"},{"outcome": "successful", "value": "org.vividus.steps.WebUiVividusSetupSteps.afterScenario()"},{"outcome": "successful", "value": "org.vividus.http.CookieStoreProvider.resetScenarioCookies()"},{"outcome": "successful", "value": "org.vividus.steps.WebDriverSetupSteps.afterScenario()"}]}]},"start":1695646345579,"end":1695646345611,"failure": "java.lang.IllegalArgumentException: Invalid condition `#{eval(\"${randomCaseSurgeryFacilityORAPI}\"==\"\")}`, supported conditions are: 'true', 'on', 'y', 't', 'yes', '1', 'false', 'off', 'n', 'f', 'no' or '0' (case insensitive)\n\tat org.apache.commons.lang3.Validate.isTrue(Validate.java:155)\n\tat org.vividus.steps.ExecutableSteps.performAllStepsIfConditionIsTrue(ExecutableSteps.java:77)\n\tat java.base\/jdk.internal.reflect.NativeMethodAccessorImpl.invoke0(Native Method)\n\tat java.base\/jdk.internal.reflect.NativeMethodAccessorImpl.invoke(NativeMethodAccessorImpl.java:77)\n\tat java.base\/jdk.internal.reflect.DelegatingMethodAccessorImpl.invoke(DelegatingMethodAccessorImpl.java:43)\n\tat java.base\/java.lang.reflect.Method.invoke(Method.java:568)\n\tat org.jbehave.core.steps.StepCreator$ParametrisedStep.perform(StepCreator.java:894)\n\tat org.jbehave.core.steps.StepCreator$ReportingAbstractStep.perform(StepCreator.java:638)\n\tat org.jbehave.core.embedder.PerformableTree$FineSoFar.run(PerformableTree.java:379)\n\tat org.jbehave.core.embedder.PerformableTree$PerformableSteps.perform(PerformableTree.java:1441)\n\tat org.jbehave.core.embedder.PerformableTree$AbstractPerformableScenario.lambda$performScenario$0(PerformableTree.java:1283)\n\tat org.jbehave.core.embedder.PerformableTree$PerformableEntity.performWithStopExecutionExceptionHandling(PerformableTree.java:965)\n\tat org.jbehave.core.embedder.PerformableTree$AbstractPerformableScenario.performScenario(PerformableTree.java:1276)\n\tat org.jbehave.core.embedder.PerformableTree$ExamplePerformableScenario.perform(PerformableTree.java:1353)\n\tat org.jbehave.core.embedder.PerformableTree$PerformableScenario.perform(PerformableTree.java:1220)\n\tat org.jbehave.core.embedder.PerformableTree$PerformableStory.lambda$perform$0(PerformableTree.java:1090)\n\tat org.jbehave.core.embedder.PerformableTree$PerformableEntity.performWithStopExecutionExceptionHandling(PerformableTree.java:965)\n\tat org.jbehave.core.embedder.PerformableTree$PerformableStory.perform(PerformableTree.java:1082)\n\tat org.jbehave.core.embedder.PerformableTree.performCancellable(PerformableTree.java:521)\n\tat org.jbehave.core.embedder.PerformableTree.perform(PerformableTree.java:488)\n\tat org.jbehave.core.embedder.StoryManager$EnqueuedStory.call(StoryManager.java:305)\n\tat org.jbehave.core.embedder.StoryManager$EnqueuedStory.call(StoryManager.java:278)\n\tat java.base\/java.util.concurrent.FutureTask.run(FutureTask.java:264)\n\tat java.base\/java.util.concurrent.ThreadPoolExecutor.runWorker(ThreadPoolExecutor.java:1136)\n\tat java.base\/java.util.concurrent.ThreadPoolExecutor$Worker.run(ThreadPoolExecutor.java:635)\n\tat java.base\/java.lang.Thread.run(Thread.java:833)\n" },{"keyword": "Scenario:", "id": "00758ca2-2420-47d1-a198-a3b6b8d69142", "title": "check main panel data","examples": {"keyword": "Examples:","steps": ["When I change context to element located by `testId(<locator>)`","When I save text of context element to scenario variable `elementText`","Then `#{eval(`${elementText}`.replaceAll(\" Show less\",\"\"))}` is equal to `#{eval(`<expectedResult>`.replaceAll(\"\\s\\s\",\"\"))}`"],"parameters": {"names": ["locator","expectedResult"],"values": [["${surgeonFullName}case-details-overview","${surgeonFullName}"],["jnj-box-procedure-facility-date","Procedure ${randomCaseSurgeryProcedureNameAPI} Facility ${randomCaseSurgeryFacilityNameAPI}${operatingRoom} Date ${procedureDate}"],["jnj-case-details-patient-information","Patient Information Date of Birth #{formatDateTo(${randomCasePatientDOBAPI}, yyyy-MM-dd, MMM dd\\, yyyy)} Age ${randomCasePatientAgeAPI} Years Old Gender ${randomCasePatientGenderAPI} BMI #{substringBefore(${randomCasePatientBMIAPI}, .0)} ${additionalContext} ${tagsList}"]]},"examples": [{"keyword": "Example:", "parameters": {"locator":"${surgeonFullName}case-details-overview","expectedResult":"${surgeonFullName}","critical_path":"","layout":"desktop","testCaseId":"NUC-3240"},"beforeSystemScenarioSteps": [{"outcome": "successful", "value": "org.vividus.steps.WebDriverSetupSteps.beforeScenario()"}],"beforeUserScenarioSteps": [],"steps": [{"outcome": "successful", "value": "When I change context to element located by `testId(((${surgeonFullName}case-details-overview)))`"},{"outcome": "successful", "value": "When I save text of context element to ((scenario)) variable `elementText`"},{"outcome": "successful", "value": "Then `#{eval(`${elementText}`.replaceAll(\" Show less\",\"\"))}` is ((equal to)) `#{eval(`((${surgeonFullName}))`.replaceAll(\"\\s\\s\",\"\"))}`"}],"afterUserScenarioSteps": [],"afterSystemScenarioSteps": [{"outcome": "failed", "keyword": "FAILED", "value": "org.vividus.steps.AssertSteps.verifyIfAssertionsPassed()", "failure": "org.jbehave.core.failures.BeforeOrAfterFailed: Method verifyIfAssertionsPassed (annotated with @AfterScenario in class org.vividus.steps.AssertSteps) failed: org.vividus.softassert.exception.VerificationError: \n1) java.lang.AssertionError: Element to set context is not found by the locator  XPath: '\/\/*[normalize-space(@data-test-id)=\"${surgeonFullName}case-details-overview\"]'; Visibility: VISIBLE;\n\tat org.vividus.steps.ui.validation.BaseValidations.doesOnlyOneElementExist(BaseValidations.java:136)\n\tat org.vividus.steps.ui.validation.BaseValidations.assertElementExistsImpl(BaseValidations.java:126)\n\tat org.vividus.steps.ui.validation.BaseValidations.lambda$assertElementExists$2(BaseValidations.java:109)\n\tat org.vividus.steps.ui.validation.BaseValidations.assertElementExists(BaseValidations.java:108)\n\tat org.vividus.steps.ui.GenericSetContextSteps.lambda$resetAndSetContextToElement$2(GenericSetContextSteps.java:78)\n\tat org.vividus.steps.ui.GenericSetContextSteps.changeContext(GenericSetContextSteps.java:96)\n\tat org.vividus.steps.ui.GenericSetContextSteps.resetAndSetContextToElement(GenericSetContextSteps.java:78)\n2) java.lang.AssertionError: Search context is not set\n\tat org.vividus.ui.context.UiContext.getSearchContext(UiContext.java:66)\n\tat org.vividus.steps.ui.GenericSetVariableSteps.saveContextElementTextToVariable(GenericSetVariableSteps.java:77)\n3) java.lang.AssertionError: Checking if \"#{eval(`${elementText}`.replaceAll(\" Show less\",\"\"))}\" is equal to \"#{eval(`${surgeonFullName}`.replaceAll(\"\\s\\s\",\"\"))}\" [Expected: \"#{eval(`${surgeonFullName}`.replaceAll(\\\"\\\\s\\\\s\\\",\\\"\\\"))}\" Actual: was \"#{eval(`${elementText}`.replaceAll(\\\" Show less\\\",\\\"\\\"))}\"]\n\tat org.vividus.steps.VariablesSteps$1.compareValues(VariablesSteps.java:74)\n\tat org.vividus.steps.VariableComparator.compare(VariableComparator.java:50)\n\tat org.vividus.steps.VariablesSteps.compareVariables(VariablesSteps.java:129)\n"},{"outcome": "successful", "value": "org.vividus.visual.screenshot.ScenarioBasedIndexer.resetIndex()"},{"outcome": "successful", "value": "org.vividus.steps.WebUiVividusSetupSteps.afterScenario()"},{"outcome": "successful", "value": "org.vividus.http.CookieStoreProvider.resetScenarioCookies()"},{"outcome": "successful", "value": "org.vividus.steps.WebDriverSetupSteps.afterScenario()"}]},{"keyword": "Example:", "parameters": {"locator":"jnj-box-procedure-facility-date","expectedResult":"Procedure ${randomCaseSurgeryProcedureNameAPI} Facility ${randomCaseSurgeryFacilityNameAPI}${operatingRoom} Date ${procedureDate}","critical_path":"","layout":"desktop","testCaseId":"NUC-3240"},"beforeSystemScenarioSteps": [{"outcome": "successful", "value": "org.vividus.steps.WebDriverSetupSteps.beforeScenario()"}],"beforeUserScenarioSteps": [],"steps": [{"outcome": "successful", "value": "When I change context to element located by `testId(((jnj-box-procedure-facility-date)))`"},{"outcome": "successful", "value": "When I save text of context element to ((scenario)) variable `elementText`"},{"outcome": "successful", "value": "Then `#{eval(`${elementText}`.replaceAll(\" Show less\",\"\"))}` is ((equal to)) `#{eval(`((Procedure ${randomCaseSurgeryProcedureNameAPI} Facility ${randomCaseSurgeryFacilityNameAPI}${operatingRoom} Date ${procedureDate}))`.replaceAll(\"\\s\\s\",\"\"))}`"}],"afterUserScenarioSteps": [],"afterSystemScenarioSteps": [{"outcome": "failed", "keyword": "FAILED", "value": "org.vividus.steps.AssertSteps.verifyIfAssertionsPassed()", "failure": "org.jbehave.core.failures.BeforeOrAfterFailed: Method verifyIfAssertionsPassed (annotated with @AfterScenario in class org.vividus.steps.AssertSteps) failed: org.vividus.softassert.exception.VerificationError: \n1) java.lang.AssertionError: Element to set context is not found by the locator  XPath: '\/\/*[normalize-space(@data-test-id)=\"jnj-box-procedure-facility-date\"]'; Visibility: VISIBLE;\n\tat org.vividus.steps.ui.validation.BaseValidations.doesOnlyOneElementExist(BaseValidations.java:136)\n\tat org.vividus.steps.ui.validation.BaseValidations.assertElementExistsImpl(BaseValidations.java:126)\n\tat org.vividus.steps.ui.validation.BaseValidations.lambda$assertElementExists$2(BaseValidations.java:109)\n\tat org.vividus.steps.ui.validation.BaseValidations.assertElementExists(BaseValidations.java:108)\n\tat org.vividus.steps.ui.GenericSetContextSteps.lambda$resetAndSetContextToElement$2(GenericSetContextSteps.java:78)\n\tat org.vividus.steps.ui.GenericSetContextSteps.changeContext(GenericSetContextSteps.java:96)\n\tat org.vividus.steps.ui.GenericSetContextSteps.resetAndSetContextToElement(GenericSetContextSteps.java:78)\n2) java.lang.AssertionError: Search context is not set\n\tat org.vividus.ui.context.UiContext.getSearchContext(UiContext.java:66)\n\tat org.vividus.steps.ui.GenericSetVariableSteps.saveContextElementTextToVariable(GenericSetVariableSteps.java:77)\n3) java.lang.AssertionError: Potentially known issue: NUC-4087 (Type: INTERNAL. Status: UNKNOWN). Checking if \"#{eval(`${elementText}`.replaceAll(\" Show less\",\"\"))}\" is equal to \"#{eval(`Procedure ${randomCaseSurgeryProcedureNameAPI} Facility ${randomCaseSurgeryFacilityNameAPI}${operatingRoom} Date ${procedureDate}`.replaceAll(\"\\s\\s\",\"\"))}\" [Expected: \"#{eval(`Procedure ${randomCaseSurgeryProcedureNameAPI} Facility ${randomCaseSurgeryFacilityNameAPI}${operatingRoom} Date ${procedureDate}`.replaceAll(\\\"\\\\s\\\\s\\\",\\\"\\\"))}\" Actual: was \"#{eval(`${elementText}`.replaceAll(\\\" Show less\\\",\\\"\\\"))}\"]\n\tat org.vividus.steps.VariablesSteps$1.compareValues(VariablesSteps.java:74)\n\tat org.vividus.steps.VariableComparator.compare(VariableComparator.java:50)\n\tat org.vividus.steps.VariablesSteps.compareVariables(VariablesSteps.java:129)\n"},{"outcome": "successful", "value": "org.vividus.visual.screenshot.ScenarioBasedIndexer.resetIndex()"},{"outcome": "successful", "value": "org.vividus.steps.WebUiVividusSetupSteps.afterScenario()"},{"outcome": "successful", "value": "org.vividus.http.CookieStoreProvider.resetScenarioCookies()"},{"outcome": "successful", "value": "org.vividus.steps.WebDriverSetupSteps.afterScenario()"}]},{"keyword": "Example:", "parameters": {"locator":"jnj-case-details-patient-information","expectedResult":"Patient Information Date of Birth #{formatDateTo(${randomCasePatientDOBAPI}, yyyy-MM-dd, MMM dd\\, yyyy)} Age ${randomCasePatientAgeAPI} Years Old Gender ${randomCasePatientGenderAPI} BMI #{substringBefore(${randomCasePatientBMIAPI}, .0)} ${additionalContext} ${tagsList}","critical_path":"","layout":"desktop","testCaseId":"NUC-3240"},"beforeSystemScenarioSteps": [{"outcome": "successful", "value": "org.vividus.steps.WebDriverSetupSteps.beforeScenario()"}],"beforeUserScenarioSteps": [],"steps": [{"outcome": "successful", "value": "When I change context to element located by `testId(((jnj-case-details-patient-information)))`"},{"outcome": "successful", "value": "When I save text of context element to ((scenario)) variable `elementText`"},{"outcome": "successful", "value": "Then `#{eval(`${elementText}`.replaceAll(\" Show less\",\"\"))}` is ((equal to)) `#{eval(`((Patient Information Date of Birth #{formatDateTo(${randomCasePatientDOBAPI}, yyyy-MM-dd, MMM dd\\, yyyy)} Age ${randomCasePatientAgeAPI} Years Old Gender ${randomCasePatientGenderAPI} BMI #{substringBefore(${randomCasePatientBMIAPI}, .0)} ${additionalContext} ${tagsList}))`.replaceAll(\"\\s\\s\",\"\"))}`"}],"afterUserScenarioSteps": [],"afterSystemScenarioSteps": [{"outcome": "failed", "keyword": "FAILED", "value": "org.vividus.steps.AssertSteps.verifyIfAssertionsPassed()", "failure": "org.jbehave.core.failures.BeforeOrAfterFailed: Method verifyIfAssertionsPassed (annotated with @AfterScenario in class org.vividus.steps.AssertSteps) failed: org.vividus.softassert.exception.VerificationError: \n1) java.lang.AssertionError: Element to set context is not found by the locator  XPath: '\/\/*[normalize-space(@data-test-id)=\"jnj-case-details-patient-information\"]'; Visibility: VISIBLE;\n\tat org.vividus.steps.ui.validation.BaseValidations.doesOnlyOneElementExist(BaseValidations.java:136)\n\tat org.vividus.steps.ui.validation.BaseValidations.assertElementExistsImpl(BaseValidations.java:126)\n\tat org.vividus.steps.ui.validation.BaseValidations.lambda$assertElementExists$2(BaseValidations.java:109)\n\tat org.vividus.steps.ui.validation.BaseValidations.assertElementExists(BaseValidations.java:108)\n\tat org.vividus.steps.ui.GenericSetContextSteps.lambda$resetAndSetContextToElement$2(GenericSetContextSteps.java:78)\n\tat org.vividus.steps.ui.GenericSetContextSteps.changeContext(GenericSetContextSteps.java:96)\n\tat org.vividus.steps.ui.GenericSetContextSteps.resetAndSetContextToElement(GenericSetContextSteps.java:78)\n2) java.lang.AssertionError: Search context is not set\n\tat org.vividus.ui.context.UiContext.getSearchContext(UiContext.java:66)\n\tat org.vividus.steps.ui.GenericSetVariableSteps.saveContextElementTextToVariable(GenericSetVariableSteps.java:77)\n3) java.lang.AssertionError: Checking if \"#{eval(`${elementText}`.replaceAll(\" Show less\",\"\"))}\" is equal to \"#{eval(`Patient Information Date of Birth #{formatDateTo(${randomCasePatientDOBAPI}, yyyy-MM-dd, MMM dd\\, yyyy)} Age ${randomCasePatientAgeAPI} Years Old Gender ${randomCasePatientGenderAPI} BMI #{substringBefore(${randomCasePatientBMIAPI}, .0)} ${additionalContext} `.replaceAll(\"\\s\\s\",\"\"))}\" [Expected: \"#{eval(`Patient Information Date of Birth #{formatDateTo(${randomCasePatientDOBAPI}, yyyy-MM-dd, MMM dd\\\\, yyyy)} Age ${randomCasePatientAgeAPI} Years Old Gender ${randomCasePatientGenderAPI} BMI #{substringBefore(${randomCasePatientBMIAPI}, .0)} ${additionalContext} `.replaceAll(\\\"\\\\s\\\\s\\\",\\\"\\\"))}\" Actual: was \"#{eval(`${elementText}`.replaceAll(\\\" Show less\\\",\\\"\\\"))}\"]\n\tat org.vividus.steps.VariablesSteps$1.compareValues(VariablesSteps.java:74)\n\tat org.vividus.steps.VariableComparator.compare(VariableComparator.java:50)\n\tat org.vividus.steps.VariablesSteps.compareVariables(VariablesSteps.java:129)\n"},{"outcome": "successful", "value": "org.vividus.visual.screenshot.ScenarioBasedIndexer.resetIndex()"},{"outcome": "successful", "value": "org.vividus.steps.WebUiVividusSetupSteps.afterScenario()"},{"outcome": "successful", "value": "org.vividus.http.CookieStoreProvider.resetScenarioCookies()"},{"outcome": "successful", "value": "org.vividus.steps.WebDriverSetupSteps.afterScenario()"}]}]},"start":1695646345612,"end":1695646347571,"failure": "org.jbehave.core.failures.BeforeOrAfterFailed: Method verifyIfAssertionsPassed (annotated with @AfterScenario in class org.vividus.steps.AssertSteps) failed: org.vividus.softassert.exception.VerificationError: \n1) java.lang.AssertionError: Element to set context is not found by the locator  XPath: '\/\/*[normalize-space(@data-test-id)=\"jnj-case-details-patient-information\"]'; Visibility: VISIBLE;\n\tat org.vividus.steps.ui.validation.BaseValidations.doesOnlyOneElementExist(BaseValidations.java:136)\n\tat org.vividus.steps.ui.validation.BaseValidations.assertElementExistsImpl(BaseValidations.java:126)\n\tat org.vividus.steps.ui.validation.BaseValidations.lambda$assertElementExists$2(BaseValidations.java:109)\n\tat org.vividus.steps.ui.validation.BaseValidations.assertElementExists(BaseValidations.java:108)\n\tat org.vividus.steps.ui.GenericSetContextSteps.lambda$resetAndSetContextToElement$2(GenericSetContextSteps.java:78)\n\tat org.vividus.steps.ui.GenericSetContextSteps.changeContext(GenericSetContextSteps.java:96)\n\tat org.vividus.steps.ui.GenericSetContextSteps.resetAndSetContextToElement(GenericSetContextSteps.java:78)\n2) java.lang.AssertionError: Search context is not set\n\tat org.vividus.ui.context.UiContext.getSearchContext(UiContext.java:66)\n\tat org.vividus.steps.ui.GenericSetVariableSteps.saveContextElementTextToVariable(GenericSetVariableSteps.java:77)\n3) java.lang.AssertionError: Checking if \"#{eval(`${elementText}`.replaceAll(\" Show less\",\"\"))}\" is equal to \"#{eval(`Patient Information Date of Birth #{formatDateTo(${randomCasePatientDOBAPI}, yyyy-MM-dd, MMM dd\\, yyyy)} Age ${randomCasePatientAgeAPI} Years Old Gender ${randomCasePatientGenderAPI} BMI #{substringBefore(${randomCasePatientBMIAPI}, .0)} ${additionalContext} `.replaceAll(\"\\s\\s\",\"\"))}\" [Expected: \"#{eval(`Patient Information Date of Birth #{formatDateTo(${randomCasePatientDOBAPI}, yyyy-MM-dd, MMM dd\\\\, yyyy)} Age ${randomCasePatientAgeAPI} Years Old Gender ${randomCasePatientGenderAPI} BMI #{substringBefore(${randomCasePatientBMIAPI}, .0)} ${additionalContext} `.replaceAll(\\\"\\\\s\\\\s\\\",\\\"\\\"))}\" Actual: was \"#{eval(`${elementText}`.replaceAll(\\\" Show less\\\",\\\"\\\"))}\"]\n\tat org.vividus.steps.VariablesSteps$1.compareValues(VariablesSteps.java:74)\n\tat org.vividus.steps.VariableComparator.compare(VariableComparator.java:50)\n\tat org.vividus.steps.VariablesSteps.compareVariables(VariablesSteps.java:129)\n\n\tat org.jbehave.core.steps.StepCreator$BeforeOrAfterStep.perform(StepCreator.java:703)\n\tat org.jbehave.core.steps.StepCreator$ReportingAbstractStep.perform(StepCreator.java:638)\n\tat org.jbehave.core.steps.StepCreator$DelegatingStep.perform(StepCreator.java:662)\n\tat org.jbehave.core.embedder.PerformableTree$FineSoFar.run(PerformableTree.java:379)\n\tat org.jbehave.core.embedder.PerformableTree$PerformableSteps.perform(PerformableTree.java:1441)\n\tat org.jbehave.core.embedder.PerformableTree$PerformableEntity.performHookSteps(PerformableTree.java:999)\n\tat org.jbehave.core.embedder.PerformableTree$PerformableEntity.performAfterSteps(PerformableTree.java:978)\n\tat org.jbehave.core.embedder.PerformableTree$AbstractPerformableScenario.lambda$performScenario$1(PerformableTree.java:1291)\n\tat org.jbehave.core.embedder.PerformableTree$PerformableEntity.performWithStopExecutionExceptionHandling(PerformableTree.java:967)\n\tat org.jbehave.core.embedder.PerformableTree$AbstractPerformableScenario.performScenario(PerformableTree.java:1276)\n\tat org.jbehave.core.embedder.PerformableTree$ExamplePerformableScenario.perform(PerformableTree.java:1353)\n\tat org.jbehave.core.embedder.PerformableTree$PerformableScenario.perform(PerformableTree.java:1220)\n\tat org.jbehave.core.embedder.PerformableTree$PerformableStory.lambda$perform$0(PerformableTree.java:1090)\n\tat org.jbehave.core.embedder.PerformableTree$PerformableEntity.performWithStopExecutionExceptionHandling(PerformableTree.java:965)\n\tat org.jbehave.core.embedder.PerformableTree$PerformableStory.perform(PerformableTree.java:1082)\n\tat org.jbehave.core.embedder.PerformableTree.performCancellable(PerformableTree.java:521)\n\tat org.jbehave.core.embedder.PerformableTree.perform(PerformableTree.java:488)\n\tat org.jbehave.core.embedder.StoryManager$EnqueuedStory.call(StoryManager.java:305)\n\tat org.jbehave.core.embedder.StoryManager$EnqueuedStory.call(StoryManager.java:278)\n\tat java.base\/java.util.concurrent.FutureTask.run(FutureTask.java:264)\n\tat java.base\/java.util.concurrent.ThreadPoolExecutor.runWorker(ThreadPoolExecutor.java:1136)\n\tat java.base\/java.util.concurrent.ThreadPoolExecutor$Worker.run(ThreadPoolExecutor.java:635)\n\tat java.base\/java.lang.Thread.run(Thread.java:833)\nCaused by: org.vividus.softassert.exception.VerificationError: \n1) java.lang.AssertionError: Element to set context is not found by the locator  XPath: '\/\/*[normalize-space(@data-test-id)=\"jnj-case-details-patient-information\"]'; Visibility: VISIBLE;\n\tat org.vividus.steps.ui.validation.BaseValidations.doesOnlyOneElementExist(BaseValidations.java:136)\n\tat org.vividus.steps.ui.validation.BaseValidations.assertElementExistsImpl(BaseValidations.java:126)\n\tat org.vividus.steps.ui.validation.BaseValidations.lambda$assertElementExists$2(BaseValidations.java:109)\n\tat org.vividus.steps.ui.validation.BaseValidations.assertElementExists(BaseValidations.java:108)\n\tat org.vividus.steps.ui.GenericSetContextSteps.lambda$resetAndSetContextToElement$2(GenericSetContextSteps.java:78)\n\tat org.vividus.steps.ui.GenericSetContextSteps.changeContext(GenericSetContextSteps.java:96)\n\tat org.vividus.steps.ui.GenericSetContextSteps.resetAndSetContextToElement(GenericSetContextSteps.java:78)\n2) java.lang.AssertionError: Search context is not set\n\tat org.vividus.ui.context.UiContext.getSearchContext(UiContext.java:66)\n\tat org.vividus.steps.ui.GenericSetVariableSteps.saveContextElementTextToVariable(GenericSetVariableSteps.java:77)\n3) java.lang.AssertionError: Checking if \"#{eval(`${elementText}`.replaceAll(\" Show less\",\"\"))}\" is equal to \"#{eval(`Patient Information Date of Birth #{formatDateTo(${randomCasePatientDOBAPI}, yyyy-MM-dd, MMM dd\\, yyyy)} Age ${randomCasePatientAgeAPI} Years Old Gender ${randomCasePatientGenderAPI} BMI #{substringBefore(${randomCasePatientBMIAPI}, .0)} ${additionalContext} `.replaceAll(\"\\s\\s\",\"\"))}\" [Expected: \"#{eval(`Patient Information Date of Birth #{formatDateTo(${randomCasePatientDOBAPI}, yyyy-MM-dd, MMM dd\\\\, yyyy)} Age ${randomCasePatientAgeAPI} Years Old Gender ${randomCasePatientGenderAPI} BMI #{substringBefore(${randomCasePatientBMIAPI}, .0)} ${additionalContext} `.replaceAll(\\\"\\\\s\\\\s\\\",\\\"\\\"))}\" Actual: was \"#{eval(`${elementText}`.replaceAll(\\\" Show less\\\",\\\"\\\"))}\"]\n\tat org.vividus.steps.VariablesSteps$1.compareValues(VariablesSteps.java:74)\n\tat org.vividus.steps.VariableComparator.compare(VariableComparator.java:50)\n\tat org.vividus.steps.VariablesSteps.compareVariables(VariablesSteps.java:129)\n\n\tat org.vividus.softassert.SoftAssert.verify(SoftAssert.java:298)\n\tat org.vividus.steps.AssertSteps.verifyIfAssertionsPassed(AssertSteps.java:45)\n\tat jdk.internal.reflect.GeneratedMethodAccessor44.invoke(Unknown Source)\n\tat java.base\/jdk.internal.reflect.DelegatingMethodAccessorImpl.invoke(DelegatingMethodAccessorImpl.java:43)\n\tat java.base\/java.lang.reflect.Method.invoke(Method.java:568)\n\tat org.jbehave.core.steps.StepCreator$MethodInvoker.invoke(StepCreator.java:1087)\n\tat org.jbehave.core.steps.StepCreator$BeforeOrAfterStep.perform(StepCreator.java:699)\n\t... 22 more\n" },{"keyword": "Scenario:", "id": "4f7354e5-fd68-4210-bd5f-ea4abafb4631", "title": "check back button","beforeSystemScenarioSteps": [{"outcome": "successful", "value": "org.vividus.steps.WebDriverSetupSteps.beforeScenario()"}],"beforeUserScenarioSteps": [],"steps": [{"outcome": "successful", "value": "When I reset context"},{"outcome": "successful", "value": "When I click on element located by `caseSensitiveText(Back)`"},{"outcome": "successful", "value": "Then `#{extractPathFromUrl(${current-page-url})}?#{extractQueryFromUrl(${current-page-url})}` is ((equal to)) `\/my-cases?search=all`"}],"afterUserScenarioSteps": [],"afterSystemScenarioSteps": [{"outcome": "failed", "keyword": "FAILED", "value": "org.vividus.steps.AssertSteps.verifyIfAssertionsPassed()", "failure": "org.jbehave.core.failures.BeforeOrAfterFailed: Method verifyIfAssertionsPassed (annotated with @AfterScenario in class org.vividus.steps.AssertSteps) failed: org.vividus.softassert.exception.VerificationError: \n1) java.lang.AssertionError: Element to click is not found by the locator  Case sensitive text: 'Back'; Visibility: VISIBLE;\n\tat org.vividus.steps.ui.validation.BaseValidations.doesOnlyOneElementExist(BaseValidations.java:136)\n\tat org.vividus.steps.ui.validation.BaseValidations.assertElementExistsImpl(BaseValidations.java:126)\n\tat org.vividus.steps.ui.validation.BaseValidations.lambda$assertElementExists$2(BaseValidations.java:109)\n\tat org.vividus.steps.ui.validation.BaseValidations.assertElementExists(BaseValidations.java:108)\n\tat org.vividus.steps.ui.web.ElementSteps.findAndClick(ElementSteps.java:332)\n\tat org.vividus.steps.ui.web.ElementSteps.clickOnElement(ElementSteps.java:322)\n"},{"outcome": "successful", "value": "org.vividus.visual.screenshot.ScenarioBasedIndexer.resetIndex()"},{"outcome": "successful", "value": "org.vividus.steps.WebUiVividusSetupSteps.afterScenario()"},{"outcome": "successful", "value": "org.vividus.http.CookieStoreProvider.resetScenarioCookies()"},{"outcome": "successful", "value": "org.vividus.steps.WebDriverSetupSteps.afterScenario()"}],"start":1695646347572,"end":1695646347968,"failure": "org.jbehave.core.failures.BeforeOrAfterFailed: Method verifyIfAssertionsPassed (annotated with @AfterScenario in class org.vividus.steps.AssertSteps) failed: org.vividus.softassert.exception.VerificationError: \n1) java.lang.AssertionError: Element to click is not found by the locator  Case sensitive text: 'Back'; Visibility: VISIBLE;\n\tat org.vividus.steps.ui.validation.BaseValidations.doesOnlyOneElementExist(BaseValidations.java:136)\n\tat org.vividus.steps.ui.validation.BaseValidations.assertElementExistsImpl(BaseValidations.java:126)\n\tat org.vividus.steps.ui.validation.BaseValidations.lambda$assertElementExists$2(BaseValidations.java:109)\n\tat org.vividus.steps.ui.validation.BaseValidations.assertElementExists(BaseValidations.java:108)\n\tat org.vividus.steps.ui.web.ElementSteps.findAndClick(ElementSteps.java:332)\n\tat org.vividus.steps.ui.web.ElementSteps.clickOnElement(ElementSteps.java:322)\n\n\tat org.jbehave.core.steps.StepCreator$BeforeOrAfterStep.perform(StepCreator.java:703)\n\tat org.jbehave.core.steps.StepCreator$ReportingAbstractStep.perform(StepCreator.java:638)\n\tat org.jbehave.core.steps.StepCreator$DelegatingStep.perform(StepCreator.java:662)\n\tat org.jbehave.core.embedder.PerformableTree$FineSoFar.run(PerformableTree.java:379)\n\tat org.jbehave.core.embedder.PerformableTree$PerformableSteps.perform(PerformableTree.java:1441)\n\tat org.jbehave.core.embedder.PerformableTree$PerformableEntity.performHookSteps(PerformableTree.java:999)\n\tat org.jbehave.core.embedder.PerformableTree$PerformableEntity.performAfterSteps(PerformableTree.java:978)\n\tat org.jbehave.core.embedder.PerformableTree$AbstractPerformableScenario.lambda$performScenario$1(PerformableTree.java:1291)\n\tat org.jbehave.core.embedder.PerformableTree$PerformableEntity.performWithStopExecutionExceptionHandling(PerformableTree.java:967)\n\tat org.jbehave.core.embedder.PerformableTree$AbstractPerformableScenario.performScenario(PerformableTree.java:1276)\n\tat org.jbehave.core.embedder.PerformableTree$NormalPerformableScenario.perform(PerformableTree.java:1332)\n\tat org.jbehave.core.embedder.PerformableTree$PerformableScenario.perform(PerformableTree.java:1225)\n\tat org.jbehave.core.embedder.PerformableTree$PerformableStory.lambda$perform$0(PerformableTree.java:1090)\n\tat org.jbehave.core.embedder.PerformableTree$PerformableEntity.performWithStopExecutionExceptionHandling(PerformableTree.java:965)\n\tat org.jbehave.core.embedder.PerformableTree$PerformableStory.perform(PerformableTree.java:1082)\n\tat org.jbehave.core.embedder.PerformableTree.performCancellable(PerformableTree.java:521)\n\tat org.jbehave.core.embedder.PerformableTree.perform(PerformableTree.java:488)\n\tat org.jbehave.core.embedder.StoryManager$EnqueuedStory.call(StoryManager.java:305)\n\tat org.jbehave.core.embedder.StoryManager$EnqueuedStory.call(StoryManager.java:278)\n\tat java.base\/java.util.concurrent.FutureTask.run(FutureTask.java:264)\n\tat java.base\/java.util.concurrent.ThreadPoolExecutor.runWorker(ThreadPoolExecutor.java:1136)\n\tat java.base\/java.util.concurrent.ThreadPoolExecutor$Worker.run(ThreadPoolExecutor.java:635)\n\tat java.base\/java.lang.Thread.run(Thread.java:833)\nCaused by: org.vividus.softassert.exception.VerificationError: \n1) java.lang.AssertionError: Element to click is not found by the locator  Case sensitive text: 'Back'; Visibility: VISIBLE;\n\tat org.vividus.steps.ui.validation.BaseValidations.doesOnlyOneElementExist(BaseValidations.java:136)\n\tat org.vividus.steps.ui.validation.BaseValidations.assertElementExistsImpl(BaseValidations.java:126)\n\tat org.vividus.steps.ui.validation.BaseValidations.lambda$assertElementExists$2(BaseValidations.java:109)\n\tat org.vividus.steps.ui.validation.BaseValidations.assertElementExists(BaseValidations.java:108)\n\tat org.vividus.steps.ui.web.ElementSteps.findAndClick(ElementSteps.java:332)\n\tat org.vividus.steps.ui.web.ElementSteps.clickOnElement(ElementSteps.java:322)\n\n\tat org.vividus.softassert.SoftAssert.verify(SoftAssert.java:298)\n\tat org.vividus.steps.AssertSteps.verifyIfAssertionsPassed(AssertSteps.java:45)\n\tat jdk.internal.reflect.GeneratedMethodAccessor44.invoke(Unknown Source)\n\tat java.base\/jdk.internal.reflect.DelegatingMethodAccessorImpl.invoke(DelegatingMethodAccessorImpl.java:43)\n\tat java.base\/java.lang.reflect.Method.invoke(Method.java:568)\n\tat org.jbehave.core.steps.StepCreator$MethodInvoker.invoke(StepCreator.java:1087)\n\tat org.jbehave.core.steps.StepCreator$BeforeOrAfterStep.perform(StepCreator.java:699)\n\t... 22 more\n" }],"afterUserStorySteps": [],"afterSystemStorySteps": [{"outcome": "successful", "value": "org.vividus.steps.WebDriverSetupSteps.afterStory()"},{"outcome": "successful", "value": "org.vividus.http.CookieStoreProvider.resetStoryCookies()"}]}