{"id": "4b955d1f-331d-4975-bd7d-f8fb5b93b59d", "path": "file:\/C:\/01.Projects\/05.JAJ-MTDF\/jnj-auto-tests\/output\/resources\/main\/story\/nucleus\/web\/new_case.story", "title": "","meta": [{"keyword": "@", "name": "critical_path", "value": ""},{"keyword": "@", "name": "layout", "value": "desktop"}],"beforeSystemStorySteps": [{"outcome": "successful", "value": "org.vividus.steps.WebDriverSetupSteps.beforeStory()"}],"beforeUserStorySteps": [],"givenStories": {"keyword": "GivenStories:", "givenStories":[{"parameters": "{}", "path": "story\/nucleus\/web\/my_cases.story#{given-1:scenario-1;given-2:scenario-2}"}],"stories": [{"id": "129ea0f3-6179-42f4-9d10-893331af8b3f", "path": "story\/nucleus\/web\/my_cases.story", "title": "","meta": [{"keyword": "@", "name": "critical_path", "value": ""},{"keyword": "@", "name": "layout", "value": "desktop"}],"beforeSystemStorySteps": [],"beforeUserStorySteps": [],"givenStories": {"keyword": "GivenStories:", "givenStories":[{"parameters": "", "path": "story\/nucleus\/web\/open_app.story"}],"stories": [{"id": "df7bee3f-d6fb-4991-aa85-876dbdb630bb", "path": "story\/nucleus\/web\/open_app.story", "title": "","meta": [{"keyword": "@", "name": "critical_path", "value": ""},{"keyword": "@", "name": "layout", "value": "desktop"},{"keyword": "@", "name": "smoke", "value": ""}],"beforeSystemStorySteps": [],"beforeUserStorySteps": [],"scenarios": [{"keyword": "Scenario:", "id": "845cd7c2-122f-4165-aac1-7d50ed8b6b67", "title": "open main application page","beforeSystemScenarioSteps": [{"outcome": "successful", "value": "org.vividus.steps.WebDriverSetupSteps.beforeScenario()"}],"beforeUserScenarioSteps": [],"steps": [{"outcome": "failed", "keyword": "FAILED", "value": "Given I am on main application page", "failure": "org.openqa.selenium.SessionNotCreatedException: Could not start a new session. Possible causes are invalid address of the remote server or browser start-up failure. \nHost info: host: 'EPBYMINW1281', ip: '192.168.1.29'\nBuild info: version: '4.10.0', revision: 'c14d967899'\nSystem info: os.name: 'Windows 10', os.arch: 'amd64', os.version: '10.0', java.version: '17.0.2'\nDriver info: org.openqa.selenium.remote.RemoteWebDriver\nCommand: [null, newSession {capabilities=[Capabilities {browserName: chrome, goog:chromeOptions: {args: [--remote-allow-origins=*], extensions: []}, platformName: linux}]}]\nCapabilities {browserName: chrome, goog:chromeOptions: {args: [--remote-allow-origins=*], extensions: []}, platformName: linux}"},{"outcome": "notPerformed", "keyword": "NOT PERFORMED", "value": "When I change window size to `${resolution}`"}],"afterUserScenarioSteps": [],"afterSystemScenarioSteps": [{"outcome": "successful", "value": "org.vividus.steps.AssertSteps.verifyIfAssertionsPassed()"},{"outcome": "successful", "value": "org.vividus.visual.screenshot.ScenarioBasedIndexer.resetIndex()"},{"outcome": "successful", "value": "org.vividus.steps.WebUiVividusSetupSteps.afterScenario()"},{"outcome": "successful", "value": "org.vividus.http.CookieStoreProvider.resetScenarioCookies()"},{"outcome": "successful", "value": "org.vividus.steps.WebDriverSetupSteps.afterScenario()"}],"start":1692612048954,"end":1692612049056,"failure": "org.openqa.selenium.SessionNotCreatedException: Could not start a new session. Possible causes are invalid address of the remote server or browser start-up failure. \nHost info: host: 'EPBYMINW1281', ip: '192.168.1.29'\nBuild info: version: '4.10.0', revision: 'c14d967899'\nSystem info: os.name: 'Windows 10', os.arch: 'amd64', os.version: '10.0', java.version: '17.0.2'\nDriver info: org.openqa.selenium.remote.RemoteWebDriver\nCommand: [null, newSession {capabilities=[Capabilities {browserName: chrome, goog:chromeOptions: {args: [--remote-allow-origins=*], extensions: []}, platformName: linux}]}]\nCapabilities {browserName: chrome, goog:chromeOptions: {args: [--remote-allow-origins=*], extensions: []}, platformName: linux}\n\tat org.openqa.selenium.remote.RemoteWebDriver.execute(RemoteWebDriver.java:549)\n\tat org.openqa.selenium.remote.RemoteWebDriver.startSession(RemoteWebDriver.java:227)\n\tat org.openqa.selenium.remote.RemoteWebDriver.<init>(RemoteWebDriver.java:154)\n\tat org.openqa.selenium.remote.RemoteWebDriver.<init>(RemoteWebDriver.java:134)\n\tat org.vividus.selenium.RemoteWebDriverFactory.createRemoteWebDriver(RemoteWebDriverFactory.java:93)\n\tat org.vividus.selenium.RemoteWebDriverFactory.getRemoteWebDriver(RemoteWebDriverFactory.java:55)\n\tat org.vividus.selenium.AbstractWebDriverFactory.lambda$getRemoteWebDriver$3(AbstractWebDriverFactory.java:104)\n\tat org.vividus.selenium.AbstractWebDriverFactory.createWebDriver(AbstractWebDriverFactory.java:111)\n\tat org.vividus.selenium.AbstractWebDriverFactory.getRemoteWebDriver(AbstractWebDriverFactory.java:104)\n\tat org.vividus.selenium.VividusWebDriverFactory.createWebDriver(VividusWebDriverFactory.java:49)\n\tat org.vividus.selenium.AbstractVividusWebDriverFactory.create(AbstractVividusWebDriverFactory.java:56)\n\tat org.vividus.selenium.WebDriverProvider.get(WebDriverProvider.java:56)\n\tat org.vividus.ui.web.action.NavigateActions.getWebDriver(NavigateActions.java:116)\n\tat org.vividus.ui.web.action.NavigateActions.navigateTo(NavigateActions.java:45)\n\tat org.vividus.ui.web.action.NavigateActions.navigateTo(NavigateActions.java:56)\n\tat org.vividus.steps.ui.web.PageSteps.navigateTo(PageSteps.java:365)\n\tat org.vividus.steps.ui.web.PageSteps.openMainApplicationPage(PageSteps.java:90)\n\tat java.base\/jdk.internal.reflect.NativeMethodAccessorImpl.invoke0(Native Method)\n\tat java.base\/jdk.internal.reflect.NativeMethodAccessorImpl.invoke(NativeMethodAccessorImpl.java:77)\n\tat java.base\/jdk.internal.reflect.DelegatingMethodAccessorImpl.invoke(DelegatingMethodAccessorImpl.java:43)\n\tat java.base\/java.lang.reflect.Method.invoke(Method.java:568)\n\tat org.jbehave.core.steps.StepCreator$ParametrisedStep.perform(StepCreator.java:894)\n\tat org.jbehave.core.steps.StepCreator$ReportingAbstractStep.perform(StepCreator.java:638)\n\tat org.jbehave.core.embedder.PerformableTree$FineSoFar.run(PerformableTree.java:379)\n\tat org.jbehave.core.embedder.PerformableTree$PerformableSteps.perform(PerformableTree.java:1441)\n\tat org.jbehave.core.embedder.PerformableTree$AbstractPerformableScenario.lambda$performScenario$0(PerformableTree.java:1283)\n\tat org.jbehave.core.embedder.PerformableTree$PerformableEntity.performWithStopExecutionExceptionHandling(PerformableTree.java:965)\n\tat org.jbehave.core.embedder.PerformableTree$AbstractPerformableScenario.performScenario(PerformableTree.java:1276)\n\tat org.jbehave.core.embedder.PerformableTree$NormalPerformableScenario.perform(PerformableTree.java:1332)\n\tat org.jbehave.core.embedder.PerformableTree$PerformableScenario.perform(PerformableTree.java:1225)\n\tat org.jbehave.core.embedder.PerformableTree$PerformableStory.lambda$perform$0(PerformableTree.java:1090)\n\tat org.jbehave.core.embedder.PerformableTree$PerformableEntity.performWithStopExecutionExceptionHandling(PerformableTree.java:965)\n\tat org.jbehave.core.embedder.PerformableTree$PerformableStory.perform(PerformableTree.java:1082)\n\tat org.jbehave.core.embedder.PerformableTree$PerformableGivenStories.perform(PerformableTree.java:1384)\n\tat org.jbehave.core.embedder.PerformableTree$PerformableStory.perform(PerformableTree.java:1080)\n\tat org.jbehave.core.embedder.PerformableTree$PerformableGivenStories.perform(PerformableTree.java:1384)\n\tat org.jbehave.core.embedder.PerformableTree$PerformableStory.perform(PerformableTree.java:1080)\n\tat org.jbehave.core.embedder.PerformableTree.performCancellable(PerformableTree.java:521)\n\tat org.jbehave.core.embedder.PerformableTree.perform(PerformableTree.java:488)\n\tat org.jbehave.core.embedder.StoryManager$EnqueuedStory.call(StoryManager.java:305)\n\tat org.jbehave.core.embedder.StoryManager$EnqueuedStory.call(StoryManager.java:278)\n\tat java.base\/java.util.concurrent.FutureTask.run(FutureTask.java:264)\n\tat java.base\/java.util.concurrent.ThreadPoolExecutor.runWorker(ThreadPoolExecutor.java:1136)\n\tat java.base\/java.util.concurrent.ThreadPoolExecutor$Worker.run(ThreadPoolExecutor.java:635)\n\tat java.base\/java.lang.Thread.run(Thread.java:833)\nCaused by: java.io.UncheckedIOException: java.net.ConnectException: Connection refused: no further information: localhost\/[0:0:0:0:0:0:0:1]:4444\n\tat org.openqa.selenium.remote.http.netty.NettyHttpHandler.makeCall(NettyHttpHandler.java:73)\n\tat org.openqa.selenium.remote.http.AddSeleniumUserAgent.lambda$apply$0(AddSeleniumUserAgent.java:42)\n\tat org.openqa.selenium.remote.http.Filter.lambda$andFinally$1(Filter.java:55)\n\tat org.openqa.selenium.remote.http.netty.NettyHttpHandler.execute(NettyHttpHandler.java:48)\n\tat org.openqa.selenium.remote.http.AddSeleniumUserAgent.lambda$apply$0(AddSeleniumUserAgent.java:42)\n\tat org.openqa.selenium.remote.http.Filter.lambda$andFinally$1(Filter.java:55)\n\tat org.openqa.selenium.remote.http.netty.NettyClient.execute(NettyClient.java:97)\n\tat org.openqa.selenium.remote.tracing.TracedHttpClient.execute(TracedHttpClient.java:54)\n\tat org.openqa.selenium.remote.ProtocolHandshake.createSession(ProtocolHandshake.java:115)\n\tat org.openqa.selenium.remote.ProtocolHandshake.createSession(ProtocolHandshake.java:96)\n\tat org.openqa.selenium.remote.ProtocolHandshake.createSession(ProtocolHandshake.java:68)\n\tat org.openqa.selenium.remote.HttpCommandExecutor.execute(HttpCommandExecutor.java:163)\n\tat org.openqa.selenium.remote.TracedCommandExecutor.execute(TracedCommandExecutor.java:51)\n\tat org.openqa.selenium.remote.RemoteWebDriver.execute(RemoteWebDriver.java:531)\n\t... 44 more\nCaused by: java.net.ConnectException: Connection refused: no further information: localhost\/[0:0:0:0:0:0:0:1]:4444\n\tat org.asynchttpclient.netty.channel.NettyConnectListener.onFailure(NettyConnectListener.java:179)\n\tat org.asynchttpclient.netty.channel.NettyChannelConnector$1.onFailure(NettyChannelConnector.java:108)\n\tat org.asynchttpclient.netty.SimpleChannelFutureListener.operationComplete(SimpleChannelFutureListener.java:28)\n\tat org.asynchttpclient.netty.SimpleChannelFutureListener.operationComplete(SimpleChannelFutureListener.java:20)\n\tat io.netty.util.concurrent.DefaultPromise.notifyListener0(DefaultPromise.java:590)\n\tat io.netty.util.concurrent.DefaultPromise.notifyListeners0(DefaultPromise.java:583)\n\tat io.netty.util.concurrent.DefaultPromise.notifyListenersNow(DefaultPromise.java:559)\n\tat io.netty.util.concurrent.DefaultPromise.notifyListeners(DefaultPromise.java:492)\n\tat io.netty.util.concurrent.DefaultPromise.setValue0(DefaultPromise.java:636)\n\tat io.netty.util.concurrent.DefaultPromise.setFailure0(DefaultPromise.java:629)\n\tat io.netty.util.concurrent.DefaultPromise.tryFailure(DefaultPromise.java:118)\n\tat io.netty.channel.nio.AbstractNioChannel$AbstractNioUnsafe.fulfillConnectPromise(AbstractNioChannel.java:321)\n\tat io.netty.channel.nio.AbstractNioChannel$AbstractNioUnsafe.finishConnect(AbstractNioChannel.java:337)\n\tat io.netty.channel.nio.NioEventLoop.processSelectedKey(NioEventLoop.java:776)\n\tat io.netty.channel.nio.NioEventLoop.processSelectedKeysOptimized(NioEventLoop.java:724)\n\tat io.netty.channel.nio.NioEventLoop.processSelectedKeys(NioEventLoop.java:650)\n\tat io.netty.channel.nio.NioEventLoop.run(NioEventLoop.java:562)\n\tat io.netty.util.concurrent.SingleThreadEventExecutor$4.run(SingleThreadEventExecutor.java:997)\n\tat io.netty.util.internal.ThreadExecutorMap$2.run(ThreadExecutorMap.java:74)\n\tat io.netty.util.concurrent.FastThreadLocalRunnable.run(FastThreadLocalRunnable.java:30)\n\t... 1 more\nCaused by: io.netty.channel.AbstractChannel$AnnotatedConnectException: Connection refused: no further information: localhost\/[0:0:0:0:0:0:0:1]:4444\nCaused by: java.net.ConnectException: Connection refused: no further information\n\tat java.base\/sun.nio.ch.Net.pollConnect(Native Method)\n\tat java.base\/sun.nio.ch.Net.pollConnectNow(Net.java:672)\n\tat java.base\/sun.nio.ch.SocketChannelImpl.finishConnect(SocketChannelImpl.java:946)\n\tat io.netty.channel.socket.nio.NioSocketChannel.doFinishConnect(NioSocketChannel.java:337)\n\tat io.netty.channel.nio.AbstractNioChannel$AbstractNioUnsafe.finishConnect(AbstractNioChannel.java:334)\n\tat io.netty.channel.nio.NioEventLoop.processSelectedKey(NioEventLoop.java:776)\n\tat io.netty.channel.nio.NioEventLoop.processSelectedKeysOptimized(NioEventLoop.java:724)\n\tat io.netty.channel.nio.NioEventLoop.processSelectedKeys(NioEventLoop.java:650)\n\tat io.netty.channel.nio.NioEventLoop.run(NioEventLoop.java:562)\n\tat io.netty.util.concurrent.SingleThreadEventExecutor$4.run(SingleThreadEventExecutor.java:997)\n\tat io.netty.util.internal.ThreadExecutorMap$2.run(ThreadExecutorMap.java:74)\n\tat io.netty.util.concurrent.FastThreadLocalRunnable.run(FastThreadLocalRunnable.java:30)\n\tat java.base\/java.lang.Thread.run(Thread.java:833)\n" }],"afterUserStorySteps": [],"afterSystemStorySteps": []}]},"scenarios": [{"keyword": "Scenario:", "id": "f48c9fe0-eef4-4125-9e0b-5f9f2f7c43cf", "title": "open my cases page","meta": [{"keyword": "@", "name": "given-1", "value": "scenario-1"},{"keyword": "@", "name": "testCaseId", "value": "NUC-337"}],"beforeSystemScenarioSteps": [{"outcome": "successful", "value": "org.vividus.steps.WebDriverSetupSteps.beforeScenario()"}],"beforeUserScenarioSteps": [],"steps": [{"outcome": "failed", "keyword": "FAILED", "value": "When I go to relative URL `\/my-cases`", "failure": "org.openqa.selenium.SessionNotCreatedException: Could not start a new session. Possible causes are invalid address of the remote server or browser start-up failure. \nHost info: host: 'EPBYMINW1281', ip: '192.168.1.29'\nBuild info: version: '4.10.0', revision: 'c14d967899'\nSystem info: os.name: 'Windows 10', os.arch: 'amd64', os.version: '10.0', java.version: '17.0.2'\nDriver info: org.openqa.selenium.remote.RemoteWebDriver\nCommand: [null, newSession {capabilities=[Capabilities {browserName: chrome, goog:chromeOptions: {args: [--remote-allow-origins=*], extensions: []}, platformName: linux}]}]\nCapabilities {browserName: chrome, goog:chromeOptions: {args: [--remote-allow-origins=*], extensions: []}, platformName: linux}"},{"outcome": "notPerformed", "keyword": "NOT PERFORMED", "value": "When I wait until element located by `caseSensitiveText(There are no cases at the moment.)` appears"}],"afterUserScenarioSteps": [],"afterSystemScenarioSteps": [{"outcome": "successful", "value": "org.vividus.steps.AssertSteps.verifyIfAssertionsPassed()"},{"outcome": "successful", "value": "org.vividus.visual.screenshot.ScenarioBasedIndexer.resetIndex()"},{"outcome": "successful", "value": "org.vividus.steps.WebUiVividusSetupSteps.afterScenario()"},{"outcome": "successful", "value": "org.vividus.http.CookieStoreProvider.resetScenarioCookies()"},{"outcome": "successful", "value": "org.vividus.steps.WebDriverSetupSteps.afterScenario()"}],"start":1692612049062,"end":1692612049097,"failure": "org.openqa.selenium.SessionNotCreatedException: Could not start a new session. Possible causes are invalid address of the remote server or browser start-up failure. \nHost info: host: 'EPBYMINW1281', ip: '192.168.1.29'\nBuild info: version: '4.10.0', revision: 'c14d967899'\nSystem info: os.name: 'Windows 10', os.arch: 'amd64', os.version: '10.0', java.version: '17.0.2'\nDriver info: org.openqa.selenium.remote.RemoteWebDriver\nCommand: [null, newSession {capabilities=[Capabilities {browserName: chrome, goog:chromeOptions: {args: [--remote-allow-origins=*], extensions: []}, platformName: linux}]}]\nCapabilities {browserName: chrome, goog:chromeOptions: {args: [--remote-allow-origins=*], extensions: []}, platformName: linux}\n\tat org.openqa.selenium.remote.RemoteWebDriver.execute(RemoteWebDriver.java:549)\n\tat org.openqa.selenium.remote.RemoteWebDriver.startSession(RemoteWebDriver.java:227)\n\tat org.openqa.selenium.remote.RemoteWebDriver.<init>(RemoteWebDriver.java:154)\n\tat org.openqa.selenium.remote.RemoteWebDriver.<init>(RemoteWebDriver.java:134)\n\tat org.vividus.selenium.RemoteWebDriverFactory.createRemoteWebDriver(RemoteWebDriverFactory.java:93)\n\tat org.vividus.selenium.RemoteWebDriverFactory.getRemoteWebDriver(RemoteWebDriverFactory.java:55)\n\tat org.vividus.selenium.AbstractWebDriverFactory.lambda$getRemoteWebDriver$3(AbstractWebDriverFactory.java:104)\n\tat org.vividus.selenium.AbstractWebDriverFactory.createWebDriver(AbstractWebDriverFactory.java:111)\n\tat org.vividus.selenium.AbstractWebDriverFactory.getRemoteWebDriver(AbstractWebDriverFactory.java:104)\n\tat org.vividus.selenium.VividusWebDriverFactory.createWebDriver(VividusWebDriverFactory.java:49)\n\tat org.vividus.selenium.AbstractVividusWebDriverFactory.create(AbstractVividusWebDriverFactory.java:56)\n\tat org.vividus.selenium.WebDriverProvider.get(WebDriverProvider.java:56)\n\tat org.vividus.ui.web.action.FrameActions.getSwitcher(FrameActions.java:84)\n\tat org.vividus.ui.web.action.FrameActions.switchToRoot(FrameActions.java:49)\n\tat org.vividus.steps.ui.web.SetContextSteps.switchingToDefault(SetContextSteps.java:82)\n\tat org.vividus.steps.ui.web.PageSteps.openRelativeUrl(PageSteps.java:283)\n\tat java.base\/jdk.internal.reflect.NativeMethodAccessorImpl.invoke0(Native Method)\n\tat java.base\/jdk.internal.reflect.NativeMethodAccessorImpl.invoke(NativeMethodAccessorImpl.java:77)\n\tat java.base\/jdk.internal.reflect.DelegatingMethodAccessorImpl.invoke(DelegatingMethodAccessorImpl.java:43)\n\tat java.base\/java.lang.reflect.Method.invoke(Method.java:568)\n\tat org.jbehave.core.steps.StepCreator$ParametrisedStep.perform(StepCreator.java:894)\n\tat org.jbehave.core.steps.StepCreator$ReportingAbstractStep.perform(StepCreator.java:638)\n\tat org.jbehave.core.embedder.PerformableTree$FineSoFar.run(PerformableTree.java:379)\n\tat org.jbehave.core.embedder.PerformableTree$PerformableSteps.perform(PerformableTree.java:1441)\n\tat org.jbehave.core.embedder.PerformableTree$AbstractPerformableScenario.lambda$performScenario$0(PerformableTree.java:1283)\n\tat org.jbehave.core.embedder.PerformableTree$PerformableEntity.performWithStopExecutionExceptionHandling(PerformableTree.java:965)\n\tat org.jbehave.core.embedder.PerformableTree$AbstractPerformableScenario.performScenario(PerformableTree.java:1276)\n\tat org.jbehave.core.embedder.PerformableTree$NormalPerformableScenario.perform(PerformableTree.java:1332)\n\tat org.jbehave.core.embedder.PerformableTree$PerformableScenario.perform(PerformableTree.java:1225)\n\tat org.jbehave.core.embedder.PerformableTree$PerformableStory.lambda$perform$0(PerformableTree.java:1090)\n\tat org.jbehave.core.embedder.PerformableTree$PerformableEntity.performWithStopExecutionExceptionHandling(PerformableTree.java:965)\n\tat org.jbehave.core.embedder.PerformableTree$PerformableStory.perform(PerformableTree.java:1082)\n\tat org.jbehave.core.embedder.PerformableTree$PerformableGivenStories.perform(PerformableTree.java:1384)\n\tat org.jbehave.core.embedder.PerformableTree$PerformableStory.perform(PerformableTree.java:1080)\n\tat org.jbehave.core.embedder.PerformableTree.performCancellable(PerformableTree.java:521)\n\tat org.jbehave.core.embedder.PerformableTree.perform(PerformableTree.java:488)\n\tat org.jbehave.core.embedder.StoryManager$EnqueuedStory.call(StoryManager.java:305)\n\tat org.jbehave.core.embedder.StoryManager$EnqueuedStory.call(StoryManager.java:278)\n\tat java.base\/java.util.concurrent.FutureTask.run(FutureTask.java:264)\n\tat java.base\/java.util.concurrent.ThreadPoolExecutor.runWorker(ThreadPoolExecutor.java:1136)\n\tat java.base\/java.util.concurrent.ThreadPoolExecutor$Worker.run(ThreadPoolExecutor.java:635)\n\tat java.base\/java.lang.Thread.run(Thread.java:833)\nCaused by: java.io.UncheckedIOException: java.net.ConnectException: Connection refused: no further information: localhost\/[0:0:0:0:0:0:0:1]:4444\n\tat org.openqa.selenium.remote.http.netty.NettyHttpHandler.makeCall(NettyHttpHandler.java:73)\n\tat org.openqa.selenium.remote.http.AddSeleniumUserAgent.lambda$apply$0(AddSeleniumUserAgent.java:42)\n\tat org.openqa.selenium.remote.http.Filter.lambda$andFinally$1(Filter.java:55)\n\tat org.openqa.selenium.remote.http.netty.NettyHttpHandler.execute(NettyHttpHandler.java:48)\n\tat org.openqa.selenium.remote.http.AddSeleniumUserAgent.lambda$apply$0(AddSeleniumUserAgent.java:42)\n\tat org.openqa.selenium.remote.http.Filter.lambda$andFinally$1(Filter.java:55)\n\tat org.openqa.selenium.remote.http.netty.NettyClient.execute(NettyClient.java:97)\n\tat org.openqa.selenium.remote.tracing.TracedHttpClient.execute(TracedHttpClient.java:54)\n\tat org.openqa.selenium.remote.ProtocolHandshake.createSession(ProtocolHandshake.java:115)\n\tat org.openqa.selenium.remote.ProtocolHandshake.createSession(ProtocolHandshake.java:96)\n\tat org.openqa.selenium.remote.ProtocolHandshake.createSession(ProtocolHandshake.java:68)\n\tat org.openqa.selenium.remote.HttpCommandExecutor.execute(HttpCommandExecutor.java:163)\n\tat org.openqa.selenium.remote.TracedCommandExecutor.execute(TracedCommandExecutor.java:51)\n\tat org.openqa.selenium.remote.RemoteWebDriver.execute(RemoteWebDriver.java:531)\n\t... 41 more\nCaused by: java.net.ConnectException: Connection refused: no further information: localhost\/[0:0:0:0:0:0:0:1]:4444\n\tat org.asynchttpclient.netty.channel.NettyConnectListener.onFailure(NettyConnectListener.java:179)\n\tat org.asynchttpclient.netty.channel.NettyChannelConnector$1.onFailure(NettyChannelConnector.java:108)\n\tat org.asynchttpclient.netty.SimpleChannelFutureListener.operationComplete(SimpleChannelFutureListener.java:28)\n\tat org.asynchttpclient.netty.SimpleChannelFutureListener.operationComplete(SimpleChannelFutureListener.java:20)\n\tat io.netty.util.concurrent.DefaultPromise.notifyListener0(DefaultPromise.java:590)\n\tat io.netty.util.concurrent.DefaultPromise.notifyListeners0(DefaultPromise.java:583)\n\tat io.netty.util.concurrent.DefaultPromise.notifyListenersNow(DefaultPromise.java:559)\n\tat io.netty.util.concurrent.DefaultPromise.notifyListeners(DefaultPromise.java:492)\n\tat io.netty.util.concurrent.DefaultPromise.setValue0(DefaultPromise.java:636)\n\tat io.netty.util.concurrent.DefaultPromise.setFailure0(DefaultPromise.java:629)\n\tat io.netty.util.concurrent.DefaultPromise.tryFailure(DefaultPromise.java:118)\n\tat io.netty.channel.nio.AbstractNioChannel$AbstractNioUnsafe.fulfillConnectPromise(AbstractNioChannel.java:321)\n\tat io.netty.channel.nio.AbstractNioChannel$AbstractNioUnsafe.finishConnect(AbstractNioChannel.java:337)\n\tat io.netty.channel.nio.NioEventLoop.processSelectedKey(NioEventLoop.java:776)\n\tat io.netty.channel.nio.NioEventLoop.processSelectedKeysOptimized(NioEventLoop.java:724)\n\tat io.netty.channel.nio.NioEventLoop.processSelectedKeys(NioEventLoop.java:650)\n\tat io.netty.channel.nio.NioEventLoop.run(NioEventLoop.java:562)\n\tat io.netty.util.concurrent.SingleThreadEventExecutor$4.run(SingleThreadEventExecutor.java:997)\n\tat io.netty.util.internal.ThreadExecutorMap$2.run(ThreadExecutorMap.java:74)\n\tat io.netty.util.concurrent.FastThreadLocalRunnable.run(FastThreadLocalRunnable.java:30)\n\t... 1 more\nCaused by: io.netty.channel.AbstractChannel$AnnotatedConnectException: Connection refused: no further information: localhost\/[0:0:0:0:0:0:0:1]:4444\nCaused by: java.net.ConnectException: Connection refused: no further information\n\tat java.base\/sun.nio.ch.Net.pollConnect(Native Method)\n\tat java.base\/sun.nio.ch.Net.pollConnectNow(Net.java:672)\n\tat java.base\/sun.nio.ch.SocketChannelImpl.finishConnect(SocketChannelImpl.java:946)\n\tat io.netty.channel.socket.nio.NioSocketChannel.doFinishConnect(NioSocketChannel.java:337)\n\tat io.netty.channel.nio.AbstractNioChannel$AbstractNioUnsafe.finishConnect(AbstractNioChannel.java:334)\n\tat io.netty.channel.nio.NioEventLoop.processSelectedKey(NioEventLoop.java:776)\n\tat io.netty.channel.nio.NioEventLoop.processSelectedKeysOptimized(NioEventLoop.java:724)\n\tat io.netty.channel.nio.NioEventLoop.processSelectedKeys(NioEventLoop.java:650)\n\tat io.netty.channel.nio.NioEventLoop.run(NioEventLoop.java:562)\n\tat io.netty.util.concurrent.SingleThreadEventExecutor$4.run(SingleThreadEventExecutor.java:997)\n\tat io.netty.util.internal.ThreadExecutorMap$2.run(ThreadExecutorMap.java:74)\n\tat io.netty.util.concurrent.FastThreadLocalRunnable.run(FastThreadLocalRunnable.java:30)\n\tat java.base\/java.lang.Thread.run(Thread.java:833)\n" },{"keyword": "Scenario:", "id": "676f4a79-6ab3-400e-98eb-c8017b9f0943", "title": "check create new case button","meta": [{"keyword": "@", "name": "given-2", "value": "scenario-2"},{"keyword": "@", "name": "testCaseId", "value": "NUC-337"}],"beforeSystemScenarioSteps": [{"outcome": "successful", "value": "org.vividus.steps.WebDriverSetupSteps.beforeScenario()"}],"beforeUserScenarioSteps": [],"steps": [{"outcome": "successful", "value": "When I click on element located by `tagName(button)->filter.textPart(Create New Case)`"},{"outcome": "successful", "value": "When I wait until element located by `caseSensitiveText(Select Case Type)` appears"},{"outcome": "successful", "value": "Then `#{extractPathFromUrl(${current-page-url})}` is ((equal to)) `\/new-case`"}],"afterUserScenarioSteps": [],"afterSystemScenarioSteps": [{"outcome": "failed", "keyword": "FAILED", "value": "org.vividus.steps.AssertSteps.verifyIfAssertionsPassed()", "failure": "org.jbehave.core.failures.BeforeOrAfterFailed: Method verifyIfAssertionsPassed (annotated with @AfterScenario in class org.vividus.steps.AssertSteps) failed: org.vividus.softassert.exception.VerificationError: \r\n1) java.lang.AssertionError: Search context is not set\r\n\tat org.vividus.ui.context.UiContext.getSearchContext(UiContext.java:66)\r\n\tat org.vividus.ui.context.UiContext.getOptionalSearchContext(UiContext.java:49)\r\n\tat org.vividus.steps.ui.validation.BaseValidations.assertElementExists(BaseValidations.java:108)\r\n\tat org.vividus.steps.ui.web.ElementSteps.findAndClick(ElementSteps.java:332)\r\n\tat org.vividus.steps.ui.web.ElementSteps.clickOnElement(ElementSteps.java:322)\r\n2) java.lang.AssertionError: The input value to pass to the wait condition [The object is null]\r\n\tat org.vividus.ui.action.WaitActions.wait(WaitActions.java:109)\r\n\tat org.vividus.ui.action.WaitActions.wait(WaitActions.java:50)\r\n\tat org.vividus.ui.action.WaitActions.wait(WaitActions.java:44)\r\n\tat org.vividus.steps.ui.GenericWaitSteps.waitForCondition(GenericWaitSteps.java:292)\r\n\tat org.vividus.steps.ui.GenericWaitSteps.waitForConditionValidatingVisibility(GenericWaitSteps.java:102)\r\n\tat org.vividus.steps.ui.GenericWaitSteps.waitForElementAppearance(GenericWaitSteps.java:81)\r\n3) java.lang.AssertionError: Checking if \"#{extractPathFromUrl(${current-page-url})}\" is equal to \"\/new-case\" [Expected: \"\/new-case\" Actual: was \"#{extractPathFromUrl(${current-page-url})}\"]\r\n\tat org.vividus.steps.VariablesSteps$1.compareValues(VariablesSteps.java:74)\r\n\tat org.vividus.steps.VariableComparator.compare(VariableComparator.java:50)\r\n\tat org.vividus.steps.VariablesSteps.compareVariables(VariablesSteps.java:129)\r\n"},{"outcome": "successful", "value": "org.vividus.visual.screenshot.ScenarioBasedIndexer.resetIndex()"},{"outcome": "successful", "value": "org.vividus.steps.WebUiVividusSetupSteps.afterScenario()"},{"outcome": "successful", "value": "org.vividus.http.CookieStoreProvider.resetScenarioCookies()"},{"outcome": "successful", "value": "org.vividus.steps.WebDriverSetupSteps.afterScenario()"}],"start":1692612049102,"end":1692612049124,"failure": "org.jbehave.core.failures.BeforeOrAfterFailed: Method verifyIfAssertionsPassed (annotated with @AfterScenario in class org.vividus.steps.AssertSteps) failed: org.vividus.softassert.exception.VerificationError: \n1) java.lang.AssertionError: Search context is not set\n\tat org.vividus.ui.context.UiContext.getSearchContext(UiContext.java:66)\n\tat org.vividus.ui.context.UiContext.getOptionalSearchContext(UiContext.java:49)\n\tat org.vividus.steps.ui.validation.BaseValidations.assertElementExists(BaseValidations.java:108)\n\tat org.vividus.steps.ui.web.ElementSteps.findAndClick(ElementSteps.java:332)\n\tat org.vividus.steps.ui.web.ElementSteps.clickOnElement(ElementSteps.java:322)\n2) java.lang.AssertionError: The input value to pass to the wait condition [The object is null]\n\tat org.vividus.ui.action.WaitActions.wait(WaitActions.java:109)\n\tat org.vividus.ui.action.WaitActions.wait(WaitActions.java:50)\n\tat org.vividus.ui.action.WaitActions.wait(WaitActions.java:44)\n\tat org.vividus.steps.ui.GenericWaitSteps.waitForCondition(GenericWaitSteps.java:292)\n\tat org.vividus.steps.ui.GenericWaitSteps.waitForConditionValidatingVisibility(GenericWaitSteps.java:102)\n\tat org.vividus.steps.ui.GenericWaitSteps.waitForElementAppearance(GenericWaitSteps.java:81)\n3) java.lang.AssertionError: Checking if \"#{extractPathFromUrl(${current-page-url})}\" is equal to \"\/new-case\" [Expected: \"\/new-case\" Actual: was \"#{extractPathFromUrl(${current-page-url})}\"]\n\tat org.vividus.steps.VariablesSteps$1.compareValues(VariablesSteps.java:74)\n\tat org.vividus.steps.VariableComparator.compare(VariableComparator.java:50)\n\tat org.vividus.steps.VariablesSteps.compareVariables(VariablesSteps.java:129)\n\n\tat org.jbehave.core.steps.StepCreator$BeforeOrAfterStep.perform(StepCreator.java:703)\n\tat org.jbehave.core.steps.StepCreator$ReportingAbstractStep.perform(StepCreator.java:638)\n\tat org.jbehave.core.steps.StepCreator$DelegatingStep.perform(StepCreator.java:662)\n\tat org.jbehave.core.embedder.PerformableTree$FineSoFar.run(PerformableTree.java:379)\n\tat org.jbehave.core.embedder.PerformableTree$PerformableSteps.perform(PerformableTree.java:1441)\n\tat org.jbehave.core.embedder.PerformableTree$PerformableEntity.performHookSteps(PerformableTree.java:999)\n\tat org.jbehave.core.embedder.PerformableTree$PerformableEntity.performAfterSteps(PerformableTree.java:978)\n\tat org.jbehave.core.embedder.PerformableTree$AbstractPerformableScenario.lambda$performScenario$1(PerformableTree.java:1291)\n\tat org.jbehave.core.embedder.PerformableTree$PerformableEntity.performWithStopExecutionExceptionHandling(PerformableTree.java:967)\n\tat org.jbehave.core.embedder.PerformableTree$AbstractPerformableScenario.performScenario(PerformableTree.java:1276)\n\tat org.jbehave.core.embedder.PerformableTree$NormalPerformableScenario.perform(PerformableTree.java:1332)\n\tat org.jbehave.core.embedder.PerformableTree$PerformableScenario.perform(PerformableTree.java:1225)\n\tat org.jbehave.core.embedder.PerformableTree$PerformableStory.lambda$perform$0(PerformableTree.java:1090)\n\tat org.jbehave.core.embedder.PerformableTree$PerformableEntity.performWithStopExecutionExceptionHandling(PerformableTree.java:965)\n\tat org.jbehave.core.embedder.PerformableTree$PerformableStory.perform(PerformableTree.java:1082)\n\tat org.jbehave.core.embedder.PerformableTree$PerformableGivenStories.perform(PerformableTree.java:1384)\n\tat org.jbehave.core.embedder.PerformableTree$PerformableStory.perform(PerformableTree.java:1080)\n\tat org.jbehave.core.embedder.PerformableTree.performCancellable(PerformableTree.java:521)\n\tat org.jbehave.core.embedder.PerformableTree.perform(PerformableTree.java:488)\n\tat org.jbehave.core.embedder.StoryManager$EnqueuedStory.call(StoryManager.java:305)\n\tat org.jbehave.core.embedder.StoryManager$EnqueuedStory.call(StoryManager.java:278)\n\tat java.base\/java.util.concurrent.FutureTask.run(FutureTask.java:264)\n\tat java.base\/java.util.concurrent.ThreadPoolExecutor.runWorker(ThreadPoolExecutor.java:1136)\n\tat java.base\/java.util.concurrent.ThreadPoolExecutor$Worker.run(ThreadPoolExecutor.java:635)\n\tat java.base\/java.lang.Thread.run(Thread.java:833)\nCaused by: org.vividus.softassert.exception.VerificationError: \n1) java.lang.AssertionError: Search context is not set\n\tat org.vividus.ui.context.UiContext.getSearchContext(UiContext.java:66)\n\tat org.vividus.ui.context.UiContext.getOptionalSearchContext(UiContext.java:49)\n\tat org.vividus.steps.ui.validation.BaseValidations.assertElementExists(BaseValidations.java:108)\n\tat org.vividus.steps.ui.web.ElementSteps.findAndClick(ElementSteps.java:332)\n\tat org.vividus.steps.ui.web.ElementSteps.clickOnElement(ElementSteps.java:322)\n2) java.lang.AssertionError: The input value to pass to the wait condition [The object is null]\n\tat org.vividus.ui.action.WaitActions.wait(WaitActions.java:109)\n\tat org.vividus.ui.action.WaitActions.wait(WaitActions.java:50)\n\tat org.vividus.ui.action.WaitActions.wait(WaitActions.java:44)\n\tat org.vividus.steps.ui.GenericWaitSteps.waitForCondition(GenericWaitSteps.java:292)\n\tat org.vividus.steps.ui.GenericWaitSteps.waitForConditionValidatingVisibility(GenericWaitSteps.java:102)\n\tat org.vividus.steps.ui.GenericWaitSteps.waitForElementAppearance(GenericWaitSteps.java:81)\n3) java.lang.AssertionError: Checking if \"#{extractPathFromUrl(${current-page-url})}\" is equal to \"\/new-case\" [Expected: \"\/new-case\" Actual: was \"#{extractPathFromUrl(${current-page-url})}\"]\n\tat org.vividus.steps.VariablesSteps$1.compareValues(VariablesSteps.java:74)\n\tat org.vividus.steps.VariableComparator.compare(VariableComparator.java:50)\n\tat org.vividus.steps.VariablesSteps.compareVariables(VariablesSteps.java:129)\n\n\tat org.vividus.softassert.SoftAssert.verify(SoftAssert.java:298)\n\tat org.vividus.steps.AssertSteps.verifyIfAssertionsPassed(AssertSteps.java:45)\n\tat java.base\/jdk.internal.reflect.NativeMethodAccessorImpl.invoke0(Native Method)\n\tat java.base\/jdk.internal.reflect.NativeMethodAccessorImpl.invoke(NativeMethodAccessorImpl.java:77)\n\tat java.base\/jdk.internal.reflect.DelegatingMethodAccessorImpl.invoke(DelegatingMethodAccessorImpl.java:43)\n\tat java.base\/java.lang.reflect.Method.invoke(Method.java:568)\n\tat org.jbehave.core.steps.StepCreator$MethodInvoker.invoke(StepCreator.java:1087)\n\tat org.jbehave.core.steps.StepCreator$BeforeOrAfterStep.perform(StepCreator.java:699)\n\t... 24 more\n" }],"afterUserStorySteps": [],"afterSystemStorySteps": []}]},"scenarios": [{"keyword": "Scenario:", "id": "510b50ca-fb7c-4338-921b-268f66f920e8", "title": "check new case form","meta": [{"keyword": "@", "name": "testCaseId", "value": "NUC-338;NUC-488"}],"beforeSystemScenarioSteps": [{"outcome": "successful", "value": "org.vividus.steps.WebDriverSetupSteps.beforeScenario()"}],"beforeUserScenarioSteps": [],"steps": [{"outcome": "successful", "value": "When I ((${visual-action})) baseline with name `${profile}-${resolution}-new-case`"}],"afterUserScenarioSteps": [],"afterSystemScenarioSteps": [{"outcome": "failed", "keyword": "FAILED", "value": "org.vividus.steps.AssertSteps.verifyIfAssertionsPassed()", "failure": "org.jbehave.core.failures.BeforeOrAfterFailed: Method verifyIfAssertionsPassed (annotated with @AfterScenario in class org.vividus.steps.AssertSteps) failed: org.vividus.softassert.exception.VerificationError: \r\n1) java.lang.AssertionError: Search context is not set\r\n\tat org.vividus.ui.context.UiContext.getSearchContext(UiContext.java:66)\r\n\tat org.vividus.ui.context.UiContext.getOptionalSearchContext(UiContext.java:49)\r\n\tat org.vividus.visual.steps.AbstractVisualSteps.execute(AbstractVisualSteps.java:51)\r\n\tat org.vividus.visual.VisualSteps.lambda$performVisualAction$3(VisualSteps.java:346)\r\n\tat org.vividus.visual.VisualSteps.performVisualAction(VisualSteps.java:361)\r\n\tat org.vividus.visual.VisualSteps.performVisualAction(VisualSteps.java:339)\r\n\tat org.vividus.visual.VisualSteps.performVisualAction(VisualSteps.java:333)\r\n\tat org.vividus.visual.VisualSteps.runVisualTests(VisualSteps.java:89)\r\n"},{"outcome": "successful", "value": "org.vividus.visual.screenshot.ScenarioBasedIndexer.resetIndex()"},{"outcome": "successful", "value": "org.vividus.steps.WebUiVividusSetupSteps.afterScenario()"},{"outcome": "successful", "value": "org.vividus.http.CookieStoreProvider.resetScenarioCookies()"},{"outcome": "successful", "value": "org.vividus.steps.WebDriverSetupSteps.afterScenario()"}],"start":1692612049129,"end":1692612049180,"failure": "org.jbehave.core.failures.BeforeOrAfterFailed: Method verifyIfAssertionsPassed (annotated with @AfterScenario in class org.vividus.steps.AssertSteps) failed: org.vividus.softassert.exception.VerificationError: \n1) java.lang.AssertionError: Search context is not set\n\tat org.vividus.ui.context.UiContext.getSearchContext(UiContext.java:66)\n\tat org.vividus.ui.context.UiContext.getOptionalSearchContext(UiContext.java:49)\n\tat org.vividus.visual.steps.AbstractVisualSteps.execute(AbstractVisualSteps.java:51)\n\tat org.vividus.visual.VisualSteps.lambda$performVisualAction$3(VisualSteps.java:346)\n\tat org.vividus.visual.VisualSteps.performVisualAction(VisualSteps.java:361)\n\tat org.vividus.visual.VisualSteps.performVisualAction(VisualSteps.java:339)\n\tat org.vividus.visual.VisualSteps.performVisualAction(VisualSteps.java:333)\n\tat org.vividus.visual.VisualSteps.runVisualTests(VisualSteps.java:89)\n\n\tat org.jbehave.core.steps.StepCreator$BeforeOrAfterStep.perform(StepCreator.java:703)\n\tat org.jbehave.core.steps.StepCreator$ReportingAbstractStep.perform(StepCreator.java:638)\n\tat org.jbehave.core.steps.StepCreator$DelegatingStep.perform(StepCreator.java:662)\n\tat org.jbehave.core.embedder.PerformableTree$FineSoFar.run(PerformableTree.java:379)\n\tat org.jbehave.core.embedder.PerformableTree$PerformableSteps.perform(PerformableTree.java:1441)\n\tat org.jbehave.core.embedder.PerformableTree$PerformableEntity.performHookSteps(PerformableTree.java:999)\n\tat org.jbehave.core.embedder.PerformableTree$PerformableEntity.performAfterSteps(PerformableTree.java:978)\n\tat org.jbehave.core.embedder.PerformableTree$AbstractPerformableScenario.lambda$performScenario$1(PerformableTree.java:1291)\n\tat org.jbehave.core.embedder.PerformableTree$PerformableEntity.performWithStopExecutionExceptionHandling(PerformableTree.java:967)\n\tat org.jbehave.core.embedder.PerformableTree$AbstractPerformableScenario.performScenario(PerformableTree.java:1276)\n\tat org.jbehave.core.embedder.PerformableTree$NormalPerformableScenario.perform(PerformableTree.java:1332)\n\tat org.jbehave.core.embedder.PerformableTree$PerformableScenario.perform(PerformableTree.java:1225)\n\tat org.jbehave.core.embedder.PerformableTree$PerformableStory.lambda$perform$0(PerformableTree.java:1090)\n\tat org.jbehave.core.embedder.PerformableTree$PerformableEntity.performWithStopExecutionExceptionHandling(PerformableTree.java:965)\n\tat org.jbehave.core.embedder.PerformableTree$PerformableStory.perform(PerformableTree.java:1082)\n\tat org.jbehave.core.embedder.PerformableTree.performCancellable(PerformableTree.java:521)\n\tat org.jbehave.core.embedder.PerformableTree.perform(PerformableTree.java:488)\n\tat org.jbehave.core.embedder.StoryManager$EnqueuedStory.call(StoryManager.java:305)\n\tat org.jbehave.core.embedder.StoryManager$EnqueuedStory.call(StoryManager.java:278)\n\tat java.base\/java.util.concurrent.FutureTask.run(FutureTask.java:264)\n\tat java.base\/java.util.concurrent.ThreadPoolExecutor.runWorker(ThreadPoolExecutor.java:1136)\n\tat java.base\/java.util.concurrent.ThreadPoolExecutor$Worker.run(ThreadPoolExecutor.java:635)\n\tat java.base\/java.lang.Thread.run(Thread.java:833)\nCaused by: org.vividus.softassert.exception.VerificationError: \n1) java.lang.AssertionError: Search context is not set\n\tat org.vividus.ui.context.UiContext.getSearchContext(UiContext.java:66)\n\tat org.vividus.ui.context.UiContext.getOptionalSearchContext(UiContext.java:49)\n\tat org.vividus.visual.steps.AbstractVisualSteps.execute(AbstractVisualSteps.java:51)\n\tat org.vividus.visual.VisualSteps.lambda$performVisualAction$3(VisualSteps.java:346)\n\tat org.vividus.visual.VisualSteps.performVisualAction(VisualSteps.java:361)\n\tat org.vividus.visual.VisualSteps.performVisualAction(VisualSteps.java:339)\n\tat org.vividus.visual.VisualSteps.performVisualAction(VisualSteps.java:333)\n\tat org.vividus.visual.VisualSteps.runVisualTests(VisualSteps.java:89)\n\n\tat org.vividus.softassert.SoftAssert.verify(SoftAssert.java:298)\n\tat org.vividus.steps.AssertSteps.verifyIfAssertionsPassed(AssertSteps.java:45)\n\tat java.base\/jdk.internal.reflect.NativeMethodAccessorImpl.invoke0(Native Method)\n\tat java.base\/jdk.internal.reflect.NativeMethodAccessorImpl.invoke(NativeMethodAccessorImpl.java:77)\n\tat java.base\/jdk.internal.reflect.DelegatingMethodAccessorImpl.invoke(DelegatingMethodAccessorImpl.java:43)\n\tat java.base\/java.lang.reflect.Method.invoke(Method.java:568)\n\tat org.jbehave.core.steps.StepCreator$MethodInvoker.invoke(StepCreator.java:1087)\n\tat org.jbehave.core.steps.StepCreator$BeforeOrAfterStep.perform(StepCreator.java:699)\n\t... 22 more\n" },{"keyword": "Scenario:", "id": "03f4e529-913f-4ad1-87a6-e1e768b2a099", "title": "check cancel button","meta": [{"keyword": "@", "name": "testCaseId", "value": "NUC-338;NUC-488"}],"beforeSystemScenarioSteps": [{"outcome": "successful", "value": "org.vividus.steps.WebDriverSetupSteps.beforeScenario()"}],"beforeUserScenarioSteps": [],"steps": [{"outcome": "successful", "value": "When I click on element located by `testId(jnj-close-button)`"},{"outcome": "successful", "value": "When I wait until element located by `caseSensitiveText(There are no cases at the moment.)` appears"},{"outcome": "successful", "value": "Then `#{extractPathFromUrl(${current-page-url})}` is ((equal to)) `\/my-cases`"}],"afterUserScenarioSteps": [],"afterSystemScenarioSteps": [{"outcome": "failed", "keyword": "FAILED", "value": "org.vividus.steps.AssertSteps.verifyIfAssertionsPassed()", "failure": "org.jbehave.core.failures.BeforeOrAfterFailed: Method verifyIfAssertionsPassed (annotated with @AfterScenario in class org.vividus.steps.AssertSteps) failed: org.vividus.softassert.exception.VerificationError: \r\n1) java.lang.AssertionError: Search context is not set\r\n\tat org.vividus.ui.context.UiContext.getSearchContext(UiContext.java:66)\r\n\tat org.vividus.ui.context.UiContext.getOptionalSearchContext(UiContext.java:49)\r\n\tat org.vividus.steps.ui.validation.BaseValidations.assertElementExists(BaseValidations.java:108)\r\n\tat org.vividus.steps.ui.web.ElementSteps.findAndClick(ElementSteps.java:332)\r\n\tat org.vividus.steps.ui.web.ElementSteps.clickOnElement(ElementSteps.java:322)\r\n2) java.lang.AssertionError: The input value to pass to the wait condition [The object is null]\r\n\tat org.vividus.ui.action.WaitActions.wait(WaitActions.java:109)\r\n\tat org.vividus.ui.action.WaitActions.wait(WaitActions.java:50)\r\n\tat org.vividus.ui.action.WaitActions.wait(WaitActions.java:44)\r\n\tat org.vividus.steps.ui.GenericWaitSteps.waitForCondition(GenericWaitSteps.java:292)\r\n\tat org.vividus.steps.ui.GenericWaitSteps.waitForConditionValidatingVisibility(GenericWaitSteps.java:102)\r\n\tat org.vividus.steps.ui.GenericWaitSteps.waitForElementAppearance(GenericWaitSteps.java:81)\r\n3) java.lang.AssertionError: Checking if \"#{extractPathFromUrl(${current-page-url})}\" is equal to \"\/my-cases\" [Expected: \"\/my-cases\" Actual: was \"#{extractPathFromUrl(${current-page-url})}\"]\r\n\tat org.vividus.steps.VariablesSteps$1.compareValues(VariablesSteps.java:74)\r\n\tat org.vividus.steps.VariableComparator.compare(VariableComparator.java:50)\r\n\tat org.vividus.steps.VariablesSteps.compareVariables(VariablesSteps.java:129)\r\n"},{"outcome": "successful", "value": "org.vividus.visual.screenshot.ScenarioBasedIndexer.resetIndex()"},{"outcome": "successful", "value": "org.vividus.steps.WebUiVividusSetupSteps.afterScenario()"},{"outcome": "successful", "value": "org.vividus.http.CookieStoreProvider.resetScenarioCookies()"},{"outcome": "successful", "value": "org.vividus.steps.WebDriverSetupSteps.afterScenario()"}],"start":1692612049186,"end":1692612049204,"failure": "org.jbehave.core.failures.BeforeOrAfterFailed: Method verifyIfAssertionsPassed (annotated with @AfterScenario in class org.vividus.steps.AssertSteps) failed: org.vividus.softassert.exception.VerificationError: \n1) java.lang.AssertionError: Search context is not set\n\tat org.vividus.ui.context.UiContext.getSearchContext(UiContext.java:66)\n\tat org.vividus.ui.context.UiContext.getOptionalSearchContext(UiContext.java:49)\n\tat org.vividus.steps.ui.validation.BaseValidations.assertElementExists(BaseValidations.java:108)\n\tat org.vividus.steps.ui.web.ElementSteps.findAndClick(ElementSteps.java:332)\n\tat org.vividus.steps.ui.web.ElementSteps.clickOnElement(ElementSteps.java:322)\n2) java.lang.AssertionError: The input value to pass to the wait condition [The object is null]\n\tat org.vividus.ui.action.WaitActions.wait(WaitActions.java:109)\n\tat org.vividus.ui.action.WaitActions.wait(WaitActions.java:50)\n\tat org.vividus.ui.action.WaitActions.wait(WaitActions.java:44)\n\tat org.vividus.steps.ui.GenericWaitSteps.waitForCondition(GenericWaitSteps.java:292)\n\tat org.vividus.steps.ui.GenericWaitSteps.waitForConditionValidatingVisibility(GenericWaitSteps.java:102)\n\tat org.vividus.steps.ui.GenericWaitSteps.waitForElementAppearance(GenericWaitSteps.java:81)\n3) java.lang.AssertionError: Checking if \"#{extractPathFromUrl(${current-page-url})}\" is equal to \"\/my-cases\" [Expected: \"\/my-cases\" Actual: was \"#{extractPathFromUrl(${current-page-url})}\"]\n\tat org.vividus.steps.VariablesSteps$1.compareValues(VariablesSteps.java:74)\n\tat org.vividus.steps.VariableComparator.compare(VariableComparator.java:50)\n\tat org.vividus.steps.VariablesSteps.compareVariables(VariablesSteps.java:129)\n\n\tat org.jbehave.core.steps.StepCreator$BeforeOrAfterStep.perform(StepCreator.java:703)\n\tat org.jbehave.core.steps.StepCreator$ReportingAbstractStep.perform(StepCreator.java:638)\n\tat org.jbehave.core.steps.StepCreator$DelegatingStep.perform(StepCreator.java:662)\n\tat org.jbehave.core.embedder.PerformableTree$FineSoFar.run(PerformableTree.java:379)\n\tat org.jbehave.core.embedder.PerformableTree$PerformableSteps.perform(PerformableTree.java:1441)\n\tat org.jbehave.core.embedder.PerformableTree$PerformableEntity.performHookSteps(PerformableTree.java:999)\n\tat org.jbehave.core.embedder.PerformableTree$PerformableEntity.performAfterSteps(PerformableTree.java:978)\n\tat org.jbehave.core.embedder.PerformableTree$AbstractPerformableScenario.lambda$performScenario$1(PerformableTree.java:1291)\n\tat org.jbehave.core.embedder.PerformableTree$PerformableEntity.performWithStopExecutionExceptionHandling(PerformableTree.java:967)\n\tat org.jbehave.core.embedder.PerformableTree$AbstractPerformableScenario.performScenario(PerformableTree.java:1276)\n\tat org.jbehave.core.embedder.PerformableTree$NormalPerformableScenario.perform(PerformableTree.java:1332)\n\tat org.jbehave.core.embedder.PerformableTree$PerformableScenario.perform(PerformableTree.java:1225)\n\tat org.jbehave.core.embedder.PerformableTree$PerformableStory.lambda$perform$0(PerformableTree.java:1090)\n\tat org.jbehave.core.embedder.PerformableTree$PerformableEntity.performWithStopExecutionExceptionHandling(PerformableTree.java:965)\n\tat org.jbehave.core.embedder.PerformableTree$PerformableStory.perform(PerformableTree.java:1082)\n\tat org.jbehave.core.embedder.PerformableTree.performCancellable(PerformableTree.java:521)\n\tat org.jbehave.core.embedder.PerformableTree.perform(PerformableTree.java:488)\n\tat org.jbehave.core.embedder.StoryManager$EnqueuedStory.call(StoryManager.java:305)\n\tat org.jbehave.core.embedder.StoryManager$EnqueuedStory.call(StoryManager.java:278)\n\tat java.base\/java.util.concurrent.FutureTask.run(FutureTask.java:264)\n\tat java.base\/java.util.concurrent.ThreadPoolExecutor.runWorker(ThreadPoolExecutor.java:1136)\n\tat java.base\/java.util.concurrent.ThreadPoolExecutor$Worker.run(ThreadPoolExecutor.java:635)\n\tat java.base\/java.lang.Thread.run(Thread.java:833)\nCaused by: org.vividus.softassert.exception.VerificationError: \n1) java.lang.AssertionError: Search context is not set\n\tat org.vividus.ui.context.UiContext.getSearchContext(UiContext.java:66)\n\tat org.vividus.ui.context.UiContext.getOptionalSearchContext(UiContext.java:49)\n\tat org.vividus.steps.ui.validation.BaseValidations.assertElementExists(BaseValidations.java:108)\n\tat org.vividus.steps.ui.web.ElementSteps.findAndClick(ElementSteps.java:332)\n\tat org.vividus.steps.ui.web.ElementSteps.clickOnElement(ElementSteps.java:322)\n2) java.lang.AssertionError: The input value to pass to the wait condition [The object is null]\n\tat org.vividus.ui.action.WaitActions.wait(WaitActions.java:109)\n\tat org.vividus.ui.action.WaitActions.wait(WaitActions.java:50)\n\tat org.vividus.ui.action.WaitActions.wait(WaitActions.java:44)\n\tat org.vividus.steps.ui.GenericWaitSteps.waitForCondition(GenericWaitSteps.java:292)\n\tat org.vividus.steps.ui.GenericWaitSteps.waitForConditionValidatingVisibility(GenericWaitSteps.java:102)\n\tat org.vividus.steps.ui.GenericWaitSteps.waitForElementAppearance(GenericWaitSteps.java:81)\n3) java.lang.AssertionError: Checking if \"#{extractPathFromUrl(${current-page-url})}\" is equal to \"\/my-cases\" [Expected: \"\/my-cases\" Actual: was \"#{extractPathFromUrl(${current-page-url})}\"]\n\tat org.vividus.steps.VariablesSteps$1.compareValues(VariablesSteps.java:74)\n\tat org.vividus.steps.VariableComparator.compare(VariableComparator.java:50)\n\tat org.vividus.steps.VariablesSteps.compareVariables(VariablesSteps.java:129)\n\n\tat org.vividus.softassert.SoftAssert.verify(SoftAssert.java:298)\n\tat org.vividus.steps.AssertSteps.verifyIfAssertionsPassed(AssertSteps.java:45)\n\tat java.base\/jdk.internal.reflect.NativeMethodAccessorImpl.invoke0(Native Method)\n\tat java.base\/jdk.internal.reflect.NativeMethodAccessorImpl.invoke(NativeMethodAccessorImpl.java:77)\n\tat java.base\/jdk.internal.reflect.DelegatingMethodAccessorImpl.invoke(DelegatingMethodAccessorImpl.java:43)\n\tat java.base\/java.lang.reflect.Method.invoke(Method.java:568)\n\tat org.jbehave.core.steps.StepCreator$MethodInvoker.invoke(StepCreator.java:1087)\n\tat org.jbehave.core.steps.StepCreator$BeforeOrAfterStep.perform(StepCreator.java:699)\n\t... 22 more\n" },{"keyword": "Scenario:", "id": "7b619b46-c194-42e4-8479-8bbef7f42843", "title": "check create new episode of care button","meta": [{"keyword": "@", "name": "testCaseId", "value": "NUC-411;NUC-412"}],"examples": {"keyword": "Examples:","steps": ["When I go to relative URL `\/new-case`","When I click on element located by `tagName(button)->filter.textPart(<button-text>)`","When I wait until element located by `caseSensitiveText(<page-text>)` appears","Then `#{extractPathFromUrl(${current-page-url})}` is equal to `<page-url>`"],"parameters": {"names": ["button-text","page-text","page-url"],"values": [["Create New Episode of Care","Create New Case - New Episode of Care","\/new-case\/episode-of-care"],["Upload Video","This page could not be found","\/new-case\/upload-video"]]},"examples": [{"keyword": "Example:", "parameters": {"button-text":"Create New Episode of Care","page-url":"\/new-case\/episode-of-care","page-text":"Create New Case - New Episode of Care","critical_path":"","layout":"desktop","testCaseId":"NUC-411;NUC-412"},"beforeSystemScenarioSteps": [{"outcome": "successful", "value": "org.vividus.steps.WebDriverSetupSteps.beforeScenario()"}],"beforeUserScenarioSteps": [],"steps": [{"outcome": "failed", "keyword": "FAILED", "value": "When I go to relative URL `\/new-case`", "failure": "org.openqa.selenium.SessionNotCreatedException: Could not start a new session. Possible causes are invalid address of the remote server or browser start-up failure. \nHost info: host: 'EPBYMINW1281', ip: '192.168.1.29'\nBuild info: version: '4.10.0', revision: 'c14d967899'\nSystem info: os.name: 'Windows 10', os.arch: 'amd64', os.version: '10.0', java.version: '17.0.2'\nDriver info: org.openqa.selenium.remote.RemoteWebDriver\nCommand: [null, newSession {capabilities=[Capabilities {browserName: chrome, goog:chromeOptions: {args: [--remote-allow-origins=*], extensions: []}, platformName: linux}]}]\nCapabilities {browserName: chrome, goog:chromeOptions: {args: [--remote-allow-origins=*], extensions: []}, platformName: linux}"},{"outcome": "notPerformed", "keyword": "NOT PERFORMED", "value": "When I click on element located by `tagName(button)->filter.textPart(((Create New Episode of Care)))`"},{"outcome": "notPerformed", "keyword": "NOT PERFORMED", "value": "When I wait until element located by `caseSensitiveText(((Create New Case - New Episode of Care)))` appears"},{"outcome": "notPerformed", "keyword": "NOT PERFORMED", "value": "Then `#{extractPathFromUrl(${current-page-url})}` is ((equal to)) `((\/new-case\/episode-of-care))`"}],"afterUserScenarioSteps": [],"afterSystemScenarioSteps": [{"outcome": "successful", "value": "org.vividus.steps.AssertSteps.verifyIfAssertionsPassed()"},{"outcome": "successful", "value": "org.vividus.visual.screenshot.ScenarioBasedIndexer.resetIndex()"},{"outcome": "successful", "value": "org.vividus.steps.WebUiVividusSetupSteps.afterScenario()"},{"outcome": "successful", "value": "org.vividus.http.CookieStoreProvider.resetScenarioCookies()"},{"outcome": "successful", "value": "org.vividus.steps.WebDriverSetupSteps.afterScenario()"}]},{"keyword": "Example:", "parameters": {"button-text":"Upload Video","page-url":"\/new-case\/upload-video","page-text":"This page could not be found","critical_path":"","layout":"desktop","testCaseId":"NUC-411;NUC-412"},"beforeSystemScenarioSteps": [{"outcome": "successful", "value": "org.vividus.steps.WebDriverSetupSteps.beforeScenario()"}],"beforeUserScenarioSteps": [],"steps": [{"outcome": "failed", "keyword": "FAILED", "value": "When I go to relative URL `\/new-case`", "failure": "org.openqa.selenium.SessionNotCreatedException: Could not start a new session. Possible causes are invalid address of the remote server or browser start-up failure. \nHost info: host: 'EPBYMINW1281', ip: '192.168.1.29'\nBuild info: version: '4.10.0', revision: 'c14d967899'\nSystem info: os.name: 'Windows 10', os.arch: 'amd64', os.version: '10.0', java.version: '17.0.2'\nDriver info: org.openqa.selenium.remote.RemoteWebDriver\nCommand: [null, newSession {capabilities=[Capabilities {browserName: chrome, goog:chromeOptions: {args: [--remote-allow-origins=*], extensions: []}, platformName: linux}]}]\nCapabilities {browserName: chrome, goog:chromeOptions: {args: [--remote-allow-origins=*], extensions: []}, platformName: linux}"},{"outcome": "notPerformed", "keyword": "NOT PERFORMED", "value": "When I click on element located by `tagName(button)->filter.textPart(((Upload Video)))`"},{"outcome": "notPerformed", "keyword": "NOT PERFORMED", "value": "When I wait until element located by `caseSensitiveText(((This page could not be found)))` appears"},{"outcome": "notPerformed", "keyword": "NOT PERFORMED", "value": "Then `#{extractPathFromUrl(${current-page-url})}` is ((equal to)) `((\/new-case\/upload-video))`"}],"afterUserScenarioSteps": [],"afterSystemScenarioSteps": [{"outcome": "successful", "value": "org.vividus.steps.AssertSteps.verifyIfAssertionsPassed()"},{"outcome": "successful", "value": "org.vividus.visual.screenshot.ScenarioBasedIndexer.resetIndex()"},{"outcome": "successful", "value": "org.vividus.steps.WebUiVividusSetupSteps.afterScenario()"},{"outcome": "successful", "value": "org.vividus.http.CookieStoreProvider.resetScenarioCookies()"},{"outcome": "successful", "value": "org.vividus.steps.WebDriverSetupSteps.afterScenario()"}]}]},"start":1692612049233,"end":1692612049368,"failure": "org.openqa.selenium.SessionNotCreatedException: Could not start a new session. Possible causes are invalid address of the remote server or browser start-up failure. \nHost info: host: 'EPBYMINW1281', ip: '192.168.1.29'\nBuild info: version: '4.10.0', revision: 'c14d967899'\nSystem info: os.name: 'Windows 10', os.arch: 'amd64', os.version: '10.0', java.version: '17.0.2'\nDriver info: org.openqa.selenium.remote.RemoteWebDriver\nCommand: [null, newSession {capabilities=[Capabilities {browserName: chrome, goog:chromeOptions: {args: [--remote-allow-origins=*], extensions: []}, platformName: linux}]}]\nCapabilities {browserName: chrome, goog:chromeOptions: {args: [--remote-allow-origins=*], extensions: []}, platformName: linux}\n\tat org.openqa.selenium.remote.RemoteWebDriver.execute(RemoteWebDriver.java:549)\n\tat org.openqa.selenium.remote.RemoteWebDriver.startSession(RemoteWebDriver.java:227)\n\tat org.openqa.selenium.remote.RemoteWebDriver.<init>(RemoteWebDriver.java:154)\n\tat org.openqa.selenium.remote.RemoteWebDriver.<init>(RemoteWebDriver.java:134)\n\tat org.vividus.selenium.RemoteWebDriverFactory.createRemoteWebDriver(RemoteWebDriverFactory.java:93)\n\tat org.vividus.selenium.RemoteWebDriverFactory.getRemoteWebDriver(RemoteWebDriverFactory.java:55)\n\tat org.vividus.selenium.AbstractWebDriverFactory.lambda$getRemoteWebDriver$3(AbstractWebDriverFactory.java:104)\n\tat org.vividus.selenium.AbstractWebDriverFactory.createWebDriver(AbstractWebDriverFactory.java:111)\n\tat org.vividus.selenium.AbstractWebDriverFactory.getRemoteWebDriver(AbstractWebDriverFactory.java:104)\n\tat org.vividus.selenium.VividusWebDriverFactory.createWebDriver(VividusWebDriverFactory.java:49)\n\tat org.vividus.selenium.AbstractVividusWebDriverFactory.create(AbstractVividusWebDriverFactory.java:56)\n\tat org.vividus.selenium.WebDriverProvider.get(WebDriverProvider.java:56)\n\tat org.vividus.ui.web.action.FrameActions.getSwitcher(FrameActions.java:84)\n\tat org.vividus.ui.web.action.FrameActions.switchToRoot(FrameActions.java:49)\n\tat org.vividus.steps.ui.web.SetContextSteps.switchingToDefault(SetContextSteps.java:82)\n\tat org.vividus.steps.ui.web.PageSteps.openRelativeUrl(PageSteps.java:283)\n\tat java.base\/jdk.internal.reflect.NativeMethodAccessorImpl.invoke0(Native Method)\n\tat java.base\/jdk.internal.reflect.NativeMethodAccessorImpl.invoke(NativeMethodAccessorImpl.java:77)\n\tat java.base\/jdk.internal.reflect.DelegatingMethodAccessorImpl.invoke(DelegatingMethodAccessorImpl.java:43)\n\tat java.base\/java.lang.reflect.Method.invoke(Method.java:568)\n\tat org.jbehave.core.steps.StepCreator$ParametrisedStep.perform(StepCreator.java:894)\n\tat org.jbehave.core.steps.StepCreator$ReportingAbstractStep.perform(StepCreator.java:638)\n\tat org.jbehave.core.embedder.PerformableTree$FineSoFar.run(PerformableTree.java:379)\n\tat org.jbehave.core.embedder.PerformableTree$PerformableSteps.perform(PerformableTree.java:1441)\n\tat org.jbehave.core.embedder.PerformableTree$AbstractPerformableScenario.lambda$performScenario$0(PerformableTree.java:1283)\n\tat org.jbehave.core.embedder.PerformableTree$PerformableEntity.performWithStopExecutionExceptionHandling(PerformableTree.java:965)\n\tat org.jbehave.core.embedder.PerformableTree$AbstractPerformableScenario.performScenario(PerformableTree.java:1276)\n\tat org.jbehave.core.embedder.PerformableTree$ExamplePerformableScenario.perform(PerformableTree.java:1353)\n\tat org.jbehave.core.embedder.PerformableTree$PerformableScenario.perform(PerformableTree.java:1220)\n\tat org.jbehave.core.embedder.PerformableTree$PerformableStory.lambda$perform$0(PerformableTree.java:1090)\n\tat org.jbehave.core.embedder.PerformableTree$PerformableEntity.performWithStopExecutionExceptionHandling(PerformableTree.java:965)\n\tat org.jbehave.core.embedder.PerformableTree$PerformableStory.perform(PerformableTree.java:1082)\n\tat org.jbehave.core.embedder.PerformableTree.performCancellable(PerformableTree.java:521)\n\tat org.jbehave.core.embedder.PerformableTree.perform(PerformableTree.java:488)\n\tat org.jbehave.core.embedder.StoryManager$EnqueuedStory.call(StoryManager.java:305)\n\tat org.jbehave.core.embedder.StoryManager$EnqueuedStory.call(StoryManager.java:278)\n\tat java.base\/java.util.concurrent.FutureTask.run(FutureTask.java:264)\n\tat java.base\/java.util.concurrent.ThreadPoolExecutor.runWorker(ThreadPoolExecutor.java:1136)\n\tat java.base\/java.util.concurrent.ThreadPoolExecutor$Worker.run(ThreadPoolExecutor.java:635)\n\tat java.base\/java.lang.Thread.run(Thread.java:833)\nCaused by: java.io.UncheckedIOException: java.net.ConnectException: Connection refused: no further information: localhost\/[0:0:0:0:0:0:0:1]:4444\n\tat org.openqa.selenium.remote.http.netty.NettyHttpHandler.makeCall(NettyHttpHandler.java:73)\n\tat org.openqa.selenium.remote.http.AddSeleniumUserAgent.lambda$apply$0(AddSeleniumUserAgent.java:42)\n\tat org.openqa.selenium.remote.http.Filter.lambda$andFinally$1(Filter.java:55)\n\tat org.openqa.selenium.remote.http.netty.NettyHttpHandler.execute(NettyHttpHandler.java:48)\n\tat org.openqa.selenium.remote.http.AddSeleniumUserAgent.lambda$apply$0(AddSeleniumUserAgent.java:42)\n\tat org.openqa.selenium.remote.http.Filter.lambda$andFinally$1(Filter.java:55)\n\tat org.openqa.selenium.remote.http.netty.NettyClient.execute(NettyClient.java:97)\n\tat org.openqa.selenium.remote.tracing.TracedHttpClient.execute(TracedHttpClient.java:54)\n\tat org.openqa.selenium.remote.ProtocolHandshake.createSession(ProtocolHandshake.java:115)\n\tat org.openqa.selenium.remote.ProtocolHandshake.createSession(ProtocolHandshake.java:96)\n\tat org.openqa.selenium.remote.ProtocolHandshake.createSession(ProtocolHandshake.java:68)\n\tat org.openqa.selenium.remote.HttpCommandExecutor.execute(HttpCommandExecutor.java:163)\n\tat org.openqa.selenium.remote.TracedCommandExecutor.execute(TracedCommandExecutor.java:51)\n\tat org.openqa.selenium.remote.RemoteWebDriver.execute(RemoteWebDriver.java:531)\n\t... 39 more\nCaused by: java.net.ConnectException: Connection refused: no further information: localhost\/[0:0:0:0:0:0:0:1]:4444\n\tat org.asynchttpclient.netty.channel.NettyConnectListener.onFailure(NettyConnectListener.java:179)\n\tat org.asynchttpclient.netty.channel.NettyChannelConnector$1.onFailure(NettyChannelConnector.java:108)\n\tat org.asynchttpclient.netty.SimpleChannelFutureListener.operationComplete(SimpleChannelFutureListener.java:28)\n\tat org.asynchttpclient.netty.SimpleChannelFutureListener.operationComplete(SimpleChannelFutureListener.java:20)\n\tat io.netty.util.concurrent.DefaultPromise.notifyListener0(DefaultPromise.java:590)\n\tat io.netty.util.concurrent.DefaultPromise.notifyListeners0(DefaultPromise.java:583)\n\tat io.netty.util.concurrent.DefaultPromise.notifyListenersNow(DefaultPromise.java:559)\n\tat io.netty.util.concurrent.DefaultPromise.notifyListeners(DefaultPromise.java:492)\n\tat io.netty.util.concurrent.DefaultPromise.setValue0(DefaultPromise.java:636)\n\tat io.netty.util.concurrent.DefaultPromise.setFailure0(DefaultPromise.java:629)\n\tat io.netty.util.concurrent.DefaultPromise.tryFailure(DefaultPromise.java:118)\n\tat io.netty.channel.nio.AbstractNioChannel$AbstractNioUnsafe.fulfillConnectPromise(AbstractNioChannel.java:321)\n\tat io.netty.channel.nio.AbstractNioChannel$AbstractNioUnsafe.finishConnect(AbstractNioChannel.java:337)\n\tat io.netty.channel.nio.NioEventLoop.processSelectedKey(NioEventLoop.java:776)\n\tat io.netty.channel.nio.NioEventLoop.processSelectedKeysOptimized(NioEventLoop.java:724)\n\tat io.netty.channel.nio.NioEventLoop.processSelectedKeys(NioEventLoop.java:650)\n\tat io.netty.channel.nio.NioEventLoop.run(NioEventLoop.java:562)\n\tat io.netty.util.concurrent.SingleThreadEventExecutor$4.run(SingleThreadEventExecutor.java:997)\n\tat io.netty.util.internal.ThreadExecutorMap$2.run(ThreadExecutorMap.java:74)\n\tat io.netty.util.concurrent.FastThreadLocalRunnable.run(FastThreadLocalRunnable.java:30)\n\t... 1 more\nCaused by: io.netty.channel.AbstractChannel$AnnotatedConnectException: Connection refused: no further information: localhost\/[0:0:0:0:0:0:0:1]:4444\nCaused by: java.net.ConnectException: Connection refused: no further information\n\tat java.base\/sun.nio.ch.Net.pollConnect(Native Method)\n\tat java.base\/sun.nio.ch.Net.pollConnectNow(Net.java:672)\n\tat java.base\/sun.nio.ch.SocketChannelImpl.finishConnect(SocketChannelImpl.java:946)\n\tat io.netty.channel.socket.nio.NioSocketChannel.doFinishConnect(NioSocketChannel.java:337)\n\tat io.netty.channel.nio.AbstractNioChannel$AbstractNioUnsafe.finishConnect(AbstractNioChannel.java:334)\n\tat io.netty.channel.nio.NioEventLoop.processSelectedKey(NioEventLoop.java:776)\n\tat io.netty.channel.nio.NioEventLoop.processSelectedKeysOptimized(NioEventLoop.java:724)\n\tat io.netty.channel.nio.NioEventLoop.processSelectedKeys(NioEventLoop.java:650)\n\tat io.netty.channel.nio.NioEventLoop.run(NioEventLoop.java:562)\n\tat io.netty.util.concurrent.SingleThreadEventExecutor$4.run(SingleThreadEventExecutor.java:997)\n\tat io.netty.util.internal.ThreadExecutorMap$2.run(ThreadExecutorMap.java:74)\n\tat io.netty.util.concurrent.FastThreadLocalRunnable.run(FastThreadLocalRunnable.java:30)\n\tat java.base\/java.lang.Thread.run(Thread.java:833)\n" }],"afterUserStorySteps": [],"afterSystemStorySteps": [{"outcome": "successful", "value": "org.vividus.steps.WebDriverSetupSteps.afterStory()"},{"outcome": "successful", "value": "org.vividus.http.CookieStoreProvider.resetStoryCookies()"}]}