{"id": "e45fc49c-1176-404d-927f-06b11b63d3a4", "path": "file:\/C:\/01.Projects\/05.JAJ-MTDF\/jnj-auto-tests\/output\/resources\/main\/story\/nucleus\/web\/waffle_menu.story", "title": "","meta": [{"keyword": "@", "name": "critical_path", "value": ""},{"keyword": "@", "name": "layout", "value": "desktop"}],"beforeSystemStorySteps": [{"outcome": "successful", "value": "org.vividus.steps.WebDriverSetupSteps.beforeStory()"}],"beforeUserStorySteps": [],"givenStories": {"keyword": "GivenStories:", "givenStories":[{"parameters": "", "path": "story\/nucleus\/web\/open_app.story"}],"stories": [{"id": "9c0ec2ee-031b-4933-910f-64611d0ca557", "path": "story\/nucleus\/web\/open_app.story", "title": "","meta": [{"keyword": "@", "name": "critical_path", "value": ""},{"keyword": "@", "name": "layout", "value": "desktop"},{"keyword": "@", "name": "smoke", "value": ""}],"beforeSystemStorySteps": [],"beforeUserStorySteps": [],"scenarios": [{"keyword": "Scenario:", "id": "c77d65f2-79ef-4c92-8fa2-41152c00f40e", "title": "open main application page","beforeSystemScenarioSteps": [{"outcome": "successful", "value": "org.vividus.steps.WebDriverSetupSteps.beforeScenario()"}],"beforeUserScenarioSteps": [],"steps": [{"outcome": "failed", "keyword": "FAILED", "value": "Given I am on main application page", "failure": "org.openqa.selenium.SessionNotCreatedException: Could not start a new session. Possible causes are invalid address of the remote server or browser start-up failure. \nHost info: host: 'EPBYMINW1281', ip: '192.168.1.29'\nBuild info: version: '4.10.0', revision: 'c14d967899'\nSystem info: os.name: 'Windows 10', os.arch: 'amd64', os.version: '10.0', java.version: '17.0.2'\nDriver info: org.openqa.selenium.remote.RemoteWebDriver\nCommand: [null, newSession {capabilities=[Capabilities {browserName: chrome, goog:chromeOptions: {args: [--remote-allow-origins=*], extensions: []}, platformName: linux}]}]\nCapabilities {browserName: chrome, goog:chromeOptions: {args: [--remote-allow-origins=*], extensions: []}, platformName: linux}"},{"outcome": "notPerformed", "keyword": "NOT PERFORMED", "value": "When I change window size to `${resolution}`"}],"afterUserScenarioSteps": [],"afterSystemScenarioSteps": [{"outcome": "successful", "value": "org.vividus.steps.AssertSteps.verifyIfAssertionsPassed()"},{"outcome": "successful", "value": "org.vividus.visual.screenshot.ScenarioBasedIndexer.resetIndex()"},{"outcome": "successful", "value": "org.vividus.steps.WebUiVividusSetupSteps.afterScenario()"},{"outcome": "successful", "value": "org.vividus.http.CookieStoreProvider.resetScenarioCookies()"},{"outcome": "successful", "value": "org.vividus.steps.WebDriverSetupSteps.afterScenario()"}],"start":1692612049416,"end":1692612049460,"failure": "org.openqa.selenium.SessionNotCreatedException: Could not start a new session. Possible causes are invalid address of the remote server or browser start-up failure. \nHost info: host: 'EPBYMINW1281', ip: '192.168.1.29'\nBuild info: version: '4.10.0', revision: 'c14d967899'\nSystem info: os.name: 'Windows 10', os.arch: 'amd64', os.version: '10.0', java.version: '17.0.2'\nDriver info: org.openqa.selenium.remote.RemoteWebDriver\nCommand: [null, newSession {capabilities=[Capabilities {browserName: chrome, goog:chromeOptions: {args: [--remote-allow-origins=*], extensions: []}, platformName: linux}]}]\nCapabilities {browserName: chrome, goog:chromeOptions: {args: [--remote-allow-origins=*], extensions: []}, platformName: linux}\n\tat org.openqa.selenium.remote.RemoteWebDriver.execute(RemoteWebDriver.java:549)\n\tat org.openqa.selenium.remote.RemoteWebDriver.startSession(RemoteWebDriver.java:227)\n\tat org.openqa.selenium.remote.RemoteWebDriver.<init>(RemoteWebDriver.java:154)\n\tat org.openqa.selenium.remote.RemoteWebDriver.<init>(RemoteWebDriver.java:134)\n\tat org.vividus.selenium.RemoteWebDriverFactory.createRemoteWebDriver(RemoteWebDriverFactory.java:93)\n\tat org.vividus.selenium.RemoteWebDriverFactory.getRemoteWebDriver(RemoteWebDriverFactory.java:55)\n\tat org.vividus.selenium.AbstractWebDriverFactory.lambda$getRemoteWebDriver$3(AbstractWebDriverFactory.java:104)\n\tat org.vividus.selenium.AbstractWebDriverFactory.createWebDriver(AbstractWebDriverFactory.java:111)\n\tat org.vividus.selenium.AbstractWebDriverFactory.getRemoteWebDriver(AbstractWebDriverFactory.java:104)\n\tat org.vividus.selenium.VividusWebDriverFactory.createWebDriver(VividusWebDriverFactory.java:49)\n\tat org.vividus.selenium.AbstractVividusWebDriverFactory.create(AbstractVividusWebDriverFactory.java:56)\n\tat org.vividus.selenium.WebDriverProvider.get(WebDriverProvider.java:56)\n\tat org.vividus.ui.web.action.NavigateActions.getWebDriver(NavigateActions.java:116)\n\tat org.vividus.ui.web.action.NavigateActions.navigateTo(NavigateActions.java:45)\n\tat org.vividus.ui.web.action.NavigateActions.navigateTo(NavigateActions.java:56)\n\tat org.vividus.steps.ui.web.PageSteps.navigateTo(PageSteps.java:365)\n\tat org.vividus.steps.ui.web.PageSteps.openMainApplicationPage(PageSteps.java:90)\n\tat java.base\/jdk.internal.reflect.NativeMethodAccessorImpl.invoke0(Native Method)\n\tat java.base\/jdk.internal.reflect.NativeMethodAccessorImpl.invoke(NativeMethodAccessorImpl.java:77)\n\tat java.base\/jdk.internal.reflect.DelegatingMethodAccessorImpl.invoke(DelegatingMethodAccessorImpl.java:43)\n\tat java.base\/java.lang.reflect.Method.invoke(Method.java:568)\n\tat org.jbehave.core.steps.StepCreator$ParametrisedStep.perform(StepCreator.java:894)\n\tat org.jbehave.core.steps.StepCreator$ReportingAbstractStep.perform(StepCreator.java:638)\n\tat org.jbehave.core.embedder.PerformableTree$FineSoFar.run(PerformableTree.java:379)\n\tat org.jbehave.core.embedder.PerformableTree$PerformableSteps.perform(PerformableTree.java:1441)\n\tat org.jbehave.core.embedder.PerformableTree$AbstractPerformableScenario.lambda$performScenario$0(PerformableTree.java:1283)\n\tat org.jbehave.core.embedder.PerformableTree$PerformableEntity.performWithStopExecutionExceptionHandling(PerformableTree.java:965)\n\tat org.jbehave.core.embedder.PerformableTree$AbstractPerformableScenario.performScenario(PerformableTree.java:1276)\n\tat org.jbehave.core.embedder.PerformableTree$NormalPerformableScenario.perform(PerformableTree.java:1332)\n\tat org.jbehave.core.embedder.PerformableTree$PerformableScenario.perform(PerformableTree.java:1225)\n\tat org.jbehave.core.embedder.PerformableTree$PerformableStory.lambda$perform$0(PerformableTree.java:1090)\n\tat org.jbehave.core.embedder.PerformableTree$PerformableEntity.performWithStopExecutionExceptionHandling(PerformableTree.java:965)\n\tat org.jbehave.core.embedder.PerformableTree$PerformableStory.perform(PerformableTree.java:1082)\n\tat org.jbehave.core.embedder.PerformableTree$PerformableGivenStories.perform(PerformableTree.java:1384)\n\tat org.jbehave.core.embedder.PerformableTree$PerformableStory.perform(PerformableTree.java:1080)\n\tat org.jbehave.core.embedder.PerformableTree.performCancellable(PerformableTree.java:521)\n\tat org.jbehave.core.embedder.PerformableTree.perform(PerformableTree.java:488)\n\tat org.jbehave.core.embedder.StoryManager$EnqueuedStory.call(StoryManager.java:305)\n\tat org.jbehave.core.embedder.StoryManager$EnqueuedStory.call(StoryManager.java:278)\n\tat java.base\/java.util.concurrent.FutureTask.run(FutureTask.java:264)\n\tat java.base\/java.util.concurrent.ThreadPoolExecutor.runWorker(ThreadPoolExecutor.java:1136)\n\tat java.base\/java.util.concurrent.ThreadPoolExecutor$Worker.run(ThreadPoolExecutor.java:635)\n\tat java.base\/java.lang.Thread.run(Thread.java:833)\nCaused by: java.io.UncheckedIOException: java.net.ConnectException: Connection refused: no further information: localhost\/[0:0:0:0:0:0:0:1]:4444\n\tat org.openqa.selenium.remote.http.netty.NettyHttpHandler.makeCall(NettyHttpHandler.java:73)\n\tat org.openqa.selenium.remote.http.AddSeleniumUserAgent.lambda$apply$0(AddSeleniumUserAgent.java:42)\n\tat org.openqa.selenium.remote.http.Filter.lambda$andFinally$1(Filter.java:55)\n\tat org.openqa.selenium.remote.http.netty.NettyHttpHandler.execute(NettyHttpHandler.java:48)\n\tat org.openqa.selenium.remote.http.AddSeleniumUserAgent.lambda$apply$0(AddSeleniumUserAgent.java:42)\n\tat org.openqa.selenium.remote.http.Filter.lambda$andFinally$1(Filter.java:55)\n\tat org.openqa.selenium.remote.http.netty.NettyClient.execute(NettyClient.java:97)\n\tat org.openqa.selenium.remote.tracing.TracedHttpClient.execute(TracedHttpClient.java:54)\n\tat org.openqa.selenium.remote.ProtocolHandshake.createSession(ProtocolHandshake.java:115)\n\tat org.openqa.selenium.remote.ProtocolHandshake.createSession(ProtocolHandshake.java:96)\n\tat org.openqa.selenium.remote.ProtocolHandshake.createSession(ProtocolHandshake.java:68)\n\tat org.openqa.selenium.remote.HttpCommandExecutor.execute(HttpCommandExecutor.java:163)\n\tat org.openqa.selenium.remote.TracedCommandExecutor.execute(TracedCommandExecutor.java:51)\n\tat org.openqa.selenium.remote.RemoteWebDriver.execute(RemoteWebDriver.java:531)\n\t... 42 more\nCaused by: java.net.ConnectException: Connection refused: no further information: localhost\/[0:0:0:0:0:0:0:1]:4444\n\tat org.asynchttpclient.netty.channel.NettyConnectListener.onFailure(NettyConnectListener.java:179)\n\tat org.asynchttpclient.netty.channel.NettyChannelConnector$1.onFailure(NettyChannelConnector.java:108)\n\tat org.asynchttpclient.netty.SimpleChannelFutureListener.operationComplete(SimpleChannelFutureListener.java:28)\n\tat org.asynchttpclient.netty.SimpleChannelFutureListener.operationComplete(SimpleChannelFutureListener.java:20)\n\tat io.netty.util.concurrent.DefaultPromise.notifyListener0(DefaultPromise.java:590)\n\tat io.netty.util.concurrent.DefaultPromise.notifyListeners0(DefaultPromise.java:583)\n\tat io.netty.util.concurrent.DefaultPromise.notifyListenersNow(DefaultPromise.java:559)\n\tat io.netty.util.concurrent.DefaultPromise.notifyListeners(DefaultPromise.java:492)\n\tat io.netty.util.concurrent.DefaultPromise.setValue0(DefaultPromise.java:636)\n\tat io.netty.util.concurrent.DefaultPromise.setFailure0(DefaultPromise.java:629)\n\tat io.netty.util.concurrent.DefaultPromise.tryFailure(DefaultPromise.java:118)\n\tat io.netty.channel.nio.AbstractNioChannel$AbstractNioUnsafe.fulfillConnectPromise(AbstractNioChannel.java:321)\n\tat io.netty.channel.nio.AbstractNioChannel$AbstractNioUnsafe.finishConnect(AbstractNioChannel.java:337)\n\tat io.netty.channel.nio.NioEventLoop.processSelectedKey(NioEventLoop.java:776)\n\tat io.netty.channel.nio.NioEventLoop.processSelectedKeysOptimized(NioEventLoop.java:724)\n\tat io.netty.channel.nio.NioEventLoop.processSelectedKeys(NioEventLoop.java:650)\n\tat io.netty.channel.nio.NioEventLoop.run(NioEventLoop.java:562)\n\tat io.netty.util.concurrent.SingleThreadEventExecutor$4.run(SingleThreadEventExecutor.java:997)\n\tat io.netty.util.internal.ThreadExecutorMap$2.run(ThreadExecutorMap.java:74)\n\tat io.netty.util.concurrent.FastThreadLocalRunnable.run(FastThreadLocalRunnable.java:30)\n\t... 1 more\nCaused by: io.netty.channel.AbstractChannel$AnnotatedConnectException: Connection refused: no further information: localhost\/[0:0:0:0:0:0:0:1]:4444\nCaused by: java.net.ConnectException: Connection refused: no further information\n\tat java.base\/sun.nio.ch.Net.pollConnect(Native Method)\n\tat java.base\/sun.nio.ch.Net.pollConnectNow(Net.java:672)\n\tat java.base\/sun.nio.ch.SocketChannelImpl.finishConnect(SocketChannelImpl.java:946)\n\tat io.netty.channel.socket.nio.NioSocketChannel.doFinishConnect(NioSocketChannel.java:337)\n\tat io.netty.channel.nio.AbstractNioChannel$AbstractNioUnsafe.finishConnect(AbstractNioChannel.java:334)\n\tat io.netty.channel.nio.NioEventLoop.processSelectedKey(NioEventLoop.java:776)\n\tat io.netty.channel.nio.NioEventLoop.processSelectedKeysOptimized(NioEventLoop.java:724)\n\tat io.netty.channel.nio.NioEventLoop.processSelectedKeys(NioEventLoop.java:650)\n\tat io.netty.channel.nio.NioEventLoop.run(NioEventLoop.java:562)\n\tat io.netty.util.concurrent.SingleThreadEventExecutor$4.run(SingleThreadEventExecutor.java:997)\n\tat io.netty.util.internal.ThreadExecutorMap$2.run(ThreadExecutorMap.java:74)\n\tat io.netty.util.concurrent.FastThreadLocalRunnable.run(FastThreadLocalRunnable.java:30)\n\tat java.base\/java.lang.Thread.run(Thread.java:833)\n" }],"afterUserStorySteps": [],"afterSystemStorySteps": []}]},"scenarios": [{"keyword": "Scenario:", "id": "8a19ca46-5dac-4f36-8c9f-96cf7d870fb6", "title": "check navigation waffle dropdown","meta": [{"keyword": "@", "name": "testCaseId", "value": "NUC-379"}],"beforeSystemScenarioSteps": [{"outcome": "successful", "value": "org.vividus.steps.WebDriverSetupSteps.beforeScenario()"}],"beforeUserScenarioSteps": [],"steps": [{"outcome": "successful", "value": "When I click on element located by `testId(jnj-flyout-menu)`"},{"outcome": "successful", "value": "When I change context to element located by `xpath(\/\/*[@data-test-id='jnj-my-cases-tile-button']\/..)`"},{"outcome": "successful", "value": "When I ((${visual-action})) baseline with name `${profile}-${resolution}-waffle-menu`"}],"afterUserScenarioSteps": [],"afterSystemScenarioSteps": [{"outcome": "failed", "keyword": "FAILED", "value": "org.vividus.steps.AssertSteps.verifyIfAssertionsPassed()", "failure": "org.jbehave.core.failures.BeforeOrAfterFailed: Method verifyIfAssertionsPassed (annotated with @AfterScenario in class org.vividus.steps.AssertSteps) failed: org.vividus.softassert.exception.VerificationError: \r\n1) java.lang.AssertionError: Search context is not set\r\n\tat org.vividus.ui.context.UiContext.getSearchContext(UiContext.java:66)\r\n\tat org.vividus.ui.context.UiContext.getOptionalSearchContext(UiContext.java:49)\r\n\tat org.vividus.steps.ui.validation.BaseValidations.assertElementExists(BaseValidations.java:108)\r\n\tat org.vividus.steps.ui.web.ElementSteps.findAndClick(ElementSteps.java:332)\r\n\tat org.vividus.steps.ui.web.ElementSteps.clickOnElement(ElementSteps.java:322)\r\n2) java.lang.AssertionError: Search context is not set\r\n\tat org.vividus.ui.context.UiContext.getSearchContext(UiContext.java:66)\r\n\tat org.vividus.ui.context.UiContext.getOptionalSearchContext(UiContext.java:49)\r\n\tat org.vividus.steps.ui.validation.BaseValidations.assertElementExists(BaseValidations.java:108)\r\n\tat org.vividus.steps.ui.GenericSetContextSteps.lambda$resetAndSetContextToElement$2(GenericSetContextSteps.java:78)\r\n\tat org.vividus.steps.ui.GenericSetContextSteps.changeContext(GenericSetContextSteps.java:96)\r\n\tat org.vividus.steps.ui.GenericSetContextSteps.resetAndSetContextToElement(GenericSetContextSteps.java:78)\r\n3) java.lang.AssertionError: Search context is not set\r\n\tat org.vividus.ui.context.UiContext.getSearchContext(UiContext.java:66)\r\n\tat org.vividus.ui.context.UiContext.getOptionalSearchContext(UiContext.java:49)\r\n\tat org.vividus.visual.steps.AbstractVisualSteps.execute(AbstractVisualSteps.java:51)\r\n\tat org.vividus.visual.VisualSteps.lambda$performVisualAction$3(VisualSteps.java:346)\r\n\tat org.vividus.visual.VisualSteps.performVisualAction(VisualSteps.java:361)\r\n\tat org.vividus.visual.VisualSteps.performVisualAction(VisualSteps.java:339)\r\n\tat org.vividus.visual.VisualSteps.performVisualAction(VisualSteps.java:333)\r\n\tat org.vividus.visual.VisualSteps.runVisualTests(VisualSteps.java:89)\r\n"},{"outcome": "successful", "value": "org.vividus.visual.screenshot.ScenarioBasedIndexer.resetIndex()"},{"outcome": "successful", "value": "org.vividus.steps.WebUiVividusSetupSteps.afterScenario()"},{"outcome": "successful", "value": "org.vividus.http.CookieStoreProvider.resetScenarioCookies()"},{"outcome": "successful", "value": "org.vividus.steps.WebDriverSetupSteps.afterScenario()"}],"start":1692612049466,"end":1692612049508,"failure": "org.jbehave.core.failures.BeforeOrAfterFailed: Method verifyIfAssertionsPassed (annotated with @AfterScenario in class org.vividus.steps.AssertSteps) failed: org.vividus.softassert.exception.VerificationError: \n1) java.lang.AssertionError: Search context is not set\n\tat org.vividus.ui.context.UiContext.getSearchContext(UiContext.java:66)\n\tat org.vividus.ui.context.UiContext.getOptionalSearchContext(UiContext.java:49)\n\tat org.vividus.steps.ui.validation.BaseValidations.assertElementExists(BaseValidations.java:108)\n\tat org.vividus.steps.ui.web.ElementSteps.findAndClick(ElementSteps.java:332)\n\tat org.vividus.steps.ui.web.ElementSteps.clickOnElement(ElementSteps.java:322)\n2) java.lang.AssertionError: Search context is not set\n\tat org.vividus.ui.context.UiContext.getSearchContext(UiContext.java:66)\n\tat org.vividus.ui.context.UiContext.getOptionalSearchContext(UiContext.java:49)\n\tat org.vividus.steps.ui.validation.BaseValidations.assertElementExists(BaseValidations.java:108)\n\tat org.vividus.steps.ui.GenericSetContextSteps.lambda$resetAndSetContextToElement$2(GenericSetContextSteps.java:78)\n\tat org.vividus.steps.ui.GenericSetContextSteps.changeContext(GenericSetContextSteps.java:96)\n\tat org.vividus.steps.ui.GenericSetContextSteps.resetAndSetContextToElement(GenericSetContextSteps.java:78)\n3) java.lang.AssertionError: Search context is not set\n\tat org.vividus.ui.context.UiContext.getSearchContext(UiContext.java:66)\n\tat org.vividus.ui.context.UiContext.getOptionalSearchContext(UiContext.java:49)\n\tat org.vividus.visual.steps.AbstractVisualSteps.execute(AbstractVisualSteps.java:51)\n\tat org.vividus.visual.VisualSteps.lambda$performVisualAction$3(VisualSteps.java:346)\n\tat org.vividus.visual.VisualSteps.performVisualAction(VisualSteps.java:361)\n\tat org.vividus.visual.VisualSteps.performVisualAction(VisualSteps.java:339)\n\tat org.vividus.visual.VisualSteps.performVisualAction(VisualSteps.java:333)\n\tat org.vividus.visual.VisualSteps.runVisualTests(VisualSteps.java:89)\n\n\tat org.jbehave.core.steps.StepCreator$BeforeOrAfterStep.perform(StepCreator.java:703)\n\tat org.jbehave.core.steps.StepCreator$ReportingAbstractStep.perform(StepCreator.java:638)\n\tat org.jbehave.core.steps.StepCreator$DelegatingStep.perform(StepCreator.java:662)\n\tat org.jbehave.core.embedder.PerformableTree$FineSoFar.run(PerformableTree.java:379)\n\tat org.jbehave.core.embedder.PerformableTree$PerformableSteps.perform(PerformableTree.java:1441)\n\tat org.jbehave.core.embedder.PerformableTree$PerformableEntity.performHookSteps(PerformableTree.java:999)\n\tat org.jbehave.core.embedder.PerformableTree$PerformableEntity.performAfterSteps(PerformableTree.java:978)\n\tat org.jbehave.core.embedder.PerformableTree$AbstractPerformableScenario.lambda$performScenario$1(PerformableTree.java:1291)\n\tat org.jbehave.core.embedder.PerformableTree$PerformableEntity.performWithStopExecutionExceptionHandling(PerformableTree.java:967)\n\tat org.jbehave.core.embedder.PerformableTree$AbstractPerformableScenario.performScenario(PerformableTree.java:1276)\n\tat org.jbehave.core.embedder.PerformableTree$NormalPerformableScenario.perform(PerformableTree.java:1332)\n\tat org.jbehave.core.embedder.PerformableTree$PerformableScenario.perform(PerformableTree.java:1225)\n\tat org.jbehave.core.embedder.PerformableTree$PerformableStory.lambda$perform$0(PerformableTree.java:1090)\n\tat org.jbehave.core.embedder.PerformableTree$PerformableEntity.performWithStopExecutionExceptionHandling(PerformableTree.java:965)\n\tat org.jbehave.core.embedder.PerformableTree$PerformableStory.perform(PerformableTree.java:1082)\n\tat org.jbehave.core.embedder.PerformableTree.performCancellable(PerformableTree.java:521)\n\tat org.jbehave.core.embedder.PerformableTree.perform(PerformableTree.java:488)\n\tat org.jbehave.core.embedder.StoryManager$EnqueuedStory.call(StoryManager.java:305)\n\tat org.jbehave.core.embedder.StoryManager$EnqueuedStory.call(StoryManager.java:278)\n\tat java.base\/java.util.concurrent.FutureTask.run(FutureTask.java:264)\n\tat java.base\/java.util.concurrent.ThreadPoolExecutor.runWorker(ThreadPoolExecutor.java:1136)\n\tat java.base\/java.util.concurrent.ThreadPoolExecutor$Worker.run(ThreadPoolExecutor.java:635)\n\tat java.base\/java.lang.Thread.run(Thread.java:833)\nCaused by: org.vividus.softassert.exception.VerificationError: \n1) java.lang.AssertionError: Search context is not set\n\tat org.vividus.ui.context.UiContext.getSearchContext(UiContext.java:66)\n\tat org.vividus.ui.context.UiContext.getOptionalSearchContext(UiContext.java:49)\n\tat org.vividus.steps.ui.validation.BaseValidations.assertElementExists(BaseValidations.java:108)\n\tat org.vividus.steps.ui.web.ElementSteps.findAndClick(ElementSteps.java:332)\n\tat org.vividus.steps.ui.web.ElementSteps.clickOnElement(ElementSteps.java:322)\n2) java.lang.AssertionError: Search context is not set\n\tat org.vividus.ui.context.UiContext.getSearchContext(UiContext.java:66)\n\tat org.vividus.ui.context.UiContext.getOptionalSearchContext(UiContext.java:49)\n\tat org.vividus.steps.ui.validation.BaseValidations.assertElementExists(BaseValidations.java:108)\n\tat org.vividus.steps.ui.GenericSetContextSteps.lambda$resetAndSetContextToElement$2(GenericSetContextSteps.java:78)\n\tat org.vividus.steps.ui.GenericSetContextSteps.changeContext(GenericSetContextSteps.java:96)\n\tat org.vividus.steps.ui.GenericSetContextSteps.resetAndSetContextToElement(GenericSetContextSteps.java:78)\n3) java.lang.AssertionError: Search context is not set\n\tat org.vividus.ui.context.UiContext.getSearchContext(UiContext.java:66)\n\tat org.vividus.ui.context.UiContext.getOptionalSearchContext(UiContext.java:49)\n\tat org.vividus.visual.steps.AbstractVisualSteps.execute(AbstractVisualSteps.java:51)\n\tat org.vividus.visual.VisualSteps.lambda$performVisualAction$3(VisualSteps.java:346)\n\tat org.vividus.visual.VisualSteps.performVisualAction(VisualSteps.java:361)\n\tat org.vividus.visual.VisualSteps.performVisualAction(VisualSteps.java:339)\n\tat org.vividus.visual.VisualSteps.performVisualAction(VisualSteps.java:333)\n\tat org.vividus.visual.VisualSteps.runVisualTests(VisualSteps.java:89)\n\n\tat org.vividus.softassert.SoftAssert.verify(SoftAssert.java:298)\n\tat org.vividus.steps.AssertSteps.verifyIfAssertionsPassed(AssertSteps.java:45)\n\tat jdk.internal.reflect.GeneratedMethodAccessor40.invoke(Unknown Source)\n\tat java.base\/jdk.internal.reflect.DelegatingMethodAccessorImpl.invoke(DelegatingMethodAccessorImpl.java:43)\n\tat java.base\/java.lang.reflect.Method.invoke(Method.java:568)\n\tat org.jbehave.core.steps.StepCreator$MethodInvoker.invoke(StepCreator.java:1087)\n\tat org.jbehave.core.steps.StepCreator$BeforeOrAfterStep.perform(StepCreator.java:699)\n\t... 22 more\n" },{"keyword": "Scenario:", "id": "c8c8229c-d1f1-470e-af31-445b594ef4d0", "title": "check that user is redirected to correct page after clicking on dropdown tile","meta": [{"keyword": "@", "name": "testCaseId", "value": "NUC-379"}],"examples": {"keyword": "Examples:","steps": ["When I click on element located by `testId(<tile-id>)`","Then `#{extractPathFromUrl(${current-page-url})}` is equal to `<page-url>`","When I change context to element located by `xpath(\/\/header)`","When I click on element located by `testId(jnj-flyout-menu)`","When I change context to element located by `xpath(\/\/*[@data-test-id='<tile-id>']\/..)`"],"parameters": {"names": ["tile-id","page-url"],"values": [["jnj-my-cases-tile-button","\/my-cases"],["jnj-live-session-tile-button","\/live-session"],["jnj-library-tile-button","\/library"],["jnj-insights-tile-button","\/insights"]]},"examples": [{"keyword": "Example:", "parameters": {"page-url":"\/my-cases","tile-id":"jnj-my-cases-tile-button","critical_path":"","layout":"desktop","testCaseId":"NUC-379"},"beforeSystemScenarioSteps": [{"outcome": "successful", "value": "org.vividus.steps.WebDriverSetupSteps.beforeScenario()"}],"beforeUserScenarioSteps": [],"steps": [{"outcome": "successful", "value": "When I click on element located by `testId(((jnj-my-cases-tile-button)))`"},{"outcome": "successful", "value": "Then `#{extractPathFromUrl(${current-page-url})}` is ((equal to)) `((\/my-cases))`"},{"outcome": "successful", "value": "When I change context to element located by `xpath(\/\/header)`"},{"outcome": "successful", "value": "When I click on element located by `testId(jnj-flyout-menu)`"},{"outcome": "successful", "value": "When I change context to element located by `xpath(\/\/*[@data-test-id='((jnj-my-cases-tile-button))']\/..)`"}],"afterUserScenarioSteps": [],"afterSystemScenarioSteps": [{"outcome": "failed", "keyword": "FAILED", "value": "org.vividus.steps.AssertSteps.verifyIfAssertionsPassed()", "failure": "org.jbehave.core.failures.BeforeOrAfterFailed: Method verifyIfAssertionsPassed (annotated with @AfterScenario in class org.vividus.steps.AssertSteps) failed: org.vividus.softassert.exception.VerificationError: \r\n1) java.lang.AssertionError: Search context is not set\r\n\tat org.vividus.ui.context.UiContext.getSearchContext(UiContext.java:66)\r\n\tat org.vividus.ui.context.UiContext.getOptionalSearchContext(UiContext.java:49)\r\n\tat org.vividus.steps.ui.validation.BaseValidations.assertElementExists(BaseValidations.java:108)\r\n\tat org.vividus.steps.ui.web.ElementSteps.findAndClick(ElementSteps.java:332)\r\n\tat org.vividus.steps.ui.web.ElementSteps.clickOnElement(ElementSteps.java:322)\r\n2) java.lang.AssertionError: Checking if \"#{extractPathFromUrl(${current-page-url})}\" is equal to \"\/my-cases\" [Expected: \"\/my-cases\" Actual: was \"#{extractPathFromUrl(${current-page-url})}\"]\r\n\tat org.vividus.steps.VariablesSteps$1.compareValues(VariablesSteps.java:74)\r\n\tat org.vividus.steps.VariableComparator.compare(VariableComparator.java:50)\r\n\tat org.vividus.steps.VariablesSteps.compareVariables(VariablesSteps.java:129)\r\n3) java.lang.AssertionError: Search context is not set\r\n\tat org.vividus.ui.context.UiContext.getSearchContext(UiContext.java:66)\r\n\tat org.vividus.ui.context.UiContext.getOptionalSearchContext(UiContext.java:49)\r\n\tat org.vividus.steps.ui.validation.BaseValidations.assertElementExists(BaseValidations.java:108)\r\n\tat org.vividus.steps.ui.GenericSetContextSteps.lambda$resetAndSetContextToElement$2(GenericSetContextSteps.java:78)\r\n\tat org.vividus.steps.ui.GenericSetContextSteps.changeContext(GenericSetContextSteps.java:96)\r\n\tat org.vividus.steps.ui.GenericSetContextSteps.resetAndSetContextToElement(GenericSetContextSteps.java:78)\r\n4) java.lang.AssertionError: Search context is not set\r\n\tat org.vividus.ui.context.UiContext.getSearchContext(UiContext.java:66)\r\n\tat org.vividus.ui.context.UiContext.getOptionalSearchContext(UiContext.java:49)\r\n\tat org.vividus.steps.ui.validation.BaseValidations.assertElementExists(BaseValidations.java:108)\r\n\tat org.vividus.steps.ui.web.ElementSteps.findAndClick(ElementSteps.java:332)\r\n\tat org.vividus.steps.ui.web.ElementSteps.clickOnElement(ElementSteps.java:322)\r\n5) java.lang.AssertionError: Search context is not set\r\n\tat org.vividus.ui.context.UiContext.getSearchContext(UiContext.java:66)\r\n\tat org.vividus.ui.context.UiContext.getOptionalSearchContext(UiContext.java:49)\r\n\tat org.vividus.steps.ui.validation.BaseValidations.assertElementExists(BaseValidations.java:108)\r\n\tat org.vividus.steps.ui.GenericSetContextSteps.lambda$resetAndSetContextToElement$2(GenericSetContextSteps.java:78)\r\n\tat org.vividus.steps.ui.GenericSetContextSteps.changeContext(GenericSetContextSteps.java:96)\r\n\tat org.vividus.steps.ui.GenericSetContextSteps.resetAndSetContextToElement(GenericSetContextSteps.java:78)\r\n"},{"outcome": "successful", "value": "org.vividus.visual.screenshot.ScenarioBasedIndexer.resetIndex()"},{"outcome": "successful", "value": "org.vividus.steps.WebUiVividusSetupSteps.afterScenario()"},{"outcome": "successful", "value": "org.vividus.http.CookieStoreProvider.resetScenarioCookies()"},{"outcome": "successful", "value": "org.vividus.steps.WebDriverSetupSteps.afterScenario()"}]},{"keyword": "Example:", "parameters": {"page-url":"\/live-session","tile-id":"jnj-live-session-tile-button","critical_path":"","layout":"desktop","testCaseId":"NUC-379"},"beforeSystemScenarioSteps": [{"outcome": "successful", "value": "org.vividus.steps.WebDriverSetupSteps.beforeScenario()"}],"beforeUserScenarioSteps": [],"steps": [{"outcome": "successful", "value": "When I click on element located by `testId(((jnj-live-session-tile-button)))`"},{"outcome": "successful", "value": "Then `#{extractPathFromUrl(${current-page-url})}` is ((equal to)) `((\/live-session))`"},{"outcome": "successful", "value": "When I change context to element located by `xpath(\/\/header)`"},{"outcome": "successful", "value": "When I click on element located by `testId(jnj-flyout-menu)`"},{"outcome": "successful", "value": "When I change context to element located by `xpath(\/\/*[@data-test-id='((jnj-live-session-tile-button))']\/..)`"}],"afterUserScenarioSteps": [],"afterSystemScenarioSteps": [{"outcome": "failed", "keyword": "FAILED", "value": "org.vividus.steps.AssertSteps.verifyIfAssertionsPassed()", "failure": "org.jbehave.core.failures.BeforeOrAfterFailed: Method verifyIfAssertionsPassed (annotated with @AfterScenario in class org.vividus.steps.AssertSteps) failed: org.vividus.softassert.exception.VerificationError: \r\n1) java.lang.AssertionError: Search context is not set\r\n\tat org.vividus.ui.context.UiContext.getSearchContext(UiContext.java:66)\r\n\tat org.vividus.ui.context.UiContext.getOptionalSearchContext(UiContext.java:49)\r\n\tat org.vividus.steps.ui.validation.BaseValidations.assertElementExists(BaseValidations.java:108)\r\n\tat org.vividus.steps.ui.web.ElementSteps.findAndClick(ElementSteps.java:332)\r\n\tat org.vividus.steps.ui.web.ElementSteps.clickOnElement(ElementSteps.java:322)\r\n2) java.lang.AssertionError: Checking if \"#{extractPathFromUrl(${current-page-url})}\" is equal to \"\/live-session\" [Expected: \"\/live-session\" Actual: was \"#{extractPathFromUrl(${current-page-url})}\"]\r\n\tat org.vividus.steps.VariablesSteps$1.compareValues(VariablesSteps.java:74)\r\n\tat org.vividus.steps.VariableComparator.compare(VariableComparator.java:50)\r\n\tat org.vividus.steps.VariablesSteps.compareVariables(VariablesSteps.java:129)\r\n3) java.lang.AssertionError: Search context is not set\r\n\tat org.vividus.ui.context.UiContext.getSearchContext(UiContext.java:66)\r\n\tat org.vividus.ui.context.UiContext.getOptionalSearchContext(UiContext.java:49)\r\n\tat org.vividus.steps.ui.validation.BaseValidations.assertElementExists(BaseValidations.java:108)\r\n\tat org.vividus.steps.ui.GenericSetContextSteps.lambda$resetAndSetContextToElement$2(GenericSetContextSteps.java:78)\r\n\tat org.vividus.steps.ui.GenericSetContextSteps.changeContext(GenericSetContextSteps.java:96)\r\n\tat org.vividus.steps.ui.GenericSetContextSteps.resetAndSetContextToElement(GenericSetContextSteps.java:78)\r\n4) java.lang.AssertionError: Search context is not set\r\n\tat org.vividus.ui.context.UiContext.getSearchContext(UiContext.java:66)\r\n\tat org.vividus.ui.context.UiContext.getOptionalSearchContext(UiContext.java:49)\r\n\tat org.vividus.steps.ui.validation.BaseValidations.assertElementExists(BaseValidations.java:108)\r\n\tat org.vividus.steps.ui.web.ElementSteps.findAndClick(ElementSteps.java:332)\r\n\tat org.vividus.steps.ui.web.ElementSteps.clickOnElement(ElementSteps.java:322)\r\n5) java.lang.AssertionError: Search context is not set\r\n\tat org.vividus.ui.context.UiContext.getSearchContext(UiContext.java:66)\r\n\tat org.vividus.ui.context.UiContext.getOptionalSearchContext(UiContext.java:49)\r\n\tat org.vividus.steps.ui.validation.BaseValidations.assertElementExists(BaseValidations.java:108)\r\n\tat org.vividus.steps.ui.GenericSetContextSteps.lambda$resetAndSetContextToElement$2(GenericSetContextSteps.java:78)\r\n\tat org.vividus.steps.ui.GenericSetContextSteps.changeContext(GenericSetContextSteps.java:96)\r\n\tat org.vividus.steps.ui.GenericSetContextSteps.resetAndSetContextToElement(GenericSetContextSteps.java:78)\r\n"},{"outcome": "successful", "value": "org.vividus.visual.screenshot.ScenarioBasedIndexer.resetIndex()"},{"outcome": "successful", "value": "org.vividus.steps.WebUiVividusSetupSteps.afterScenario()"},{"outcome": "successful", "value": "org.vividus.http.CookieStoreProvider.resetScenarioCookies()"},{"outcome": "successful", "value": "org.vividus.steps.WebDriverSetupSteps.afterScenario()"}]},{"keyword": "Example:", "parameters": {"page-url":"\/library","tile-id":"jnj-library-tile-button","critical_path":"","layout":"desktop","testCaseId":"NUC-379"},"beforeSystemScenarioSteps": [{"outcome": "successful", "value": "org.vividus.steps.WebDriverSetupSteps.beforeScenario()"}],"beforeUserScenarioSteps": [],"steps": [{"outcome": "successful", "value": "When I click on element located by `testId(((jnj-library-tile-button)))`"},{"outcome": "successful", "value": "Then `#{extractPathFromUrl(${current-page-url})}` is ((equal to)) `((\/library))`"},{"outcome": "successful", "value": "When I change context to element located by `xpath(\/\/header)`"},{"outcome": "successful", "value": "When I click on element located by `testId(jnj-flyout-menu)`"},{"outcome": "successful", "value": "When I change context to element located by `xpath(\/\/*[@data-test-id='((jnj-library-tile-button))']\/..)`"}],"afterUserScenarioSteps": [],"afterSystemScenarioSteps": [{"outcome": "failed", "keyword": "FAILED", "value": "org.vividus.steps.AssertSteps.verifyIfAssertionsPassed()", "failure": "org.jbehave.core.failures.BeforeOrAfterFailed: Method verifyIfAssertionsPassed (annotated with @AfterScenario in class org.vividus.steps.AssertSteps) failed: org.vividus.softassert.exception.VerificationError: \r\n1) java.lang.AssertionError: Search context is not set\r\n\tat org.vividus.ui.context.UiContext.getSearchContext(UiContext.java:66)\r\n\tat org.vividus.ui.context.UiContext.getOptionalSearchContext(UiContext.java:49)\r\n\tat org.vividus.steps.ui.validation.BaseValidations.assertElementExists(BaseValidations.java:108)\r\n\tat org.vividus.steps.ui.web.ElementSteps.findAndClick(ElementSteps.java:332)\r\n\tat org.vividus.steps.ui.web.ElementSteps.clickOnElement(ElementSteps.java:322)\r\n2) java.lang.AssertionError: Checking if \"#{extractPathFromUrl(${current-page-url})}\" is equal to \"\/library\" [Expected: \"\/library\" Actual: was \"#{extractPathFromUrl(${current-page-url})}\"]\r\n\tat org.vividus.steps.VariablesSteps$1.compareValues(VariablesSteps.java:74)\r\n\tat org.vividus.steps.VariableComparator.compare(VariableComparator.java:50)\r\n\tat org.vividus.steps.VariablesSteps.compareVariables(VariablesSteps.java:129)\r\n3) java.lang.AssertionError: Search context is not set\r\n\tat org.vividus.ui.context.UiContext.getSearchContext(UiContext.java:66)\r\n\tat org.vividus.ui.context.UiContext.getOptionalSearchContext(UiContext.java:49)\r\n\tat org.vividus.steps.ui.validation.BaseValidations.assertElementExists(BaseValidations.java:108)\r\n\tat org.vividus.steps.ui.GenericSetContextSteps.lambda$resetAndSetContextToElement$2(GenericSetContextSteps.java:78)\r\n\tat org.vividus.steps.ui.GenericSetContextSteps.changeContext(GenericSetContextSteps.java:96)\r\n\tat org.vividus.steps.ui.GenericSetContextSteps.resetAndSetContextToElement(GenericSetContextSteps.java:78)\r\n4) java.lang.AssertionError: Search context is not set\r\n\tat org.vividus.ui.context.UiContext.getSearchContext(UiContext.java:66)\r\n\tat org.vividus.ui.context.UiContext.getOptionalSearchContext(UiContext.java:49)\r\n\tat org.vividus.steps.ui.validation.BaseValidations.assertElementExists(BaseValidations.java:108)\r\n\tat org.vividus.steps.ui.web.ElementSteps.findAndClick(ElementSteps.java:332)\r\n\tat org.vividus.steps.ui.web.ElementSteps.clickOnElement(ElementSteps.java:322)\r\n5) java.lang.AssertionError: Search context is not set\r\n\tat org.vividus.ui.context.UiContext.getSearchContext(UiContext.java:66)\r\n\tat org.vividus.ui.context.UiContext.getOptionalSearchContext(UiContext.java:49)\r\n\tat org.vividus.steps.ui.validation.BaseValidations.assertElementExists(BaseValidations.java:108)\r\n\tat org.vividus.steps.ui.GenericSetContextSteps.lambda$resetAndSetContextToElement$2(GenericSetContextSteps.java:78)\r\n\tat org.vividus.steps.ui.GenericSetContextSteps.changeContext(GenericSetContextSteps.java:96)\r\n\tat org.vividus.steps.ui.GenericSetContextSteps.resetAndSetContextToElement(GenericSetContextSteps.java:78)\r\n"},{"outcome": "successful", "value": "org.vividus.visual.screenshot.ScenarioBasedIndexer.resetIndex()"},{"outcome": "successful", "value": "org.vividus.steps.WebUiVividusSetupSteps.afterScenario()"},{"outcome": "successful", "value": "org.vividus.http.CookieStoreProvider.resetScenarioCookies()"},{"outcome": "successful", "value": "org.vividus.steps.WebDriverSetupSteps.afterScenario()"}]},{"keyword": "Example:", "parameters": {"page-url":"\/insights","tile-id":"jnj-insights-tile-button","critical_path":"","layout":"desktop","testCaseId":"NUC-379"},"beforeSystemScenarioSteps": [{"outcome": "successful", "value": "org.vividus.steps.WebDriverSetupSteps.beforeScenario()"}],"beforeUserScenarioSteps": [],"steps": [{"outcome": "successful", "value": "When I click on element located by `testId(((jnj-insights-tile-button)))`"},{"outcome": "successful", "value": "Then `#{extractPathFromUrl(${current-page-url})}` is ((equal to)) `((\/insights))`"},{"outcome": "successful", "value": "When I change context to element located by `xpath(\/\/header)`"},{"outcome": "successful", "value": "When I click on element located by `testId(jnj-flyout-menu)`"},{"outcome": "successful", "value": "When I change context to element located by `xpath(\/\/*[@data-test-id='((jnj-insights-tile-button))']\/..)`"}],"afterUserScenarioSteps": [],"afterSystemScenarioSteps": [{"outcome": "failed", "keyword": "FAILED", "value": "org.vividus.steps.AssertSteps.verifyIfAssertionsPassed()", "failure": "org.jbehave.core.failures.BeforeOrAfterFailed: Method verifyIfAssertionsPassed (annotated with @AfterScenario in class org.vividus.steps.AssertSteps) failed: org.vividus.softassert.exception.VerificationError: \r\n1) java.lang.AssertionError: Search context is not set\r\n\tat org.vividus.ui.context.UiContext.getSearchContext(UiContext.java:66)\r\n\tat org.vividus.ui.context.UiContext.getOptionalSearchContext(UiContext.java:49)\r\n\tat org.vividus.steps.ui.validation.BaseValidations.assertElementExists(BaseValidations.java:108)\r\n\tat org.vividus.steps.ui.web.ElementSteps.findAndClick(ElementSteps.java:332)\r\n\tat org.vividus.steps.ui.web.ElementSteps.clickOnElement(ElementSteps.java:322)\r\n2) java.lang.AssertionError: Checking if \"#{extractPathFromUrl(${current-page-url})}\" is equal to \"\/insights\" [Expected: \"\/insights\" Actual: was \"#{extractPathFromUrl(${current-page-url})}\"]\r\n\tat org.vividus.steps.VariablesSteps$1.compareValues(VariablesSteps.java:74)\r\n\tat org.vividus.steps.VariableComparator.compare(VariableComparator.java:50)\r\n\tat org.vividus.steps.VariablesSteps.compareVariables(VariablesSteps.java:129)\r\n3) java.lang.AssertionError: Search context is not set\r\n\tat org.vividus.ui.context.UiContext.getSearchContext(UiContext.java:66)\r\n\tat org.vividus.ui.context.UiContext.getOptionalSearchContext(UiContext.java:49)\r\n\tat org.vividus.steps.ui.validation.BaseValidations.assertElementExists(BaseValidations.java:108)\r\n\tat org.vividus.steps.ui.GenericSetContextSteps.lambda$resetAndSetContextToElement$2(GenericSetContextSteps.java:78)\r\n\tat org.vividus.steps.ui.GenericSetContextSteps.changeContext(GenericSetContextSteps.java:96)\r\n\tat org.vividus.steps.ui.GenericSetContextSteps.resetAndSetContextToElement(GenericSetContextSteps.java:78)\r\n4) java.lang.AssertionError: Search context is not set\r\n\tat org.vividus.ui.context.UiContext.getSearchContext(UiContext.java:66)\r\n\tat org.vividus.ui.context.UiContext.getOptionalSearchContext(UiContext.java:49)\r\n\tat org.vividus.steps.ui.validation.BaseValidations.assertElementExists(BaseValidations.java:108)\r\n\tat org.vividus.steps.ui.web.ElementSteps.findAndClick(ElementSteps.java:332)\r\n\tat org.vividus.steps.ui.web.ElementSteps.clickOnElement(ElementSteps.java:322)\r\n5) java.lang.AssertionError: Search context is not set\r\n\tat org.vividus.ui.context.UiContext.getSearchContext(UiContext.java:66)\r\n\tat org.vividus.ui.context.UiContext.getOptionalSearchContext(UiContext.java:49)\r\n\tat org.vividus.steps.ui.validation.BaseValidations.assertElementExists(BaseValidations.java:108)\r\n\tat org.vividus.steps.ui.GenericSetContextSteps.lambda$resetAndSetContextToElement$2(GenericSetContextSteps.java:78)\r\n\tat org.vividus.steps.ui.GenericSetContextSteps.changeContext(GenericSetContextSteps.java:96)\r\n\tat org.vividus.steps.ui.GenericSetContextSteps.resetAndSetContextToElement(GenericSetContextSteps.java:78)\r\n"},{"outcome": "successful", "value": "org.vividus.visual.screenshot.ScenarioBasedIndexer.resetIndex()"},{"outcome": "successful", "value": "org.vividus.steps.WebUiVividusSetupSteps.afterScenario()"},{"outcome": "successful", "value": "org.vividus.http.CookieStoreProvider.resetScenarioCookies()"},{"outcome": "successful", "value": "org.vividus.steps.WebDriverSetupSteps.afterScenario()"}]}]},"start":1692612049521,"end":1692612049795,"failure": "org.jbehave.core.failures.BeforeOrAfterFailed: Method verifyIfAssertionsPassed (annotated with @AfterScenario in class org.vividus.steps.AssertSteps) failed: org.vividus.softassert.exception.VerificationError: \n1) java.lang.AssertionError: Search context is not set\n\tat org.vividus.ui.context.UiContext.getSearchContext(UiContext.java:66)\n\tat org.vividus.ui.context.UiContext.getOptionalSearchContext(UiContext.java:49)\n\tat org.vividus.steps.ui.validation.BaseValidations.assertElementExists(BaseValidations.java:108)\n\tat org.vividus.steps.ui.web.ElementSteps.findAndClick(ElementSteps.java:332)\n\tat org.vividus.steps.ui.web.ElementSteps.clickOnElement(ElementSteps.java:322)\n2) java.lang.AssertionError: Checking if \"#{extractPathFromUrl(${current-page-url})}\" is equal to \"\/insights\" [Expected: \"\/insights\" Actual: was \"#{extractPathFromUrl(${current-page-url})}\"]\n\tat org.vividus.steps.VariablesSteps$1.compareValues(VariablesSteps.java:74)\n\tat org.vividus.steps.VariableComparator.compare(VariableComparator.java:50)\n\tat org.vividus.steps.VariablesSteps.compareVariables(VariablesSteps.java:129)\n3) java.lang.AssertionError: Search context is not set\n\tat org.vividus.ui.context.UiContext.getSearchContext(UiContext.java:66)\n\tat org.vividus.ui.context.UiContext.getOptionalSearchContext(UiContext.java:49)\n\tat org.vividus.steps.ui.validation.BaseValidations.assertElementExists(BaseValidations.java:108)\n\tat org.vividus.steps.ui.GenericSetContextSteps.lambda$resetAndSetContextToElement$2(GenericSetContextSteps.java:78)\n\tat org.vividus.steps.ui.GenericSetContextSteps.changeContext(GenericSetContextSteps.java:96)\n\tat org.vividus.steps.ui.GenericSetContextSteps.resetAndSetContextToElement(GenericSetContextSteps.java:78)\n4) java.lang.AssertionError: Search context is not set\n\tat org.vividus.ui.context.UiContext.getSearchContext(UiContext.java:66)\n\tat org.vividus.ui.context.UiContext.getOptionalSearchContext(UiContext.java:49)\n\tat org.vividus.steps.ui.validation.BaseValidations.assertElementExists(BaseValidations.java:108)\n\tat org.vividus.steps.ui.web.ElementSteps.findAndClick(ElementSteps.java:332)\n\tat org.vividus.steps.ui.web.ElementSteps.clickOnElement(ElementSteps.java:322)\n5) java.lang.AssertionError: Search context is not set\n\tat org.vividus.ui.context.UiContext.getSearchContext(UiContext.java:66)\n\tat org.vividus.ui.context.UiContext.getOptionalSearchContext(UiContext.java:49)\n\tat org.vividus.steps.ui.validation.BaseValidations.assertElementExists(BaseValidations.java:108)\n\tat org.vividus.steps.ui.GenericSetContextSteps.lambda$resetAndSetContextToElement$2(GenericSetContextSteps.java:78)\n\tat org.vividus.steps.ui.GenericSetContextSteps.changeContext(GenericSetContextSteps.java:96)\n\tat org.vividus.steps.ui.GenericSetContextSteps.resetAndSetContextToElement(GenericSetContextSteps.java:78)\n\n\tat org.jbehave.core.steps.StepCreator$BeforeOrAfterStep.perform(StepCreator.java:703)\n\tat org.jbehave.core.steps.StepCreator$ReportingAbstractStep.perform(StepCreator.java:638)\n\tat org.jbehave.core.steps.StepCreator$DelegatingStep.perform(StepCreator.java:662)\n\tat org.jbehave.core.embedder.PerformableTree$FineSoFar.run(PerformableTree.java:379)\n\tat org.jbehave.core.embedder.PerformableTree$PerformableSteps.perform(PerformableTree.java:1441)\n\tat org.jbehave.core.embedder.PerformableTree$PerformableEntity.performHookSteps(PerformableTree.java:999)\n\tat org.jbehave.core.embedder.PerformableTree$PerformableEntity.performAfterSteps(PerformableTree.java:978)\n\tat org.jbehave.core.embedder.PerformableTree$AbstractPerformableScenario.lambda$performScenario$1(PerformableTree.java:1291)\n\tat org.jbehave.core.embedder.PerformableTree$PerformableEntity.performWithStopExecutionExceptionHandling(PerformableTree.java:967)\n\tat org.jbehave.core.embedder.PerformableTree$AbstractPerformableScenario.performScenario(PerformableTree.java:1276)\n\tat org.jbehave.core.embedder.PerformableTree$ExamplePerformableScenario.perform(PerformableTree.java:1353)\n\tat org.jbehave.core.embedder.PerformableTree$PerformableScenario.perform(PerformableTree.java:1220)\n\tat org.jbehave.core.embedder.PerformableTree$PerformableStory.lambda$perform$0(PerformableTree.java:1090)\n\tat org.jbehave.core.embedder.PerformableTree$PerformableEntity.performWithStopExecutionExceptionHandling(PerformableTree.java:965)\n\tat org.jbehave.core.embedder.PerformableTree$PerformableStory.perform(PerformableTree.java:1082)\n\tat org.jbehave.core.embedder.PerformableTree.performCancellable(PerformableTree.java:521)\n\tat org.jbehave.core.embedder.PerformableTree.perform(PerformableTree.java:488)\n\tat org.jbehave.core.embedder.StoryManager$EnqueuedStory.call(StoryManager.java:305)\n\tat org.jbehave.core.embedder.StoryManager$EnqueuedStory.call(StoryManager.java:278)\n\tat java.base\/java.util.concurrent.FutureTask.run(FutureTask.java:264)\n\tat java.base\/java.util.concurrent.ThreadPoolExecutor.runWorker(ThreadPoolExecutor.java:1136)\n\tat java.base\/java.util.concurrent.ThreadPoolExecutor$Worker.run(ThreadPoolExecutor.java:635)\n\tat java.base\/java.lang.Thread.run(Thread.java:833)\nCaused by: org.vividus.softassert.exception.VerificationError: \n1) java.lang.AssertionError: Search context is not set\n\tat org.vividus.ui.context.UiContext.getSearchContext(UiContext.java:66)\n\tat org.vividus.ui.context.UiContext.getOptionalSearchContext(UiContext.java:49)\n\tat org.vividus.steps.ui.validation.BaseValidations.assertElementExists(BaseValidations.java:108)\n\tat org.vividus.steps.ui.web.ElementSteps.findAndClick(ElementSteps.java:332)\n\tat org.vividus.steps.ui.web.ElementSteps.clickOnElement(ElementSteps.java:322)\n2) java.lang.AssertionError: Checking if \"#{extractPathFromUrl(${current-page-url})}\" is equal to \"\/insights\" [Expected: \"\/insights\" Actual: was \"#{extractPathFromUrl(${current-page-url})}\"]\n\tat org.vividus.steps.VariablesSteps$1.compareValues(VariablesSteps.java:74)\n\tat org.vividus.steps.VariableComparator.compare(VariableComparator.java:50)\n\tat org.vividus.steps.VariablesSteps.compareVariables(VariablesSteps.java:129)\n3) java.lang.AssertionError: Search context is not set\n\tat org.vividus.ui.context.UiContext.getSearchContext(UiContext.java:66)\n\tat org.vividus.ui.context.UiContext.getOptionalSearchContext(UiContext.java:49)\n\tat org.vividus.steps.ui.validation.BaseValidations.assertElementExists(BaseValidations.java:108)\n\tat org.vividus.steps.ui.GenericSetContextSteps.lambda$resetAndSetContextToElement$2(GenericSetContextSteps.java:78)\n\tat org.vividus.steps.ui.GenericSetContextSteps.changeContext(GenericSetContextSteps.java:96)\n\tat org.vividus.steps.ui.GenericSetContextSteps.resetAndSetContextToElement(GenericSetContextSteps.java:78)\n4) java.lang.AssertionError: Search context is not set\n\tat org.vividus.ui.context.UiContext.getSearchContext(UiContext.java:66)\n\tat org.vividus.ui.context.UiContext.getOptionalSearchContext(UiContext.java:49)\n\tat org.vividus.steps.ui.validation.BaseValidations.assertElementExists(BaseValidations.java:108)\n\tat org.vividus.steps.ui.web.ElementSteps.findAndClick(ElementSteps.java:332)\n\tat org.vividus.steps.ui.web.ElementSteps.clickOnElement(ElementSteps.java:322)\n5) java.lang.AssertionError: Search context is not set\n\tat org.vividus.ui.context.UiContext.getSearchContext(UiContext.java:66)\n\tat org.vividus.ui.context.UiContext.getOptionalSearchContext(UiContext.java:49)\n\tat org.vividus.steps.ui.validation.BaseValidations.assertElementExists(BaseValidations.java:108)\n\tat org.vividus.steps.ui.GenericSetContextSteps.lambda$resetAndSetContextToElement$2(GenericSetContextSteps.java:78)\n\tat org.vividus.steps.ui.GenericSetContextSteps.changeContext(GenericSetContextSteps.java:96)\n\tat org.vividus.steps.ui.GenericSetContextSteps.resetAndSetContextToElement(GenericSetContextSteps.java:78)\n\n\tat org.vividus.softassert.SoftAssert.verify(SoftAssert.java:298)\n\tat org.vividus.steps.AssertSteps.verifyIfAssertionsPassed(AssertSteps.java:45)\n\tat jdk.internal.reflect.GeneratedMethodAccessor40.invoke(Unknown Source)\n\tat java.base\/jdk.internal.reflect.DelegatingMethodAccessorImpl.invoke(DelegatingMethodAccessorImpl.java:43)\n\tat java.base\/java.lang.reflect.Method.invoke(Method.java:568)\n\tat org.jbehave.core.steps.StepCreator$MethodInvoker.invoke(StepCreator.java:1087)\n\tat org.jbehave.core.steps.StepCreator$BeforeOrAfterStep.perform(StepCreator.java:699)\n\t... 22 more\n" }],"afterUserStorySteps": [],"afterSystemStorySteps": [{"outcome": "successful", "value": "org.vividus.steps.WebDriverSetupSteps.afterStory()"},{"outcome": "successful", "value": "org.vividus.http.CookieStoreProvider.resetStoryCookies()"}]}