{"id": "48999905-3463-48c2-bfdb-423a1bf0dac4", "path": "file:\/C:\/01.Projects\/05.JAJ-MTDF\/jnj-auto-tests\/output\/resources\/main\/story\/nucleus\/web\/new_ep_of_care.story", "title": "","meta": [{"keyword": "@", "name": "critical_path", "value": ""},{"keyword": "@", "name": "layout", "value": "desktop"}],"beforeSystemStorySteps": [{"outcome": "successful", "value": "org.vividus.steps.WebDriverSetupSteps.beforeStory()"}],"beforeUserStorySteps": [],"scenarios": [{"keyword": "Scenario:", "id": "21ce4bb5-ae9b-4f2e-a5e5-7027fe4f25b6", "title": "fill patient form fields","meta": [{"keyword": "@", "name": "given-1", "value": "scenario-1"}],"beforeSystemScenarioSteps": [{"outcome": "successful", "value": "org.vividus.steps.WebDriverSetupSteps.beforeScenario()"}],"beforeUserScenarioSteps": [],"steps": [{"outcome": "successful", "value": "When I enter `#{generate(regexify '[0-9]{8}')}` in field located by `fieldName(patientId)`"},{"outcome": "successful", "value": "When I enter `#{generate(Name.firstName)}` in field located by `fieldName(firstName)`"},{"outcome": "successful", "value": "When I enter `#{generate(Name.lastName)}` in field located by `fieldName(lastName)`"},{"outcome": "successful", "value": "When I enter `#{randomInt(1, 30)}` in field located by `fieldName(bmi)`"},{"outcome": "successful", "value": "When I click on element located by `xpath(\/\/*[@aria-label='Choose date'])`"},{"outcome": "successful", "value": "When I click on element located by `xpath(\/\/*[@aria-current='date'])`"},{"outcome": "successful", "value": "When I click on element located by `testId(jnj-patient-form-gender)`"},{"outcome": "successful", "value": "When I click on element located by `xpath(\/\/*[@role='option'])->filter.index(#{generate(regexify '[1-3]')})`"}],"afterUserScenarioSteps": [],"afterSystemScenarioSteps": [{"outcome": "failed", "keyword": "FAILED", "value": "org.vividus.steps.AssertSteps.verifyIfAssertionsPassed()", "failure": "org.jbehave.core.failures.BeforeOrAfterFailed: Method verifyIfAssertionsPassed (annotated with @AfterScenario in class org.vividus.steps.AssertSteps) failed: org.vividus.softassert.exception.VerificationError: \r\n1) java.lang.AssertionError: Search context is not set\r\n\tat org.vividus.ui.context.UiContext.getSearchContext(UiContext.java:66)\r\n\tat org.vividus.ui.context.UiContext.getOptionalSearchContext(UiContext.java:49)\r\n\tat org.vividus.steps.ui.validation.BaseValidations.assertElementExists(BaseValidations.java:108)\r\n\tat org.vividus.steps.ui.web.FieldSteps.enterTextInField(FieldSteps.java:267)\r\n\tat org.vividus.steps.ui.web.FieldSteps.enterTextInField(FieldSteps.java:262)\r\n2) java.lang.AssertionError: Search context is not set\r\n\tat org.vividus.ui.context.UiContext.getSearchContext(UiContext.java:66)\r\n\tat org.vividus.ui.context.UiContext.getOptionalSearchContext(UiContext.java:49)\r\n\tat org.vividus.steps.ui.validation.BaseValidations.assertElementExists(BaseValidations.java:108)\r\n\tat org.vividus.steps.ui.web.FieldSteps.enterTextInField(FieldSteps.java:267)\r\n\tat org.vividus.steps.ui.web.FieldSteps.enterTextInField(FieldSteps.java:262)\r\n3) java.lang.AssertionError: Search context is not set\r\n\tat org.vividus.ui.context.UiContext.getSearchContext(UiContext.java:66)\r\n\tat org.vividus.ui.context.UiContext.getOptionalSearchContext(UiContext.java:49)\r\n\tat org.vividus.steps.ui.validation.BaseValidations.assertElementExists(BaseValidations.java:108)\r\n\tat org.vividus.steps.ui.web.FieldSteps.enterTextInField(FieldSteps.java:267)\r\n\tat org.vividus.steps.ui.web.FieldSteps.enterTextInField(FieldSteps.java:262)\r\n4) java.lang.AssertionError: Search context is not set\r\n\tat org.vividus.ui.context.UiContext.getSearchContext(UiContext.java:66)\r\n\tat org.vividus.ui.context.UiContext.getOptionalSearchContext(UiContext.java:49)\r\n\tat org.vividus.steps.ui.validation.BaseValidations.assertElementExists(BaseValidations.java:108)\r\n\tat org.vividus.steps.ui.web.FieldSteps.enterTextInField(FieldSteps.java:267)\r\n\tat org.vividus.steps.ui.web.FieldSteps.enterTextInField(FieldSteps.java:262)\r\n5) java.lang.AssertionError: Search context is not set\r\n\tat org.vividus.ui.context.UiContext.getSearchContext(UiContext.java:66)\r\n\tat org.vividus.ui.context.UiContext.getOptionalSearchContext(UiContext.java:49)\r\n\tat org.vividus.steps.ui.validation.BaseValidations.assertElementExists(BaseValidations.java:108)\r\n\tat org.vividus.steps.ui.web.ElementSteps.findAndClick(ElementSteps.java:332)\r\n\tat org.vividus.steps.ui.web.ElementSteps.clickOnElement(ElementSteps.java:322)\r\n6) java.lang.AssertionError: Search context is not set\r\n\tat org.vividus.ui.context.UiContext.getSearchContext(UiContext.java:66)\r\n\tat org.vividus.ui.context.UiContext.getOptionalSearchContext(UiContext.java:49)\r\n\tat org.vividus.steps.ui.validation.BaseValidations.assertElementExists(BaseValidations.java:108)\r\n\tat org.vividus.steps.ui.web.ElementSteps.findAndClick(ElementSteps.java:332)\r\n\tat org.vividus.steps.ui.web.ElementSteps.clickOnElement(ElementSteps.java:322)\r\n7) java.lang.AssertionError: Search context is not set\r\n\tat org.vividus.ui.context.UiContext.getSearchContext(UiContext.java:66)\r\n\tat org.vividus.ui.context.UiContext.getOptionalSearchContext(UiContext.java:49)\r\n\tat org.vividus.steps.ui.validation.BaseValidations.assertElementExists(BaseValidations.java:108)\r\n\tat org.vividus.steps.ui.web.ElementSteps.findAndClick(ElementSteps.java:332)\r\n\tat org.vividus.steps.ui.web.ElementSteps.clickOnElement(ElementSteps.java:322)\r\n8) java.lang.AssertionError: Search context is not set\r\n\tat org.vividus.ui.context.UiContext.getSearchContext(UiContext.java:66)\r\n\tat org.vividus.ui.context.UiContext.getOptionalSearchContext(UiContext.java:49)\r\n\tat org.vividus.steps.ui.validation.BaseValidations.assertElementExists(BaseValidations.java:108)\r\n\tat org.vividus.steps.ui.web.ElementSteps.findAndClick(ElementSteps.java:332)\r\n\tat org.vividus.steps.ui.web.ElementSteps.clickOnElement(ElementSteps.java:322)\r\n"},{"outcome": "successful", "value": "org.vividus.visual.screenshot.ScenarioBasedIndexer.resetIndex()"},{"outcome": "successful", "value": "org.vividus.steps.WebUiVividusSetupSteps.afterScenario()"},{"outcome": "successful", "value": "org.vividus.http.CookieStoreProvider.resetScenarioCookies()"},{"outcome": "successful", "value": "org.vividus.steps.WebDriverSetupSteps.afterScenario()"}],"start":1693162802296,"end":1693162803398,"failure": "org.jbehave.core.failures.BeforeOrAfterFailed: Method verifyIfAssertionsPassed (annotated with @AfterScenario in class org.vividus.steps.AssertSteps) failed: org.vividus.softassert.exception.VerificationError: \n1) java.lang.AssertionError: Search context is not set\n\tat org.vividus.ui.context.UiContext.getSearchContext(UiContext.java:66)\n\tat org.vividus.ui.context.UiContext.getOptionalSearchContext(UiContext.java:49)\n\tat org.vividus.steps.ui.validation.BaseValidations.assertElementExists(BaseValidations.java:108)\n\tat org.vividus.steps.ui.web.FieldSteps.enterTextInField(FieldSteps.java:267)\n\tat org.vividus.steps.ui.web.FieldSteps.enterTextInField(FieldSteps.java:262)\n2) java.lang.AssertionError: Search context is not set\n\tat org.vividus.ui.context.UiContext.getSearchContext(UiContext.java:66)\n\tat org.vividus.ui.context.UiContext.getOptionalSearchContext(UiContext.java:49)\n\tat org.vividus.steps.ui.validation.BaseValidations.assertElementExists(BaseValidations.java:108)\n\tat org.vividus.steps.ui.web.FieldSteps.enterTextInField(FieldSteps.java:267)\n\tat org.vividus.steps.ui.web.FieldSteps.enterTextInField(FieldSteps.java:262)\n3) java.lang.AssertionError: Search context is not set\n\tat org.vividus.ui.context.UiContext.getSearchContext(UiContext.java:66)\n\tat org.vividus.ui.context.UiContext.getOptionalSearchContext(UiContext.java:49)\n\tat org.vividus.steps.ui.validation.BaseValidations.assertElementExists(BaseValidations.java:108)\n\tat org.vividus.steps.ui.web.FieldSteps.enterTextInField(FieldSteps.java:267)\n\tat org.vividus.steps.ui.web.FieldSteps.enterTextInField(FieldSteps.java:262)\n4) java.lang.AssertionError: Search context is not set\n\tat org.vividus.ui.context.UiContext.getSearchContext(UiContext.java:66)\n\tat org.vividus.ui.context.UiContext.getOptionalSearchContext(UiContext.java:49)\n\tat org.vividus.steps.ui.validation.BaseValidations.assertElementExists(BaseValidations.java:108)\n\tat org.vividus.steps.ui.web.FieldSteps.enterTextInField(FieldSteps.java:267)\n\tat org.vividus.steps.ui.web.FieldSteps.enterTextInField(FieldSteps.java:262)\n5) java.lang.AssertionError: Search context is not set\n\tat org.vividus.ui.context.UiContext.getSearchContext(UiContext.java:66)\n\tat org.vividus.ui.context.UiContext.getOptionalSearchContext(UiContext.java:49)\n\tat org.vividus.steps.ui.validation.BaseValidations.assertElementExists(BaseValidations.java:108)\n\tat org.vividus.steps.ui.web.ElementSteps.findAndClick(ElementSteps.java:332)\n\tat org.vividus.steps.ui.web.ElementSteps.clickOnElement(ElementSteps.java:322)\n6) java.lang.AssertionError: Search context is not set\n\tat org.vividus.ui.context.UiContext.getSearchContext(UiContext.java:66)\n\tat org.vividus.ui.context.UiContext.getOptionalSearchContext(UiContext.java:49)\n\tat org.vividus.steps.ui.validation.BaseValidations.assertElementExists(BaseValidations.java:108)\n\tat org.vividus.steps.ui.web.ElementSteps.findAndClick(ElementSteps.java:332)\n\tat org.vividus.steps.ui.web.ElementSteps.clickOnElement(ElementSteps.java:322)\n7) java.lang.AssertionError: Search context is not set\n\tat org.vividus.ui.context.UiContext.getSearchContext(UiContext.java:66)\n\tat org.vividus.ui.context.UiContext.getOptionalSearchContext(UiContext.java:49)\n\tat org.vividus.steps.ui.validation.BaseValidations.assertElementExists(BaseValidations.java:108)\n\tat org.vividus.steps.ui.web.ElementSteps.findAndClick(ElementSteps.java:332)\n\tat org.vividus.steps.ui.web.ElementSteps.clickOnElement(ElementSteps.java:322)\n8) java.lang.AssertionError: Search context is not set\n\tat org.vividus.ui.context.UiContext.getSearchContext(UiContext.java:66)\n\tat org.vividus.ui.context.UiContext.getOptionalSearchContext(UiContext.java:49)\n\tat org.vividus.steps.ui.validation.BaseValidations.assertElementExists(BaseValidations.java:108)\n\tat org.vividus.steps.ui.web.ElementSteps.findAndClick(ElementSteps.java:332)\n\tat org.vividus.steps.ui.web.ElementSteps.clickOnElement(ElementSteps.java:322)\n\n\tat org.jbehave.core.steps.StepCreator$BeforeOrAfterStep.perform(StepCreator.java:703)\n\tat org.jbehave.core.steps.StepCreator$ReportingAbstractStep.perform(StepCreator.java:638)\n\tat org.jbehave.core.steps.StepCreator$DelegatingStep.perform(StepCreator.java:662)\n\tat org.jbehave.core.embedder.PerformableTree$FineSoFar.run(PerformableTree.java:379)\n\tat org.jbehave.core.embedder.PerformableTree$PerformableSteps.perform(PerformableTree.java:1441)\n\tat org.jbehave.core.embedder.PerformableTree$PerformableEntity.performHookSteps(PerformableTree.java:999)\n\tat org.jbehave.core.embedder.PerformableTree$PerformableEntity.performAfterSteps(PerformableTree.java:978)\n\tat org.jbehave.core.embedder.PerformableTree$AbstractPerformableScenario.lambda$performScenario$1(PerformableTree.java:1291)\n\tat org.jbehave.core.embedder.PerformableTree$PerformableEntity.performWithStopExecutionExceptionHandling(PerformableTree.java:967)\n\tat org.jbehave.core.embedder.PerformableTree$AbstractPerformableScenario.performScenario(PerformableTree.java:1276)\n\tat org.jbehave.core.embedder.PerformableTree$NormalPerformableScenario.perform(PerformableTree.java:1332)\n\tat org.jbehave.core.embedder.PerformableTree$PerformableScenario.perform(PerformableTree.java:1225)\n\tat org.jbehave.core.embedder.PerformableTree$PerformableStory.lambda$perform$0(PerformableTree.java:1090)\n\tat org.jbehave.core.embedder.PerformableTree$PerformableEntity.performWithStopExecutionExceptionHandling(PerformableTree.java:965)\n\tat org.jbehave.core.embedder.PerformableTree$PerformableStory.perform(PerformableTree.java:1082)\n\tat org.jbehave.core.embedder.PerformableTree.performCancellable(PerformableTree.java:521)\n\tat org.jbehave.core.embedder.PerformableTree.perform(PerformableTree.java:488)\n\tat org.jbehave.core.embedder.StoryManager$EnqueuedStory.call(StoryManager.java:305)\n\tat org.jbehave.core.embedder.StoryManager$EnqueuedStory.call(StoryManager.java:278)\n\tat java.base\/java.util.concurrent.FutureTask.run(FutureTask.java:264)\n\tat java.base\/java.util.concurrent.ThreadPoolExecutor.runWorker(ThreadPoolExecutor.java:1136)\n\tat java.base\/java.util.concurrent.ThreadPoolExecutor$Worker.run(ThreadPoolExecutor.java:635)\n\tat java.base\/java.lang.Thread.run(Thread.java:833)\nCaused by: org.vividus.softassert.exception.VerificationError: \n1) java.lang.AssertionError: Search context is not set\n\tat org.vividus.ui.context.UiContext.getSearchContext(UiContext.java:66)\n\tat org.vividus.ui.context.UiContext.getOptionalSearchContext(UiContext.java:49)\n\tat org.vividus.steps.ui.validation.BaseValidations.assertElementExists(BaseValidations.java:108)\n\tat org.vividus.steps.ui.web.FieldSteps.enterTextInField(FieldSteps.java:267)\n\tat org.vividus.steps.ui.web.FieldSteps.enterTextInField(FieldSteps.java:262)\n2) java.lang.AssertionError: Search context is not set\n\tat org.vividus.ui.context.UiContext.getSearchContext(UiContext.java:66)\n\tat org.vividus.ui.context.UiContext.getOptionalSearchContext(UiContext.java:49)\n\tat org.vividus.steps.ui.validation.BaseValidations.assertElementExists(BaseValidations.java:108)\n\tat org.vividus.steps.ui.web.FieldSteps.enterTextInField(FieldSteps.java:267)\n\tat org.vividus.steps.ui.web.FieldSteps.enterTextInField(FieldSteps.java:262)\n3) java.lang.AssertionError: Search context is not set\n\tat org.vividus.ui.context.UiContext.getSearchContext(UiContext.java:66)\n\tat org.vividus.ui.context.UiContext.getOptionalSearchContext(UiContext.java:49)\n\tat org.vividus.steps.ui.validation.BaseValidations.assertElementExists(BaseValidations.java:108)\n\tat org.vividus.steps.ui.web.FieldSteps.enterTextInField(FieldSteps.java:267)\n\tat org.vividus.steps.ui.web.FieldSteps.enterTextInField(FieldSteps.java:262)\n4) java.lang.AssertionError: Search context is not set\n\tat org.vividus.ui.context.UiContext.getSearchContext(UiContext.java:66)\n\tat org.vividus.ui.context.UiContext.getOptionalSearchContext(UiContext.java:49)\n\tat org.vividus.steps.ui.validation.BaseValidations.assertElementExists(BaseValidations.java:108)\n\tat org.vividus.steps.ui.web.FieldSteps.enterTextInField(FieldSteps.java:267)\n\tat org.vividus.steps.ui.web.FieldSteps.enterTextInField(FieldSteps.java:262)\n5) java.lang.AssertionError: Search context is not set\n\tat org.vividus.ui.context.UiContext.getSearchContext(UiContext.java:66)\n\tat org.vividus.ui.context.UiContext.getOptionalSearchContext(UiContext.java:49)\n\tat org.vividus.steps.ui.validation.BaseValidations.assertElementExists(BaseValidations.java:108)\n\tat org.vividus.steps.ui.web.ElementSteps.findAndClick(ElementSteps.java:332)\n\tat org.vividus.steps.ui.web.ElementSteps.clickOnElement(ElementSteps.java:322)\n6) java.lang.AssertionError: Search context is not set\n\tat org.vividus.ui.context.UiContext.getSearchContext(UiContext.java:66)\n\tat org.vividus.ui.context.UiContext.getOptionalSearchContext(UiContext.java:49)\n\tat org.vividus.steps.ui.validation.BaseValidations.assertElementExists(BaseValidations.java:108)\n\tat org.vividus.steps.ui.web.ElementSteps.findAndClick(ElementSteps.java:332)\n\tat org.vividus.steps.ui.web.ElementSteps.clickOnElement(ElementSteps.java:322)\n7) java.lang.AssertionError: Search context is not set\n\tat org.vividus.ui.context.UiContext.getSearchContext(UiContext.java:66)\n\tat org.vividus.ui.context.UiContext.getOptionalSearchContext(UiContext.java:49)\n\tat org.vividus.steps.ui.validation.BaseValidations.assertElementExists(BaseValidations.java:108)\n\tat org.vividus.steps.ui.web.ElementSteps.findAndClick(ElementSteps.java:332)\n\tat org.vividus.steps.ui.web.ElementSteps.clickOnElement(ElementSteps.java:322)\n8) java.lang.AssertionError: Search context is not set\n\tat org.vividus.ui.context.UiContext.getSearchContext(UiContext.java:66)\n\tat org.vividus.ui.context.UiContext.getOptionalSearchContext(UiContext.java:49)\n\tat org.vividus.steps.ui.validation.BaseValidations.assertElementExists(BaseValidations.java:108)\n\tat org.vividus.steps.ui.web.ElementSteps.findAndClick(ElementSteps.java:332)\n\tat org.vividus.steps.ui.web.ElementSteps.clickOnElement(ElementSteps.java:322)\n\n\tat org.vividus.softassert.SoftAssert.verify(SoftAssert.java:298)\n\tat org.vividus.steps.AssertSteps.verifyIfAssertionsPassed(AssertSteps.java:45)\n\tat java.base\/jdk.internal.reflect.NativeMethodAccessorImpl.invoke0(Native Method)\n\tat java.base\/jdk.internal.reflect.NativeMethodAccessorImpl.invoke(NativeMethodAccessorImpl.java:77)\n\tat java.base\/jdk.internal.reflect.DelegatingMethodAccessorImpl.invoke(DelegatingMethodAccessorImpl.java:43)\n\tat java.base\/java.lang.reflect.Method.invoke(Method.java:568)\n\tat org.jbehave.core.steps.StepCreator$MethodInvoker.invoke(StepCreator.java:1087)\n\tat org.jbehave.core.steps.StepCreator$BeforeOrAfterStep.perform(StepCreator.java:699)\n\t... 22 more\n" },{"keyword": "Scenario:", "id": "b4992ed8-aeec-427f-a850-4e91d0a3fb5c", "title": "check surgery section","meta": [{"keyword": "@", "name": "testCaseId", "value": "NUC-508"}],"beforeSystemScenarioSteps": [{"outcome": "successful", "value": "org.vividus.steps.WebDriverSetupSteps.beforeScenario()"}],"beforeUserScenarioSteps": [],"givenStories": {"keyword": "GivenStories:", "givenStories":[{"parameters": "{}", "path": "story\/nucleus\/web\/new_case.story#{given-1:scenario-1}"}],"stories": [{"id": "69f54b23-442d-452e-93a2-677f3daa5bf3", "path": "story\/nucleus\/web\/new_case.story", "title": "","meta": [{"keyword": "@", "name": "critical_path", "value": ""},{"keyword": "@", "name": "layout", "value": "desktop"}],"beforeSystemStorySteps": [],"beforeUserStorySteps": [],"givenStories": {"keyword": "GivenStories:", "givenStories":[{"parameters": "{}", "path": "story\/nucleus\/web\/my_cases.story#{given-1:scenario-1;given-2:scenario-2}"}],"stories": [{"id": "dfb9b61b-5575-4fc4-be69-7426e2703a7f", "path": "story\/nucleus\/web\/my_cases.story", "title": "","meta": [{"keyword": "@", "name": "critical_path", "value": ""},{"keyword": "@", "name": "layout", "value": "desktop"}],"beforeSystemStorySteps": [],"beforeUserStorySteps": [],"givenStories": {"keyword": "GivenStories:", "givenStories":[{"parameters": "", "path": "story\/nucleus\/web\/open_app.story"}],"stories": [{"id": "1f03e208-b091-4844-b1ef-f2fc17ce4072", "path": "story\/nucleus\/web\/open_app.story", "title": "","meta": [{"keyword": "@", "name": "critical_path", "value": ""},{"keyword": "@", "name": "layout", "value": "desktop"},{"keyword": "@", "name": "smoke", "value": ""}],"beforeSystemStorySteps": [],"beforeUserStorySteps": [],"scenarios": [{"keyword": "Scenario:", "id": "8de1dbc2-13d2-47b7-a444-1793dd9328e8", "title": "open main application page","beforeSystemScenarioSteps": [{"outcome": "successful", "value": "org.vividus.steps.WebDriverSetupSteps.beforeScenario()"}],"beforeUserScenarioSteps": [],"steps": [{"outcome": "successful", "value": "Given I am on main application page"},{"outcome": "successful", "value": "When I change window size to `${resolution}`"}],"afterUserScenarioSteps": [],"afterSystemScenarioSteps": [{"outcome": "successful", "value": "org.vividus.steps.AssertSteps.verifyIfAssertionsPassed()"},{"outcome": "successful", "value": "org.vividus.visual.screenshot.ScenarioBasedIndexer.resetIndex()"},{"outcome": "successful", "value": "org.vividus.steps.WebUiVividusSetupSteps.afterScenario()"},{"outcome": "successful", "value": "org.vividus.http.CookieStoreProvider.resetScenarioCookies()"},{"outcome": "successful", "value": "org.vividus.steps.WebDriverSetupSteps.afterScenario()"}],"start":1693162803525,"end":1693162805618}],"afterUserStorySteps": [],"afterSystemStorySteps": []}]},"scenarios": [{"keyword": "Scenario:", "id": "6fca56a4-7fbf-4cd4-ab47-bffeb20cea24", "title": "open my cases page","meta": [{"keyword": "@", "name": "given-1", "value": "scenario-1"},{"keyword": "@", "name": "testCaseId", "value": "NUC-1106;NUC-1094"}],"beforeSystemScenarioSteps": [{"outcome": "successful", "value": "org.vividus.steps.WebDriverSetupSteps.beforeScenario()"}],"beforeUserScenarioSteps": [],"steps": [{"outcome": "successful", "value": "When I go to relative URL `\/my-cases`"},{"outcome": "successful", "value": "When I wait until element located by `caseSensitiveText(There are no cases at the moment.)` appears"}],"afterUserScenarioSteps": [],"afterSystemScenarioSteps": [{"outcome": "successful", "value": "org.vividus.steps.AssertSteps.verifyIfAssertionsPassed()"},{"outcome": "successful", "value": "org.vividus.visual.screenshot.ScenarioBasedIndexer.resetIndex()"},{"outcome": "successful", "value": "org.vividus.steps.WebUiVividusSetupSteps.afterScenario()"},{"outcome": "successful", "value": "org.vividus.http.CookieStoreProvider.resetScenarioCookies()"},{"outcome": "successful", "value": "org.vividus.steps.WebDriverSetupSteps.afterScenario()"}],"start":1693162805620,"end":1693162805854},{"keyword": "Scenario:", "id": "a3f38727-3d54-4c7d-95ea-f1b67ac3766d", "title": "check create new case button","meta": [{"keyword": "@", "name": "given-2", "value": "scenario-2"},{"keyword": "@", "name": "testCaseId", "value": "NUC-1106"}],"beforeSystemScenarioSteps": [{"outcome": "successful", "value": "org.vividus.steps.WebDriverSetupSteps.beforeScenario()"}],"beforeUserScenarioSteps": [],"steps": [{"outcome": "successful", "value": "When I click on element located by `tagName(button)->filter.textPart(Create New Case)`"},{"outcome": "successful", "value": "When I wait until element located by `caseSensitiveText(Select Case Type)` appears"},{"outcome": "successful", "value": "Then `#{extractPathFromUrl(${current-page-url})}` is ((equal to)) `\/new-case`"}],"afterUserScenarioSteps": [],"afterSystemScenarioSteps": [{"outcome": "successful", "value": "org.vividus.steps.AssertSteps.verifyIfAssertionsPassed()"},{"outcome": "successful", "value": "org.vividus.visual.screenshot.ScenarioBasedIndexer.resetIndex()"},{"outcome": "successful", "value": "org.vividus.steps.WebUiVividusSetupSteps.afterScenario()"},{"outcome": "successful", "value": "org.vividus.http.CookieStoreProvider.resetScenarioCookies()"},{"outcome": "successful", "value": "org.vividus.steps.WebDriverSetupSteps.afterScenario()"}],"start":1693162805855,"end":1693162807034}],"afterUserStorySteps": [],"afterSystemStorySteps": []}]},"scenarios": [{"keyword": "Scenario:", "id": "4869351d-575e-49d1-8911-73082b8cf7e4", "title": "check create new episode of care button","meta": [{"keyword": "@", "name": "given-1", "value": "scenario-1"},{"keyword": "@", "name": "testCaseId", "value": "NUC-1108"}],"beforeSystemScenarioSteps": [{"outcome": "successful", "value": "org.vividus.steps.WebDriverSetupSteps.beforeScenario()"}],"beforeUserScenarioSteps": [],"steps": [{"outcome": "successful", "value": "When I go to relative URL `\/new-case`"},{"outcome": "successful", "value": "When I click on element located by `testId(jnj-new-case-card-button)->filter.index(1)`"},{"outcome": "successful", "value": "When I wait until element located by `testId(jnj-save-button)` appears"},{"outcome": "successful", "value": "Then `#{extractPathFromUrl(${current-page-url})}` is ((equal to)) `\/new-case\/episode-of-care`"}],"afterUserScenarioSteps": [],"afterSystemScenarioSteps": [{"outcome": "successful", "value": "org.vividus.steps.AssertSteps.verifyIfAssertionsPassed()"},{"outcome": "successful", "value": "org.vividus.visual.screenshot.ScenarioBasedIndexer.resetIndex()"},{"outcome": "successful", "value": "org.vividus.steps.WebUiVividusSetupSteps.afterScenario()"},{"outcome": "successful", "value": "org.vividus.http.CookieStoreProvider.resetScenarioCookies()"},{"outcome": "successful", "value": "org.vividus.steps.WebDriverSetupSteps.afterScenario()"}],"start":1693162807035,"end":1693162808158}],"afterUserStorySteps": [],"afterSystemStorySteps": []}]},"steps": [{"outcome": "successful", "value": "When I change context to element located `xpath(\/\/*[@data-test-id='jnj-surgery-user-name']\/div[1])`"},{"outcome": "successful", "value": "Then number of elements found by `xpath(\/\/input[@id='surgery-user-name-field' and @disabled])` is ((=)) `1`"},{"outcome": "successful", "value": "When I change context to element located `xpath(\/\/*[@data-test-id='jnj-surgery-form-operating-room'])`"},{"outcome": "successful", "value": "When I change context to element located `xpath(\/\/*[@data-test-id='jnj-surgery-add-date']\/span[1])`"},{"outcome": "successful", "value": "When I click on element located `xpath(\/\/*[@data-test-id='jnj-surgery-add-date'])`"},{"outcome": "successful", "value": "Then field located `xpath(\/\/*[@data-test-id='jnj-surgery-form-time'])` exists"},{"outcome": "successful", "value": "Then field located `xpath(\/\/*[@data-test-id='jnj-surgery-form-estimated-duration'])` exists"},{"outcome": "successful", "value": "When I change context to element located `id(Surgery)`"},{"outcome": "successful", "value": "When I ((${visual-action})) baseline with name `${profile}-${resolution}-surgery-section`"}],"afterUserScenarioSteps": [],"afterSystemScenarioSteps": [{"outcome": "failed", "keyword": "FAILED", "value": "org.vividus.steps.AssertSteps.verifyIfAssertionsPassed()", "failure": "org.jbehave.core.failures.BeforeOrAfterFailed: Method verifyIfAssertionsPassed (annotated with @AfterScenario in class org.vividus.steps.AssertSteps) failed: org.vividus.softassert.exception.VerificationError: \r\n1) java.lang.AssertionError: A field with attributes XPath: '\/\/*[@data-test-id='jnj-surgery-form-time']'; Visibility: VISIBLE; [Expected: exists Actual: does not exist]\r\n\tat org.vividus.steps.ui.validation.DescriptiveSoftAssert.recordAssertionOutcome(DescriptiveSoftAssert.java:69)\r\n\tat org.vividus.steps.ui.validation.DescriptiveSoftAssert.assertThat(DescriptiveSoftAssert.java:39)\r\n\tat org.vividus.steps.ui.validation.BaseValidations.lambda$assertIfElementExists$3(BaseValidations.java:151)\r\n\tat org.vividus.steps.ui.validation.BaseValidations.runValidatingSearchContext(BaseValidations.java:204)\r\n\tat org.vividus.steps.ui.validation.BaseValidations.assertIfElementExists(BaseValidations.java:143)\r\n\tat org.vividus.steps.ui.validation.BaseValidations.assertIfElementExists(BaseValidations.java:102)\r\n\tat org.vividus.steps.ui.web.FieldSteps.findFieldBy(FieldSteps.java:365)\r\n2) java.lang.AssertionError: A field with attributes XPath: '\/\/*[@data-test-id='jnj-surgery-form-estimated-duration']'; Visibility: VISIBLE; [Expected: exists Actual: does not exist]\r\n\tat org.vividus.steps.ui.validation.DescriptiveSoftAssert.recordAssertionOutcome(DescriptiveSoftAssert.java:69)\r\n\tat org.vividus.steps.ui.validation.DescriptiveSoftAssert.assertThat(DescriptiveSoftAssert.java:39)\r\n\tat org.vividus.steps.ui.validation.BaseValidations.lambda$assertIfElementExists$3(BaseValidations.java:151)\r\n\tat org.vividus.steps.ui.validation.BaseValidations.runValidatingSearchContext(BaseValidations.java:204)\r\n\tat org.vividus.steps.ui.validation.BaseValidations.assertIfElementExists(BaseValidations.java:143)\r\n\tat org.vividus.steps.ui.validation.BaseValidations.assertIfElementExists(BaseValidations.java:102)\r\n\tat org.vividus.steps.ui.web.FieldSteps.findFieldBy(FieldSteps.java:365)\r\n3) java.lang.AssertionError: Unable to find baseline with name: web-desktop-chrome-1440x900-surgery-section\r\n\tat org.vividus.visual.VisualSteps.verifyResult(VisualSteps.java:424)\r\n\tat org.vividus.visual.steps.AbstractVisualSteps.lambda$execute$2(AbstractVisualSteps.java:84)\r\n\tat org.vividus.visual.steps.AbstractVisualSteps.execute(AbstractVisualSteps.java:80)\r\n\tat org.vividus.visual.steps.AbstractVisualSteps.execute(AbstractVisualSteps.java:56)\r\n\tat org.vividus.visual.VisualSteps.lambda$performVisualAction$3(VisualSteps.java:346)\r\n\tat org.vividus.visual.VisualSteps.performVisualAction(VisualSteps.java:361)\r\n\tat org.vividus.visual.VisualSteps.performVisualAction(VisualSteps.java:339)\r\n\tat org.vividus.visual.VisualSteps.performVisualAction(VisualSteps.java:333)\r\n\tat org.vividus.visual.VisualSteps.runVisualTests(VisualSteps.java:89)\r\n"},{"outcome": "successful", "value": "org.vividus.visual.screenshot.ScenarioBasedIndexer.resetIndex()"},{"outcome": "successful", "value": "org.vividus.steps.WebUiVividusSetupSteps.afterScenario()"},{"outcome": "successful", "value": "org.vividus.http.CookieStoreProvider.resetScenarioCookies()"},{"outcome": "successful", "value": "org.vividus.steps.WebDriverSetupSteps.afterScenario()"}],"start":1693162803507,"end":1693162811708,"failure": "org.jbehave.core.failures.BeforeOrAfterFailed: Method verifyIfAssertionsPassed (annotated with @AfterScenario in class org.vividus.steps.AssertSteps) failed: org.vividus.softassert.exception.VerificationError: \n1) java.lang.AssertionError: A field with attributes XPath: '\/\/*[@data-test-id='jnj-surgery-form-time']'; Visibility: VISIBLE; [Expected: exists Actual: does not exist]\n\tat org.vividus.steps.ui.validation.DescriptiveSoftAssert.recordAssertionOutcome(DescriptiveSoftAssert.java:69)\n\tat org.vividus.steps.ui.validation.DescriptiveSoftAssert.assertThat(DescriptiveSoftAssert.java:39)\n\tat org.vividus.steps.ui.validation.BaseValidations.lambda$assertIfElementExists$3(BaseValidations.java:151)\n\tat org.vividus.steps.ui.validation.BaseValidations.runValidatingSearchContext(BaseValidations.java:204)\n\tat org.vividus.steps.ui.validation.BaseValidations.assertIfElementExists(BaseValidations.java:143)\n\tat org.vividus.steps.ui.validation.BaseValidations.assertIfElementExists(BaseValidations.java:102)\n\tat org.vividus.steps.ui.web.FieldSteps.findFieldBy(FieldSteps.java:365)\n2) java.lang.AssertionError: A field with attributes XPath: '\/\/*[@data-test-id='jnj-surgery-form-estimated-duration']'; Visibility: VISIBLE; [Expected: exists Actual: does not exist]\n\tat org.vividus.steps.ui.validation.DescriptiveSoftAssert.recordAssertionOutcome(DescriptiveSoftAssert.java:69)\n\tat org.vividus.steps.ui.validation.DescriptiveSoftAssert.assertThat(DescriptiveSoftAssert.java:39)\n\tat org.vividus.steps.ui.validation.BaseValidations.lambda$assertIfElementExists$3(BaseValidations.java:151)\n\tat org.vividus.steps.ui.validation.BaseValidations.runValidatingSearchContext(BaseValidations.java:204)\n\tat org.vividus.steps.ui.validation.BaseValidations.assertIfElementExists(BaseValidations.java:143)\n\tat org.vividus.steps.ui.validation.BaseValidations.assertIfElementExists(BaseValidations.java:102)\n\tat org.vividus.steps.ui.web.FieldSteps.findFieldBy(FieldSteps.java:365)\n3) java.lang.AssertionError: Unable to find baseline with name: web-desktop-chrome-1440x900-surgery-section\n\tat org.vividus.visual.VisualSteps.verifyResult(VisualSteps.java:424)\n\tat org.vividus.visual.steps.AbstractVisualSteps.lambda$execute$2(AbstractVisualSteps.java:84)\n\tat org.vividus.visual.steps.AbstractVisualSteps.execute(AbstractVisualSteps.java:80)\n\tat org.vividus.visual.steps.AbstractVisualSteps.execute(AbstractVisualSteps.java:56)\n\tat org.vividus.visual.VisualSteps.lambda$performVisualAction$3(VisualSteps.java:346)\n\tat org.vividus.visual.VisualSteps.performVisualAction(VisualSteps.java:361)\n\tat org.vividus.visual.VisualSteps.performVisualAction(VisualSteps.java:339)\n\tat org.vividus.visual.VisualSteps.performVisualAction(VisualSteps.java:333)\n\tat org.vividus.visual.VisualSteps.runVisualTests(VisualSteps.java:89)\n\n\tat org.jbehave.core.steps.StepCreator$BeforeOrAfterStep.perform(StepCreator.java:703)\n\tat org.jbehave.core.steps.StepCreator$ReportingAbstractStep.perform(StepCreator.java:638)\n\tat org.jbehave.core.steps.StepCreator$DelegatingStep.perform(StepCreator.java:662)\n\tat org.jbehave.core.embedder.PerformableTree$FineSoFar.run(PerformableTree.java:379)\n\tat org.jbehave.core.embedder.PerformableTree$PerformableSteps.perform(PerformableTree.java:1441)\n\tat org.jbehave.core.embedder.PerformableTree$PerformableEntity.performHookSteps(PerformableTree.java:999)\n\tat org.jbehave.core.embedder.PerformableTree$PerformableEntity.performAfterSteps(PerformableTree.java:978)\n\tat org.jbehave.core.embedder.PerformableTree$AbstractPerformableScenario.lambda$performScenario$1(PerformableTree.java:1291)\n\tat org.jbehave.core.embedder.PerformableTree$PerformableEntity.performWithStopExecutionExceptionHandling(PerformableTree.java:967)\n\tat org.jbehave.core.embedder.PerformableTree$AbstractPerformableScenario.performScenario(PerformableTree.java:1276)\n\tat org.jbehave.core.embedder.PerformableTree$NormalPerformableScenario.perform(PerformableTree.java:1332)\n\tat org.jbehave.core.embedder.PerformableTree$PerformableScenario.perform(PerformableTree.java:1225)\n\tat org.jbehave.core.embedder.PerformableTree$PerformableStory.lambda$perform$0(PerformableTree.java:1090)\n\tat org.jbehave.core.embedder.PerformableTree$PerformableEntity.performWithStopExecutionExceptionHandling(PerformableTree.java:965)\n\tat org.jbehave.core.embedder.PerformableTree$PerformableStory.perform(PerformableTree.java:1082)\n\tat org.jbehave.core.embedder.PerformableTree.performCancellable(PerformableTree.java:521)\n\tat org.jbehave.core.embedder.PerformableTree.perform(PerformableTree.java:488)\n\tat org.jbehave.core.embedder.StoryManager$EnqueuedStory.call(StoryManager.java:305)\n\tat org.jbehave.core.embedder.StoryManager$EnqueuedStory.call(StoryManager.java:278)\n\tat java.base\/java.util.concurrent.FutureTask.run(FutureTask.java:264)\n\tat java.base\/java.util.concurrent.ThreadPoolExecutor.runWorker(ThreadPoolExecutor.java:1136)\n\tat java.base\/java.util.concurrent.ThreadPoolExecutor$Worker.run(ThreadPoolExecutor.java:635)\n\tat java.base\/java.lang.Thread.run(Thread.java:833)\nCaused by: org.vividus.softassert.exception.VerificationError: \n1) java.lang.AssertionError: A field with attributes XPath: '\/\/*[@data-test-id='jnj-surgery-form-time']'; Visibility: VISIBLE; [Expected: exists Actual: does not exist]\n\tat org.vividus.steps.ui.validation.DescriptiveSoftAssert.recordAssertionOutcome(DescriptiveSoftAssert.java:69)\n\tat org.vividus.steps.ui.validation.DescriptiveSoftAssert.assertThat(DescriptiveSoftAssert.java:39)\n\tat org.vividus.steps.ui.validation.BaseValidations.lambda$assertIfElementExists$3(BaseValidations.java:151)\n\tat org.vividus.steps.ui.validation.BaseValidations.runValidatingSearchContext(BaseValidations.java:204)\n\tat org.vividus.steps.ui.validation.BaseValidations.assertIfElementExists(BaseValidations.java:143)\n\tat org.vividus.steps.ui.validation.BaseValidations.assertIfElementExists(BaseValidations.java:102)\n\tat org.vividus.steps.ui.web.FieldSteps.findFieldBy(FieldSteps.java:365)\n2) java.lang.AssertionError: A field with attributes XPath: '\/\/*[@data-test-id='jnj-surgery-form-estimated-duration']'; Visibility: VISIBLE; [Expected: exists Actual: does not exist]\n\tat org.vividus.steps.ui.validation.DescriptiveSoftAssert.recordAssertionOutcome(DescriptiveSoftAssert.java:69)\n\tat org.vividus.steps.ui.validation.DescriptiveSoftAssert.assertThat(DescriptiveSoftAssert.java:39)\n\tat org.vividus.steps.ui.validation.BaseValidations.lambda$assertIfElementExists$3(BaseValidations.java:151)\n\tat org.vividus.steps.ui.validation.BaseValidations.runValidatingSearchContext(BaseValidations.java:204)\n\tat org.vividus.steps.ui.validation.BaseValidations.assertIfElementExists(BaseValidations.java:143)\n\tat org.vividus.steps.ui.validation.BaseValidations.assertIfElementExists(BaseValidations.java:102)\n\tat org.vividus.steps.ui.web.FieldSteps.findFieldBy(FieldSteps.java:365)\n3) java.lang.AssertionError: Unable to find baseline with name: web-desktop-chrome-1440x900-surgery-section\n\tat org.vividus.visual.VisualSteps.verifyResult(VisualSteps.java:424)\n\tat org.vividus.visual.steps.AbstractVisualSteps.lambda$execute$2(AbstractVisualSteps.java:84)\n\tat org.vividus.visual.steps.AbstractVisualSteps.execute(AbstractVisualSteps.java:80)\n\tat org.vividus.visual.steps.AbstractVisualSteps.execute(AbstractVisualSteps.java:56)\n\tat org.vividus.visual.VisualSteps.lambda$performVisualAction$3(VisualSteps.java:346)\n\tat org.vividus.visual.VisualSteps.performVisualAction(VisualSteps.java:361)\n\tat org.vividus.visual.VisualSteps.performVisualAction(VisualSteps.java:339)\n\tat org.vividus.visual.VisualSteps.performVisualAction(VisualSteps.java:333)\n\tat org.vividus.visual.VisualSteps.runVisualTests(VisualSteps.java:89)\n\n\tat org.vividus.softassert.SoftAssert.verify(SoftAssert.java:298)\n\tat org.vividus.steps.AssertSteps.verifyIfAssertionsPassed(AssertSteps.java:45)\n\tat java.base\/jdk.internal.reflect.NativeMethodAccessorImpl.invoke0(Native Method)\n\tat java.base\/jdk.internal.reflect.NativeMethodAccessorImpl.invoke(NativeMethodAccessorImpl.java:77)\n\tat java.base\/jdk.internal.reflect.DelegatingMethodAccessorImpl.invoke(DelegatingMethodAccessorImpl.java:43)\n\tat java.base\/java.lang.reflect.Method.invoke(Method.java:568)\n\tat org.jbehave.core.steps.StepCreator$MethodInvoker.invoke(StepCreator.java:1087)\n\tat org.jbehave.core.steps.StepCreator$BeforeOrAfterStep.perform(StepCreator.java:699)\n\t... 22 more\n" },{"keyword": "Scenario:", "id": "1b4cbcb8-b078-4841-840f-ee2edf87c66f", "title": "fill surgery form fields and check button Save","meta": [{"keyword": "@", "name": "testCaseId", "value": "NUC-508"}],"beforeSystemScenarioSteps": [{"outcome": "successful", "value": "org.vividus.steps.WebDriverSetupSteps.beforeScenario()"}],"beforeUserScenarioSteps": [],"givenStories": {"keyword": "GivenStories:", "givenStories":[{"parameters": "{}", "path": "story\/nucleus\/web\/new_ep_of_care.story#{given-1:scenario-1}"}],"stories": [{"id": "c4802982-fc3a-40bd-87e5-80e7c7d0878d", "path": "story\/nucleus\/web\/new_ep_of_care.story", "title": "","meta": [{"keyword": "@", "name": "critical_path", "value": ""},{"keyword": "@", "name": "layout", "value": "desktop"}],"beforeSystemStorySteps": [],"beforeUserStorySteps": [],"scenarios": [{"keyword": "Scenario:", "id": "8a09815d-287d-4bdf-be14-10d88ecf2b32", "title": "fill patient form fields","meta": [{"keyword": "@", "name": "given-1", "value": "scenario-1"}],"beforeSystemScenarioSteps": [{"outcome": "successful", "value": "org.vividus.steps.WebDriverSetupSteps.beforeScenario()"}],"beforeUserScenarioSteps": [],"steps": [{"outcome": "successful", "value": "When I enter `#{generate(regexify '[0-9]{8}')}` in field located by `fieldName(patientId)`"},{"outcome": "successful", "value": "When I enter `#{generate(Name.firstName)}` in field located by `fieldName(firstName)`"},{"outcome": "successful", "value": "When I enter `#{generate(Name.lastName)}` in field located by `fieldName(lastName)`"},{"outcome": "successful", "value": "When I enter `#{randomInt(1, 30)}` in field located by `fieldName(bmi)`"},{"outcome": "successful", "value": "When I click on element located by `xpath(\/\/*[@aria-label='Choose date'])`"},{"outcome": "successful", "value": "When I click on element located by `xpath(\/\/*[@aria-current='date'])`"},{"outcome": "successful", "value": "When I click on element located by `testId(jnj-patient-form-gender)`"},{"outcome": "successful", "value": "When I click on element located by `xpath(\/\/*[@role='option'])->filter.index(#{generate(regexify '[1-3]')})`"}],"afterUserScenarioSteps": [],"afterSystemScenarioSteps": [{"outcome": "successful", "value": "org.vividus.steps.AssertSteps.verifyIfAssertionsPassed()"},{"outcome": "successful", "value": "org.vividus.visual.screenshot.ScenarioBasedIndexer.resetIndex()"},{"outcome": "successful", "value": "org.vividus.steps.WebUiVividusSetupSteps.afterScenario()"},{"outcome": "successful", "value": "org.vividus.http.CookieStoreProvider.resetScenarioCookies()"},{"outcome": "successful", "value": "org.vividus.steps.WebDriverSetupSteps.afterScenario()"}],"start":1693162811717,"end":1693162816713}],"afterUserStorySteps": [],"afterSystemStorySteps": []}]},"steps": [{"outcome": "successful", "value": "When I change context to element located `xpath(\/\/body\/div[1]\/div[1]\/div[3])`"},{"outcome": "successful", "value": "When I ((${visual-action})) baseline with name `${profile}-${resolution}-save-button-active1`"},{"outcome": "successful", "value": "When I click on element located `testId(jnj-surgery-add-date)`"},{"outcome": "successful", "value": "When I click on element located by `xpath(\/\/*[@aria-label='Choose date'])`"},{"outcome": "successful", "value": "When I click on element located by `xpath(\/\/*[@aria-current='date'])`"},{"outcome": "successful", "value": "When I click on element located by `xpath(\/\/*[@id='jnj-surgery-form-time-icon'])`"},{"outcome": "successful", "value": "When I click on element located by `xpath(\/\/*[@data-test-id='jnj-time-picker-toolbar']\/div[3]\/button[2])`"},{"outcome": "successful", "value": "When I change context to element located `xpath(\/\/body\/div[1]\/div[1]\/div[3])`"},{"outcome": "successful", "value": "When I ((${visual-action})) baseline with name `${profile}-${resolution}-save-button-active2`"}],"afterUserScenarioSteps": [],"afterSystemScenarioSteps": [{"outcome": "failed", "keyword": "FAILED", "value": "org.vividus.steps.AssertSteps.verifyIfAssertionsPassed()", "failure": "org.jbehave.core.failures.BeforeOrAfterFailed: Method verifyIfAssertionsPassed (annotated with @AfterScenario in class org.vividus.steps.AssertSteps) failed: org.vividus.softassert.exception.VerificationError: \r\n1) java.lang.AssertionError: The field to enter text is not found by the locator  Field name: 'patientId'; Visibility: VISIBLE;\r\n\tat org.vividus.steps.ui.validation.BaseValidations.doesOnlyOneElementExist(BaseValidations.java:136)\r\n\tat org.vividus.steps.ui.validation.BaseValidations.assertElementExistsImpl(BaseValidations.java:126)\r\n\tat org.vividus.steps.ui.validation.BaseValidations.lambda$assertElementExists$2(BaseValidations.java:109)\r\n\tat org.vividus.steps.ui.validation.BaseValidations.assertElementExists(BaseValidations.java:108)\r\n\tat org.vividus.steps.ui.web.FieldSteps.enterTextInField(FieldSteps.java:267)\r\n\tat org.vividus.steps.ui.web.FieldSteps.enterTextInField(FieldSteps.java:262)\r\n2) java.lang.AssertionError: The field to enter text is not found by the locator  Field name: 'firstName'; Visibility: VISIBLE;\r\n\tat org.vividus.steps.ui.validation.BaseValidations.doesOnlyOneElementExist(BaseValidations.java:136)\r\n\tat org.vividus.steps.ui.validation.BaseValidations.assertElementExistsImpl(BaseValidations.java:126)\r\n\tat org.vividus.steps.ui.validation.BaseValidations.lambda$assertElementExists$2(BaseValidations.java:109)\r\n\tat org.vividus.steps.ui.validation.BaseValidations.assertElementExists(BaseValidations.java:108)\r\n\tat org.vividus.steps.ui.web.FieldSteps.enterTextInField(FieldSteps.java:267)\r\n\tat org.vividus.steps.ui.web.FieldSteps.enterTextInField(FieldSteps.java:262)\r\n3) java.lang.AssertionError: The field to enter text is not found by the locator  Field name: 'lastName'; Visibility: VISIBLE;\r\n\tat org.vividus.steps.ui.validation.BaseValidations.doesOnlyOneElementExist(BaseValidations.java:136)\r\n\tat org.vividus.steps.ui.validation.BaseValidations.assertElementExistsImpl(BaseValidations.java:126)\r\n\tat org.vividus.steps.ui.validation.BaseValidations.lambda$assertElementExists$2(BaseValidations.java:109)\r\n\tat org.vividus.steps.ui.validation.BaseValidations.assertElementExists(BaseValidations.java:108)\r\n\tat org.vividus.steps.ui.web.FieldSteps.enterTextInField(FieldSteps.java:267)\r\n\tat org.vividus.steps.ui.web.FieldSteps.enterTextInField(FieldSteps.java:262)\r\n4) java.lang.AssertionError: The field to enter text is not found by the locator  Field name: 'bmi'; Visibility: VISIBLE;\r\n\tat org.vividus.steps.ui.validation.BaseValidations.doesOnlyOneElementExist(BaseValidations.java:136)\r\n\tat org.vividus.steps.ui.validation.BaseValidations.assertElementExistsImpl(BaseValidations.java:126)\r\n\tat org.vividus.steps.ui.validation.BaseValidations.lambda$assertElementExists$2(BaseValidations.java:109)\r\n\tat org.vividus.steps.ui.validation.BaseValidations.assertElementExists(BaseValidations.java:108)\r\n\tat org.vividus.steps.ui.web.FieldSteps.enterTextInField(FieldSteps.java:267)\r\n\tat org.vividus.steps.ui.web.FieldSteps.enterTextInField(FieldSteps.java:262)\r\n5) java.lang.AssertionError: Visual check passed [The condition is false]\r\n\tat org.vividus.visual.steps.AbstractVisualSteps.verifyResult(AbstractVisualSteps.java:93)\r\n\tat org.vividus.visual.VisualSteps.verifyResult(VisualSteps.java:429)\r\n\tat org.vividus.visual.steps.AbstractVisualSteps.lambda$execute$2(AbstractVisualSteps.java:84)\r\n\tat org.vividus.visual.steps.AbstractVisualSteps.execute(AbstractVisualSteps.java:80)\r\n\tat org.vividus.visual.steps.AbstractVisualSteps.execute(AbstractVisualSteps.java:56)\r\n\tat org.vividus.visual.VisualSteps.lambda$performVisualAction$3(VisualSteps.java:346)\r\n\tat org.vividus.visual.VisualSteps.performVisualAction(VisualSteps.java:361)\r\n\tat org.vividus.visual.VisualSteps.performVisualAction(VisualSteps.java:339)\r\n\tat org.vividus.visual.VisualSteps.performVisualAction(VisualSteps.java:333)\r\n\tat org.vividus.visual.VisualSteps.runVisualTests(VisualSteps.java:89)\r\n6) java.lang.AssertionError: Element to click is not found by the locator  XPath: '\/\/*[@aria-label='Choose date']'; Visibility: VISIBLE;\r\n\tat org.vividus.steps.ui.validation.BaseValidations.doesOnlyOneElementExist(BaseValidations.java:136)\r\n\tat org.vividus.steps.ui.validation.BaseValidations.assertElementExistsImpl(BaseValidations.java:126)\r\n\tat org.vividus.steps.ui.validation.BaseValidations.lambda$assertElementExists$2(BaseValidations.java:109)\r\n\tat org.vividus.steps.ui.validation.BaseValidations.assertElementExists(BaseValidations.java:108)\r\n\tat org.vividus.steps.ui.web.ElementSteps.findAndClick(ElementSteps.java:332)\r\n\tat org.vividus.steps.ui.web.ElementSteps.clickOnElement(ElementSteps.java:322)\r\n7) java.lang.AssertionError: Element to click is not found by the locator  XPath: '\/\/*[@aria-current='date']'; Visibility: VISIBLE;\r\n\tat org.vividus.steps.ui.validation.BaseValidations.doesOnlyOneElementExist(BaseValidations.java:136)\r\n\tat org.vividus.steps.ui.validation.BaseValidations.assertElementExistsImpl(BaseValidations.java:126)\r\n\tat org.vividus.steps.ui.validation.BaseValidations.lambda$assertElementExists$2(BaseValidations.java:109)\r\n\tat org.vividus.steps.ui.validation.BaseValidations.assertElementExists(BaseValidations.java:108)\r\n\tat org.vividus.steps.ui.web.ElementSteps.findAndClick(ElementSteps.java:332)\r\n\tat org.vividus.steps.ui.web.ElementSteps.clickOnElement(ElementSteps.java:322)\r\n8) java.lang.AssertionError: Element to click is not found by the locator  XPath: '\/\/*[@id='jnj-surgery-form-time-icon']'; Visibility: VISIBLE;\r\n\tat org.vividus.steps.ui.validation.BaseValidations.doesOnlyOneElementExist(BaseValidations.java:136)\r\n\tat org.vividus.steps.ui.validation.BaseValidations.assertElementExistsImpl(BaseValidations.java:126)\r\n\tat org.vividus.steps.ui.validation.BaseValidations.lambda$assertElementExists$2(BaseValidations.java:109)\r\n\tat org.vividus.steps.ui.validation.BaseValidations.assertElementExists(BaseValidations.java:108)\r\n\tat org.vividus.steps.ui.web.ElementSteps.findAndClick(ElementSteps.java:332)\r\n\tat org.vividus.steps.ui.web.ElementSteps.clickOnElement(ElementSteps.java:322)\r\n9) java.lang.AssertionError: Element to click is not found by the locator  XPath: '\/\/*[@data-test-id='jnj-time-picker-toolbar']\/div[3]\/button[2]'; Visibility: VISIBLE;\r\n\tat org.vividus.steps.ui.validation.BaseValidations.doesOnlyOneElementExist(BaseValidations.java:136)\r\n\tat org.vividus.steps.ui.validation.BaseValidations.assertElementExistsImpl(BaseValidations.java:126)\r\n\tat org.vividus.steps.ui.validation.BaseValidations.lambda$assertElementExists$2(BaseValidations.java:109)\r\n\tat org.vividus.steps.ui.validation.BaseValidations.assertElementExists(BaseValidations.java:108)\r\n\tat org.vividus.steps.ui.web.ElementSteps.findAndClick(ElementSteps.java:332)\r\n\tat org.vividus.steps.ui.web.ElementSteps.clickOnElement(ElementSteps.java:322)\r\n10) java.lang.AssertionError: Visual check passed [The condition is false]\r\n\tat org.vividus.visual.steps.AbstractVisualSteps.verifyResult(AbstractVisualSteps.java:93)\r\n\tat org.vividus.visual.VisualSteps.verifyResult(VisualSteps.java:429)\r\n\tat org.vividus.visual.steps.AbstractVisualSteps.lambda$execute$2(AbstractVisualSteps.java:84)\r\n\tat org.vividus.visual.steps.AbstractVisualSteps.execute(AbstractVisualSteps.java:80)\r\n\tat org.vividus.visual.steps.AbstractVisualSteps.execute(AbstractVisualSteps.java:56)\r\n\tat org.vividus.visual.VisualSteps.lambda$performVisualAction$3(VisualSteps.java:346)\r\n\tat org.vividus.visual.VisualSteps.performVisualAction(VisualSteps.java:361)\r\n\tat org.vividus.visual.VisualSteps.performVisualAction(VisualSteps.java:339)\r\n\tat org.vividus.visual.VisualSteps.performVisualAction(VisualSteps.java:333)\r\n\tat org.vividus.visual.VisualSteps.runVisualTests(VisualSteps.java:89)\r\n"},{"outcome": "successful", "value": "org.vividus.visual.screenshot.ScenarioBasedIndexer.resetIndex()"},{"outcome": "successful", "value": "org.vividus.steps.WebUiVividusSetupSteps.afterScenario()"},{"outcome": "successful", "value": "org.vividus.http.CookieStoreProvider.resetScenarioCookies()"},{"outcome": "successful", "value": "org.vividus.steps.WebDriverSetupSteps.afterScenario()"}],"start":1693162811714,"end":1693162820495,"failure": "org.jbehave.core.failures.BeforeOrAfterFailed: Method verifyIfAssertionsPassed (annotated with @AfterScenario in class org.vividus.steps.AssertSteps) failed: org.vividus.softassert.exception.VerificationError: \n1) java.lang.AssertionError: The field to enter text is not found by the locator  Field name: 'patientId'; Visibility: VISIBLE;\n\tat org.vividus.steps.ui.validation.BaseValidations.doesOnlyOneElementExist(BaseValidations.java:136)\n\tat org.vividus.steps.ui.validation.BaseValidations.assertElementExistsImpl(BaseValidations.java:126)\n\tat org.vividus.steps.ui.validation.BaseValidations.lambda$assertElementExists$2(BaseValidations.java:109)\n\tat org.vividus.steps.ui.validation.BaseValidations.assertElementExists(BaseValidations.java:108)\n\tat org.vividus.steps.ui.web.FieldSteps.enterTextInField(FieldSteps.java:267)\n\tat org.vividus.steps.ui.web.FieldSteps.enterTextInField(FieldSteps.java:262)\n2) java.lang.AssertionError: The field to enter text is not found by the locator  Field name: 'firstName'; Visibility: VISIBLE;\n\tat org.vividus.steps.ui.validation.BaseValidations.doesOnlyOneElementExist(BaseValidations.java:136)\n\tat org.vividus.steps.ui.validation.BaseValidations.assertElementExistsImpl(BaseValidations.java:126)\n\tat org.vividus.steps.ui.validation.BaseValidations.lambda$assertElementExists$2(BaseValidations.java:109)\n\tat org.vividus.steps.ui.validation.BaseValidations.assertElementExists(BaseValidations.java:108)\n\tat org.vividus.steps.ui.web.FieldSteps.enterTextInField(FieldSteps.java:267)\n\tat org.vividus.steps.ui.web.FieldSteps.enterTextInField(FieldSteps.java:262)\n3) java.lang.AssertionError: The field to enter text is not found by the locator  Field name: 'lastName'; Visibility: VISIBLE;\n\tat org.vividus.steps.ui.validation.BaseValidations.doesOnlyOneElementExist(BaseValidations.java:136)\n\tat org.vividus.steps.ui.validation.BaseValidations.assertElementExistsImpl(BaseValidations.java:126)\n\tat org.vividus.steps.ui.validation.BaseValidations.lambda$assertElementExists$2(BaseValidations.java:109)\n\tat org.vividus.steps.ui.validation.BaseValidations.assertElementExists(BaseValidations.java:108)\n\tat org.vividus.steps.ui.web.FieldSteps.enterTextInField(FieldSteps.java:267)\n\tat org.vividus.steps.ui.web.FieldSteps.enterTextInField(FieldSteps.java:262)\n4) java.lang.AssertionError: The field to enter text is not found by the locator  Field name: 'bmi'; Visibility: VISIBLE;\n\tat org.vividus.steps.ui.validation.BaseValidations.doesOnlyOneElementExist(BaseValidations.java:136)\n\tat org.vividus.steps.ui.validation.BaseValidations.assertElementExistsImpl(BaseValidations.java:126)\n\tat org.vividus.steps.ui.validation.BaseValidations.lambda$assertElementExists$2(BaseValidations.java:109)\n\tat org.vividus.steps.ui.validation.BaseValidations.assertElementExists(BaseValidations.java:108)\n\tat org.vividus.steps.ui.web.FieldSteps.enterTextInField(FieldSteps.java:267)\n\tat org.vividus.steps.ui.web.FieldSteps.enterTextInField(FieldSteps.java:262)\n5) java.lang.AssertionError: Visual check passed [The condition is false]\n\tat org.vividus.visual.steps.AbstractVisualSteps.verifyResult(AbstractVisualSteps.java:93)\n\tat org.vividus.visual.VisualSteps.verifyResult(VisualSteps.java:429)\n\tat org.vividus.visual.steps.AbstractVisualSteps.lambda$execute$2(AbstractVisualSteps.java:84)\n\tat org.vividus.visual.steps.AbstractVisualSteps.execute(AbstractVisualSteps.java:80)\n\tat org.vividus.visual.steps.AbstractVisualSteps.execute(AbstractVisualSteps.java:56)\n\tat org.vividus.visual.VisualSteps.lambda$performVisualAction$3(VisualSteps.java:346)\n\tat org.vividus.visual.VisualSteps.performVisualAction(VisualSteps.java:361)\n\tat org.vividus.visual.VisualSteps.performVisualAction(VisualSteps.java:339)\n\tat org.vividus.visual.VisualSteps.performVisualAction(VisualSteps.java:333)\n\tat org.vividus.visual.VisualSteps.runVisualTests(VisualSteps.java:89)\n6) java.lang.AssertionError: Element to click is not found by the locator  XPath: '\/\/*[@aria-label='Choose date']'; Visibility: VISIBLE;\n\tat org.vividus.steps.ui.validation.BaseValidations.doesOnlyOneElementExist(BaseValidations.java:136)\n\tat org.vividus.steps.ui.validation.BaseValidations.assertElementExistsImpl(BaseValidations.java:126)\n\tat org.vividus.steps.ui.validation.BaseValidations.lambda$assertElementExists$2(BaseValidations.java:109)\n\tat org.vividus.steps.ui.validation.BaseValidations.assertElementExists(BaseValidations.java:108)\n\tat org.vividus.steps.ui.web.ElementSteps.findAndClick(ElementSteps.java:332)\n\tat org.vividus.steps.ui.web.ElementSteps.clickOnElement(ElementSteps.java:322)\n7) java.lang.AssertionError: Element to click is not found by the locator  XPath: '\/\/*[@aria-current='date']'; Visibility: VISIBLE;\n\tat org.vividus.steps.ui.validation.BaseValidations.doesOnlyOneElementExist(BaseValidations.java:136)\n\tat org.vividus.steps.ui.validation.BaseValidations.assertElementExistsImpl(BaseValidations.java:126)\n\tat org.vividus.steps.ui.validation.BaseValidations.lambda$assertElementExists$2(BaseValidations.java:109)\n\tat org.vividus.steps.ui.validation.BaseValidations.assertElementExists(BaseValidations.java:108)\n\tat org.vividus.steps.ui.web.ElementSteps.findAndClick(ElementSteps.java:332)\n\tat org.vividus.steps.ui.web.ElementSteps.clickOnElement(ElementSteps.java:322)\n8) java.lang.AssertionError: Element to click is not found by the locator  XPath: '\/\/*[@id='jnj-surgery-form-time-icon']'; Visibility: VISIBLE;\n\tat org.vividus.steps.ui.validation.BaseValidations.doesOnlyOneElementExist(BaseValidations.java:136)\n\tat org.vividus.steps.ui.validation.BaseValidations.assertElementExistsImpl(BaseValidations.java:126)\n\tat org.vividus.steps.ui.validation.BaseValidations.lambda$assertElementExists$2(BaseValidations.java:109)\n\tat org.vividus.steps.ui.validation.BaseValidations.assertElementExists(BaseValidations.java:108)\n\tat org.vividus.steps.ui.web.ElementSteps.findAndClick(ElementSteps.java:332)\n\tat org.vividus.steps.ui.web.ElementSteps.clickOnElement(ElementSteps.java:322)\n9) java.lang.AssertionError: Element to click is not found by the locator  XPath: '\/\/*[@data-test-id='jnj-time-picker-toolbar']\/div[3]\/button[2]'; Visibility: VISIBLE;\n\tat org.vividus.steps.ui.validation.BaseValidations.doesOnlyOneElementExist(BaseValidations.java:136)\n\tat org.vividus.steps.ui.validation.BaseValidations.assertElementExistsImpl(BaseValidations.java:126)\n\tat org.vividus.steps.ui.validation.BaseValidations.lambda$assertElementExists$2(BaseValidations.java:109)\n\tat org.vividus.steps.ui.validation.BaseValidations.assertElementExists(BaseValidations.java:108)\n\tat org.vividus.steps.ui.web.ElementSteps.findAndClick(ElementSteps.java:332)\n\tat org.vividus.steps.ui.web.ElementSteps.clickOnElement(ElementSteps.java:322)\n10) java.lang.AssertionError: Visual check passed [The condition is false]\n\tat org.vividus.visual.steps.AbstractVisualSteps.verifyResult(AbstractVisualSteps.java:93)\n\tat org.vividus.visual.VisualSteps.verifyResult(VisualSteps.java:429)\n\tat org.vividus.visual.steps.AbstractVisualSteps.lambda$execute$2(AbstractVisualSteps.java:84)\n\tat org.vividus.visual.steps.AbstractVisualSteps.execute(AbstractVisualSteps.java:80)\n\tat org.vividus.visual.steps.AbstractVisualSteps.execute(AbstractVisualSteps.java:56)\n\tat org.vividus.visual.VisualSteps.lambda$performVisualAction$3(VisualSteps.java:346)\n\tat org.vividus.visual.VisualSteps.performVisualAction(VisualSteps.java:361)\n\tat org.vividus.visual.VisualSteps.performVisualAction(VisualSteps.java:339)\n\tat org.vividus.visual.VisualSteps.performVisualAction(VisualSteps.java:333)\n\tat org.vividus.visual.VisualSteps.runVisualTests(VisualSteps.java:89)\n\n\tat org.jbehave.core.steps.StepCreator$BeforeOrAfterStep.perform(StepCreator.java:703)\n\tat org.jbehave.core.steps.StepCreator$ReportingAbstractStep.perform(StepCreator.java:638)\n\tat org.jbehave.core.steps.StepCreator$DelegatingStep.perform(StepCreator.java:662)\n\tat org.jbehave.core.embedder.PerformableTree$FineSoFar.run(PerformableTree.java:379)\n\tat org.jbehave.core.embedder.PerformableTree$PerformableSteps.perform(PerformableTree.java:1441)\n\tat org.jbehave.core.embedder.PerformableTree$PerformableEntity.performHookSteps(PerformableTree.java:999)\n\tat org.jbehave.core.embedder.PerformableTree$PerformableEntity.performAfterSteps(PerformableTree.java:978)\n\tat org.jbehave.core.embedder.PerformableTree$AbstractPerformableScenario.lambda$performScenario$1(PerformableTree.java:1291)\n\tat org.jbehave.core.embedder.PerformableTree$PerformableEntity.performWithStopExecutionExceptionHandling(PerformableTree.java:967)\n\tat org.jbehave.core.embedder.PerformableTree$AbstractPerformableScenario.performScenario(PerformableTree.java:1276)\n\tat org.jbehave.core.embedder.PerformableTree$NormalPerformableScenario.perform(PerformableTree.java:1332)\n\tat org.jbehave.core.embedder.PerformableTree$PerformableScenario.perform(PerformableTree.java:1225)\n\tat org.jbehave.core.embedder.PerformableTree$PerformableStory.lambda$perform$0(PerformableTree.java:1090)\n\tat org.jbehave.core.embedder.PerformableTree$PerformableEntity.performWithStopExecutionExceptionHandling(PerformableTree.java:965)\n\tat org.jbehave.core.embedder.PerformableTree$PerformableStory.perform(PerformableTree.java:1082)\n\tat org.jbehave.core.embedder.PerformableTree.performCancellable(PerformableTree.java:521)\n\tat org.jbehave.core.embedder.PerformableTree.perform(PerformableTree.java:488)\n\tat org.jbehave.core.embedder.StoryManager$EnqueuedStory.call(StoryManager.java:305)\n\tat org.jbehave.core.embedder.StoryManager$EnqueuedStory.call(StoryManager.java:278)\n\tat java.base\/java.util.concurrent.FutureTask.run(FutureTask.java:264)\n\tat java.base\/java.util.concurrent.ThreadPoolExecutor.runWorker(ThreadPoolExecutor.java:1136)\n\tat java.base\/java.util.concurrent.ThreadPoolExecutor$Worker.run(ThreadPoolExecutor.java:635)\n\tat java.base\/java.lang.Thread.run(Thread.java:833)\nCaused by: org.vividus.softassert.exception.VerificationError: \n1) java.lang.AssertionError: The field to enter text is not found by the locator  Field name: 'patientId'; Visibility: VISIBLE;\n\tat org.vividus.steps.ui.validation.BaseValidations.doesOnlyOneElementExist(BaseValidations.java:136)\n\tat org.vividus.steps.ui.validation.BaseValidations.assertElementExistsImpl(BaseValidations.java:126)\n\tat org.vividus.steps.ui.validation.BaseValidations.lambda$assertElementExists$2(BaseValidations.java:109)\n\tat org.vividus.steps.ui.validation.BaseValidations.assertElementExists(BaseValidations.java:108)\n\tat org.vividus.steps.ui.web.FieldSteps.enterTextInField(FieldSteps.java:267)\n\tat org.vividus.steps.ui.web.FieldSteps.enterTextInField(FieldSteps.java:262)\n2) java.lang.AssertionError: The field to enter text is not found by the locator  Field name: 'firstName'; Visibility: VISIBLE;\n\tat org.vividus.steps.ui.validation.BaseValidations.doesOnlyOneElementExist(BaseValidations.java:136)\n\tat org.vividus.steps.ui.validation.BaseValidations.assertElementExistsImpl(BaseValidations.java:126)\n\tat org.vividus.steps.ui.validation.BaseValidations.lambda$assertElementExists$2(BaseValidations.java:109)\n\tat org.vividus.steps.ui.validation.BaseValidations.assertElementExists(BaseValidations.java:108)\n\tat org.vividus.steps.ui.web.FieldSteps.enterTextInField(FieldSteps.java:267)\n\tat org.vividus.steps.ui.web.FieldSteps.enterTextInField(FieldSteps.java:262)\n3) java.lang.AssertionError: The field to enter text is not found by the locator  Field name: 'lastName'; Visibility: VISIBLE;\n\tat org.vividus.steps.ui.validation.BaseValidations.doesOnlyOneElementExist(BaseValidations.java:136)\n\tat org.vividus.steps.ui.validation.BaseValidations.assertElementExistsImpl(BaseValidations.java:126)\n\tat org.vividus.steps.ui.validation.BaseValidations.lambda$assertElementExists$2(BaseValidations.java:109)\n\tat org.vividus.steps.ui.validation.BaseValidations.assertElementExists(BaseValidations.java:108)\n\tat org.vividus.steps.ui.web.FieldSteps.enterTextInField(FieldSteps.java:267)\n\tat org.vividus.steps.ui.web.FieldSteps.enterTextInField(FieldSteps.java:262)\n4) java.lang.AssertionError: The field to enter text is not found by the locator  Field name: 'bmi'; Visibility: VISIBLE;\n\tat org.vividus.steps.ui.validation.BaseValidations.doesOnlyOneElementExist(BaseValidations.java:136)\n\tat org.vividus.steps.ui.validation.BaseValidations.assertElementExistsImpl(BaseValidations.java:126)\n\tat org.vividus.steps.ui.validation.BaseValidations.lambda$assertElementExists$2(BaseValidations.java:109)\n\tat org.vividus.steps.ui.validation.BaseValidations.assertElementExists(BaseValidations.java:108)\n\tat org.vividus.steps.ui.web.FieldSteps.enterTextInField(FieldSteps.java:267)\n\tat org.vividus.steps.ui.web.FieldSteps.enterTextInField(FieldSteps.java:262)\n5) java.lang.AssertionError: Visual check passed [The condition is false]\n\tat org.vividus.visual.steps.AbstractVisualSteps.verifyResult(AbstractVisualSteps.java:93)\n\tat org.vividus.visual.VisualSteps.verifyResult(VisualSteps.java:429)\n\tat org.vividus.visual.steps.AbstractVisualSteps.lambda$execute$2(AbstractVisualSteps.java:84)\n\tat org.vividus.visual.steps.AbstractVisualSteps.execute(AbstractVisualSteps.java:80)\n\tat org.vividus.visual.steps.AbstractVisualSteps.execute(AbstractVisualSteps.java:56)\n\tat org.vividus.visual.VisualSteps.lambda$performVisualAction$3(VisualSteps.java:346)\n\tat org.vividus.visual.VisualSteps.performVisualAction(VisualSteps.java:361)\n\tat org.vividus.visual.VisualSteps.performVisualAction(VisualSteps.java:339)\n\tat org.vividus.visual.VisualSteps.performVisualAction(VisualSteps.java:333)\n\tat org.vividus.visual.VisualSteps.runVisualTests(VisualSteps.java:89)\n6) java.lang.AssertionError: Element to click is not found by the locator  XPath: '\/\/*[@aria-label='Choose date']'; Visibility: VISIBLE;\n\tat org.vividus.steps.ui.validation.BaseValidations.doesOnlyOneElementExist(BaseValidations.java:136)\n\tat org.vividus.steps.ui.validation.BaseValidations.assertElementExistsImpl(BaseValidations.java:126)\n\tat org.vividus.steps.ui.validation.BaseValidations.lambda$assertElementExists$2(BaseValidations.java:109)\n\tat org.vividus.steps.ui.validation.BaseValidations.assertElementExists(BaseValidations.java:108)\n\tat org.vividus.steps.ui.web.ElementSteps.findAndClick(ElementSteps.java:332)\n\tat org.vividus.steps.ui.web.ElementSteps.clickOnElement(ElementSteps.java:322)\n7) java.lang.AssertionError: Element to click is not found by the locator  XPath: '\/\/*[@aria-current='date']'; Visibility: VISIBLE;\n\tat org.vividus.steps.ui.validation.BaseValidations.doesOnlyOneElementExist(BaseValidations.java:136)\n\tat org.vividus.steps.ui.validation.BaseValidations.assertElementExistsImpl(BaseValidations.java:126)\n\tat org.vividus.steps.ui.validation.BaseValidations.lambda$assertElementExists$2(BaseValidations.java:109)\n\tat org.vividus.steps.ui.validation.BaseValidations.assertElementExists(BaseValidations.java:108)\n\tat org.vividus.steps.ui.web.ElementSteps.findAndClick(ElementSteps.java:332)\n\tat org.vividus.steps.ui.web.ElementSteps.clickOnElement(ElementSteps.java:322)\n8) java.lang.AssertionError: Element to click is not found by the locator  XPath: '\/\/*[@id='jnj-surgery-form-time-icon']'; Visibility: VISIBLE;\n\tat org.vividus.steps.ui.validation.BaseValidations.doesOnlyOneElementExist(BaseValidations.java:136)\n\tat org.vividus.steps.ui.validation.BaseValidations.assertElementExistsImpl(BaseValidations.java:126)\n\tat org.vividus.steps.ui.validation.BaseValidations.lambda$assertElementExists$2(BaseValidations.java:109)\n\tat org.vividus.steps.ui.validation.BaseValidations.assertElementExists(BaseValidations.java:108)\n\tat org.vividus.steps.ui.web.ElementSteps.findAndClick(ElementSteps.java:332)\n\tat org.vividus.steps.ui.web.ElementSteps.clickOnElement(ElementSteps.java:322)\n9) java.lang.AssertionError: Element to click is not found by the locator  XPath: '\/\/*[@data-test-id='jnj-time-picker-toolbar']\/div[3]\/button[2]'; Visibility: VISIBLE;\n\tat org.vividus.steps.ui.validation.BaseValidations.doesOnlyOneElementExist(BaseValidations.java:136)\n\tat org.vividus.steps.ui.validation.BaseValidations.assertElementExistsImpl(BaseValidations.java:126)\n\tat org.vividus.steps.ui.validation.BaseValidations.lambda$assertElementExists$2(BaseValidations.java:109)\n\tat org.vividus.steps.ui.validation.BaseValidations.assertElementExists(BaseValidations.java:108)\n\tat org.vividus.steps.ui.web.ElementSteps.findAndClick(ElementSteps.java:332)\n\tat org.vividus.steps.ui.web.ElementSteps.clickOnElement(ElementSteps.java:322)\n10) java.lang.AssertionError: Visual check passed [The condition is false]\n\tat org.vividus.visual.steps.AbstractVisualSteps.verifyResult(AbstractVisualSteps.java:93)\n\tat org.vividus.visual.VisualSteps.verifyResult(VisualSteps.java:429)\n\tat org.vividus.visual.steps.AbstractVisualSteps.lambda$execute$2(AbstractVisualSteps.java:84)\n\tat org.vividus.visual.steps.AbstractVisualSteps.execute(AbstractVisualSteps.java:80)\n\tat org.vividus.visual.steps.AbstractVisualSteps.execute(AbstractVisualSteps.java:56)\n\tat org.vividus.visual.VisualSteps.lambda$performVisualAction$3(VisualSteps.java:346)\n\tat org.vividus.visual.VisualSteps.performVisualAction(VisualSteps.java:361)\n\tat org.vividus.visual.VisualSteps.performVisualAction(VisualSteps.java:339)\n\tat org.vividus.visual.VisualSteps.performVisualAction(VisualSteps.java:333)\n\tat org.vividus.visual.VisualSteps.runVisualTests(VisualSteps.java:89)\n\n\tat org.vividus.softassert.SoftAssert.verify(SoftAssert.java:298)\n\tat org.vividus.steps.AssertSteps.verifyIfAssertionsPassed(AssertSteps.java:45)\n\tat java.base\/jdk.internal.reflect.NativeMethodAccessorImpl.invoke0(Native Method)\n\tat java.base\/jdk.internal.reflect.NativeMethodAccessorImpl.invoke(NativeMethodAccessorImpl.java:77)\n\tat java.base\/jdk.internal.reflect.DelegatingMethodAccessorImpl.invoke(DelegatingMethodAccessorImpl.java:43)\n\tat java.base\/java.lang.reflect.Method.invoke(Method.java:568)\n\tat org.jbehave.core.steps.StepCreator$MethodInvoker.invoke(StepCreator.java:1087)\n\tat org.jbehave.core.steps.StepCreator$BeforeOrAfterStep.perform(StepCreator.java:699)\n\t... 22 more\n" },{"keyword": "Scenario:", "id": "3181a556-0b87-47ac-96e7-2a74641c6560", "title": "check left bar complete state of patient section","meta": [{"keyword": "@", "name": "testCaseId", "value": "NUC-508"}],"beforeSystemScenarioSteps": [{"outcome": "successful", "value": "org.vividus.steps.WebDriverSetupSteps.beforeScenario()"}],"beforeUserScenarioSteps": [],"steps": [{"outcome": "successful", "value": "When I change context to element located by `testId(jnj-vertical-stepper)`"},{"outcome": "successful", "value": "When I ((${visual-action})) baseline with name `${profile}-${resolution}-new-case-left-bar-complete-patient` using screenshot configuration:\n|shootingStrategy|cutRight               |\n|SIMPLE          |${context-x-coordinate}|"},{"outcome": "successful", "value": "When I reset context"}],"afterUserScenarioSteps": [],"afterSystemScenarioSteps": [{"outcome": "failed", "keyword": "FAILED", "value": "org.vividus.steps.AssertSteps.verifyIfAssertionsPassed()", "failure": "org.jbehave.core.failures.BeforeOrAfterFailed: Method verifyIfAssertionsPassed (annotated with @AfterScenario in class org.vividus.steps.AssertSteps) failed: org.vividus.softassert.exception.VerificationError: \r\n1) java.lang.AssertionError: Visual check passed [The condition is false]\r\n\tat org.vividus.visual.steps.AbstractVisualSteps.verifyResult(AbstractVisualSteps.java:93)\r\n\tat org.vividus.visual.VisualSteps.verifyResult(VisualSteps.java:429)\r\n\tat org.vividus.visual.steps.AbstractVisualSteps.lambda$execute$2(AbstractVisualSteps.java:84)\r\n\tat org.vividus.visual.steps.AbstractVisualSteps.execute(AbstractVisualSteps.java:80)\r\n\tat org.vividus.visual.steps.AbstractVisualSteps.execute(AbstractVisualSteps.java:56)\r\n\tat org.vividus.visual.VisualSteps.lambda$performVisualAction$3(VisualSteps.java:346)\r\n\tat org.vividus.visual.VisualSteps.performVisualAction(VisualSteps.java:361)\r\n\tat org.vividus.visual.VisualSteps.performVisualAction(VisualSteps.java:339)\r\n\tat org.vividus.visual.VisualSteps.performVisualAction(VisualSteps.java:333)\r\n\tat org.vividus.visual.VisualSteps.runVisualTests(VisualSteps.java:119)\r\n"},{"outcome": "successful", "value": "org.vividus.visual.screenshot.ScenarioBasedIndexer.resetIndex()"},{"outcome": "successful", "value": "org.vividus.steps.WebUiVividusSetupSteps.afterScenario()"},{"outcome": "successful", "value": "org.vividus.http.CookieStoreProvider.resetScenarioCookies()"},{"outcome": "successful", "value": "org.vividus.steps.WebDriverSetupSteps.afterScenario()"}],"start":1693162820502,"end":1693162821015,"failure": "org.jbehave.core.failures.BeforeOrAfterFailed: Method verifyIfAssertionsPassed (annotated with @AfterScenario in class org.vividus.steps.AssertSteps) failed: org.vividus.softassert.exception.VerificationError: \n1) java.lang.AssertionError: Visual check passed [The condition is false]\n\tat org.vividus.visual.steps.AbstractVisualSteps.verifyResult(AbstractVisualSteps.java:93)\n\tat org.vividus.visual.VisualSteps.verifyResult(VisualSteps.java:429)\n\tat org.vividus.visual.steps.AbstractVisualSteps.lambda$execute$2(AbstractVisualSteps.java:84)\n\tat org.vividus.visual.steps.AbstractVisualSteps.execute(AbstractVisualSteps.java:80)\n\tat org.vividus.visual.steps.AbstractVisualSteps.execute(AbstractVisualSteps.java:56)\n\tat org.vividus.visual.VisualSteps.lambda$performVisualAction$3(VisualSteps.java:346)\n\tat org.vividus.visual.VisualSteps.performVisualAction(VisualSteps.java:361)\n\tat org.vividus.visual.VisualSteps.performVisualAction(VisualSteps.java:339)\n\tat org.vividus.visual.VisualSteps.performVisualAction(VisualSteps.java:333)\n\tat org.vividus.visual.VisualSteps.runVisualTests(VisualSteps.java:119)\n\n\tat org.jbehave.core.steps.StepCreator$BeforeOrAfterStep.perform(StepCreator.java:703)\n\tat org.jbehave.core.steps.StepCreator$ReportingAbstractStep.perform(StepCreator.java:638)\n\tat org.jbehave.core.steps.StepCreator$DelegatingStep.perform(StepCreator.java:662)\n\tat org.jbehave.core.embedder.PerformableTree$FineSoFar.run(PerformableTree.java:379)\n\tat org.jbehave.core.embedder.PerformableTree$PerformableSteps.perform(PerformableTree.java:1441)\n\tat org.jbehave.core.embedder.PerformableTree$PerformableEntity.performHookSteps(PerformableTree.java:999)\n\tat org.jbehave.core.embedder.PerformableTree$PerformableEntity.performAfterSteps(PerformableTree.java:978)\n\tat org.jbehave.core.embedder.PerformableTree$AbstractPerformableScenario.lambda$performScenario$1(PerformableTree.java:1291)\n\tat org.jbehave.core.embedder.PerformableTree$PerformableEntity.performWithStopExecutionExceptionHandling(PerformableTree.java:967)\n\tat org.jbehave.core.embedder.PerformableTree$AbstractPerformableScenario.performScenario(PerformableTree.java:1276)\n\tat org.jbehave.core.embedder.PerformableTree$NormalPerformableScenario.perform(PerformableTree.java:1332)\n\tat org.jbehave.core.embedder.PerformableTree$PerformableScenario.perform(PerformableTree.java:1225)\n\tat org.jbehave.core.embedder.PerformableTree$PerformableStory.lambda$perform$0(PerformableTree.java:1090)\n\tat org.jbehave.core.embedder.PerformableTree$PerformableEntity.performWithStopExecutionExceptionHandling(PerformableTree.java:965)\n\tat org.jbehave.core.embedder.PerformableTree$PerformableStory.perform(PerformableTree.java:1082)\n\tat org.jbehave.core.embedder.PerformableTree.performCancellable(PerformableTree.java:521)\n\tat org.jbehave.core.embedder.PerformableTree.perform(PerformableTree.java:488)\n\tat org.jbehave.core.embedder.StoryManager$EnqueuedStory.call(StoryManager.java:305)\n\tat org.jbehave.core.embedder.StoryManager$EnqueuedStory.call(StoryManager.java:278)\n\tat java.base\/java.util.concurrent.FutureTask.run(FutureTask.java:264)\n\tat java.base\/java.util.concurrent.ThreadPoolExecutor.runWorker(ThreadPoolExecutor.java:1136)\n\tat java.base\/java.util.concurrent.ThreadPoolExecutor$Worker.run(ThreadPoolExecutor.java:635)\n\tat java.base\/java.lang.Thread.run(Thread.java:833)\nCaused by: org.vividus.softassert.exception.VerificationError: \n1) java.lang.AssertionError: Visual check passed [The condition is false]\n\tat org.vividus.visual.steps.AbstractVisualSteps.verifyResult(AbstractVisualSteps.java:93)\n\tat org.vividus.visual.VisualSteps.verifyResult(VisualSteps.java:429)\n\tat org.vividus.visual.steps.AbstractVisualSteps.lambda$execute$2(AbstractVisualSteps.java:84)\n\tat org.vividus.visual.steps.AbstractVisualSteps.execute(AbstractVisualSteps.java:80)\n\tat org.vividus.visual.steps.AbstractVisualSteps.execute(AbstractVisualSteps.java:56)\n\tat org.vividus.visual.VisualSteps.lambda$performVisualAction$3(VisualSteps.java:346)\n\tat org.vividus.visual.VisualSteps.performVisualAction(VisualSteps.java:361)\n\tat org.vividus.visual.VisualSteps.performVisualAction(VisualSteps.java:339)\n\tat org.vividus.visual.VisualSteps.performVisualAction(VisualSteps.java:333)\n\tat org.vividus.visual.VisualSteps.runVisualTests(VisualSteps.java:119)\n\n\tat org.vividus.softassert.SoftAssert.verify(SoftAssert.java:298)\n\tat org.vividus.steps.AssertSteps.verifyIfAssertionsPassed(AssertSteps.java:45)\n\tat java.base\/jdk.internal.reflect.NativeMethodAccessorImpl.invoke0(Native Method)\n\tat java.base\/jdk.internal.reflect.NativeMethodAccessorImpl.invoke(NativeMethodAccessorImpl.java:77)\n\tat java.base\/jdk.internal.reflect.DelegatingMethodAccessorImpl.invoke(DelegatingMethodAccessorImpl.java:43)\n\tat java.base\/java.lang.reflect.Method.invoke(Method.java:568)\n\tat org.jbehave.core.steps.StepCreator$MethodInvoker.invoke(StepCreator.java:1087)\n\tat org.jbehave.core.steps.StepCreator$BeforeOrAfterStep.perform(StepCreator.java:699)\n\t... 22 more\n" }],"afterUserStorySteps": [],"afterSystemStorySteps": [{"outcome": "successful", "value": "org.vividus.steps.WebDriverSetupSteps.afterStory()"},{"outcome": "successful", "value": "org.vividus.http.CookieStoreProvider.resetStoryCookies()"}]}