{"id": "13f78bda-c9d7-45d8-ba8e-72063b74884c", "path": "file:\/C:\/01.Projects\/05.JAJ-MTDF\/jnj-auto-tests\/output\/resources\/main\/story\/nucleus\/web\/surgeon_profile.story", "title": "","meta": [{"keyword": "@", "name": "critical_path", "value": ""},{"keyword": "@", "name": "layout", "value": "desktop"}],"beforeSystemStorySteps": [{"outcome": "successful", "value": "org.vividus.steps.WebDriverSetupSteps.beforeStory()"}],"beforeUserStorySteps": [],"scenarios": [{"keyword": "Scenario:", "id": "8dd6fd30-8f5b-47a4-859c-e2c72b3dd1f0", "title": "check surgeon profile design","meta": [{"keyword": "@", "name": "testCaseId", "value": "NUC-590"}],"beforeSystemScenarioSteps": [{"outcome": "successful", "value": "org.vividus.steps.WebDriverSetupSteps.beforeScenario()"}],"beforeUserScenarioSteps": [],"steps": [{"outcome": "successful", "value": "When I ((${visual-action})) baseline with name `${profile}-${resolution}-surgeon-profile`"}],"afterUserScenarioSteps": [],"afterSystemScenarioSteps": [{"outcome": "failed", "keyword": "FAILED", "value": "org.vividus.steps.AssertSteps.verifyIfAssertionsPassed()", "failure": "org.jbehave.core.failures.BeforeOrAfterFailed: Method verifyIfAssertionsPassed (annotated with @AfterScenario in class org.vividus.steps.AssertSteps) failed: org.vividus.softassert.exception.VerificationError: \r\n1) java.lang.AssertionError: Search context is not set\r\n\tat org.vividus.ui.context.UiContext.getSearchContext(UiContext.java:66)\r\n\tat org.vividus.ui.context.UiContext.getOptionalSearchContext(UiContext.java:49)\r\n\tat org.vividus.visual.steps.AbstractVisualSteps.execute(AbstractVisualSteps.java:51)\r\n\tat org.vividus.visual.VisualSteps.lambda$performVisualAction$3(VisualSteps.java:346)\r\n\tat org.vividus.visual.VisualSteps.performVisualAction(VisualSteps.java:361)\r\n\tat org.vividus.visual.VisualSteps.performVisualAction(VisualSteps.java:339)\r\n\tat org.vividus.visual.VisualSteps.performVisualAction(VisualSteps.java:333)\r\n\tat org.vividus.visual.VisualSteps.runVisualTests(VisualSteps.java:89)\r\n"},{"outcome": "successful", "value": "org.vividus.visual.screenshot.ScenarioBasedIndexer.resetIndex()"},{"outcome": "successful", "value": "org.vividus.steps.WebUiVividusSetupSteps.afterScenario()"},{"outcome": "successful", "value": "org.vividus.http.CookieStoreProvider.resetScenarioCookies()"},{"outcome": "successful", "value": "org.vividus.steps.WebDriverSetupSteps.afterScenario()"}],"start":1693002038215,"end":1693002038352,"failure": "org.jbehave.core.failures.BeforeOrAfterFailed: Method verifyIfAssertionsPassed (annotated with @AfterScenario in class org.vividus.steps.AssertSteps) failed: org.vividus.softassert.exception.VerificationError: \n1) java.lang.AssertionError: Search context is not set\n\tat org.vividus.ui.context.UiContext.getSearchContext(UiContext.java:66)\n\tat org.vividus.ui.context.UiContext.getOptionalSearchContext(UiContext.java:49)\n\tat org.vividus.visual.steps.AbstractVisualSteps.execute(AbstractVisualSteps.java:51)\n\tat org.vividus.visual.VisualSteps.lambda$performVisualAction$3(VisualSteps.java:346)\n\tat org.vividus.visual.VisualSteps.performVisualAction(VisualSteps.java:361)\n\tat org.vividus.visual.VisualSteps.performVisualAction(VisualSteps.java:339)\n\tat org.vividus.visual.VisualSteps.performVisualAction(VisualSteps.java:333)\n\tat org.vividus.visual.VisualSteps.runVisualTests(VisualSteps.java:89)\n\n\tat org.jbehave.core.steps.StepCreator$BeforeOrAfterStep.perform(StepCreator.java:703)\n\tat org.jbehave.core.steps.StepCreator$ReportingAbstractStep.perform(StepCreator.java:638)\n\tat org.jbehave.core.steps.StepCreator$DelegatingStep.perform(StepCreator.java:662)\n\tat org.jbehave.core.embedder.PerformableTree$FineSoFar.run(PerformableTree.java:379)\n\tat org.jbehave.core.embedder.PerformableTree$PerformableSteps.perform(PerformableTree.java:1441)\n\tat org.jbehave.core.embedder.PerformableTree$PerformableEntity.performHookSteps(PerformableTree.java:999)\n\tat org.jbehave.core.embedder.PerformableTree$PerformableEntity.performAfterSteps(PerformableTree.java:978)\n\tat org.jbehave.core.embedder.PerformableTree$AbstractPerformableScenario.lambda$performScenario$1(PerformableTree.java:1291)\n\tat org.jbehave.core.embedder.PerformableTree$PerformableEntity.performWithStopExecutionExceptionHandling(PerformableTree.java:967)\n\tat org.jbehave.core.embedder.PerformableTree$AbstractPerformableScenario.performScenario(PerformableTree.java:1276)\n\tat org.jbehave.core.embedder.PerformableTree$NormalPerformableScenario.perform(PerformableTree.java:1332)\n\tat org.jbehave.core.embedder.PerformableTree$PerformableScenario.perform(PerformableTree.java:1225)\n\tat org.jbehave.core.embedder.PerformableTree$PerformableStory.lambda$perform$0(PerformableTree.java:1090)\n\tat org.jbehave.core.embedder.PerformableTree$PerformableEntity.performWithStopExecutionExceptionHandling(PerformableTree.java:965)\n\tat org.jbehave.core.embedder.PerformableTree$PerformableStory.perform(PerformableTree.java:1082)\n\tat org.jbehave.core.embedder.PerformableTree.performCancellable(PerformableTree.java:521)\n\tat org.jbehave.core.embedder.PerformableTree.perform(PerformableTree.java:488)\n\tat org.jbehave.core.embedder.StoryManager$EnqueuedStory.call(StoryManager.java:305)\n\tat org.jbehave.core.embedder.StoryManager$EnqueuedStory.call(StoryManager.java:278)\n\tat java.base\/java.util.concurrent.FutureTask.run(FutureTask.java:264)\n\tat java.base\/java.util.concurrent.ThreadPoolExecutor.runWorker(ThreadPoolExecutor.java:1136)\n\tat java.base\/java.util.concurrent.ThreadPoolExecutor$Worker.run(ThreadPoolExecutor.java:635)\n\tat java.base\/java.lang.Thread.run(Thread.java:833)\nCaused by: org.vividus.softassert.exception.VerificationError: \n1) java.lang.AssertionError: Search context is not set\n\tat org.vividus.ui.context.UiContext.getSearchContext(UiContext.java:66)\n\tat org.vividus.ui.context.UiContext.getOptionalSearchContext(UiContext.java:49)\n\tat org.vividus.visual.steps.AbstractVisualSteps.execute(AbstractVisualSteps.java:51)\n\tat org.vividus.visual.VisualSteps.lambda$performVisualAction$3(VisualSteps.java:346)\n\tat org.vividus.visual.VisualSteps.performVisualAction(VisualSteps.java:361)\n\tat org.vividus.visual.VisualSteps.performVisualAction(VisualSteps.java:339)\n\tat org.vividus.visual.VisualSteps.performVisualAction(VisualSteps.java:333)\n\tat org.vividus.visual.VisualSteps.runVisualTests(VisualSteps.java:89)\n\n\tat org.vividus.softassert.SoftAssert.verify(SoftAssert.java:298)\n\tat org.vividus.steps.AssertSteps.verifyIfAssertionsPassed(AssertSteps.java:45)\n\tat java.base\/jdk.internal.reflect.NativeMethodAccessorImpl.invoke0(Native Method)\n\tat java.base\/jdk.internal.reflect.NativeMethodAccessorImpl.invoke(NativeMethodAccessorImpl.java:77)\n\tat java.base\/jdk.internal.reflect.DelegatingMethodAccessorImpl.invoke(DelegatingMethodAccessorImpl.java:43)\n\tat java.base\/java.lang.reflect.Method.invoke(Method.java:568)\n\tat org.jbehave.core.steps.StepCreator$MethodInvoker.invoke(StepCreator.java:1087)\n\tat org.jbehave.core.steps.StepCreator$BeforeOrAfterStep.perform(StepCreator.java:699)\n\t... 22 more\n" },{"keyword": "Scenario:", "id": "b23cd5ac-c046-4675-bdd4-8110aabe8e0a", "title": "check sidebar data","meta": [{"keyword": "@", "name": "testCaseId", "value": "NUC-586;NUC-533"}],"beforeSystemScenarioSteps": [{"outcome": "successful", "value": "org.vividus.steps.WebDriverSetupSteps.beforeScenario()"}],"beforeUserScenarioSteps": [],"steps": [{"outcome": "comment", "value": "!-- The steps below require working backend"},{"outcome": "successful", "value": "When I change context to element located `xpath(\/\/*[@data-test-id='jnj-profile-personal-info']\/h2)`"},{"outcome": "successful", "value": "Then text `${surgeon-title} ${surgeon-firstname} ${surgeon-lastname}` exists"},{"outcome": "successful", "value": "When I change context to element located `xpath(\/\/*[@data-test-id='jnj-profile-personal-info']\/p)`"},{"outcome": "successful", "value": "Then text `${surgeon-role}, ${surgeon-specialty}` exists"},{"outcome": "successful", "value": "When I change context to element located `xpath(\/\/*[@data-test-id='jnj-profile-contact-info']\/p[1])`"},{"outcome": "successful", "value": "When I save text of context element to ((SCENARIO)) variable `phoneNumber`"},{"outcome": "successful", "value": "Then `#{replaceAllByRegExp([\\s-], , ${phoneNumber})}` is ((=)) `${surgeon-phone}`"},{"outcome": "successful", "value": "Then the text matches '^(?=.{12,19}$)\\+[1-9]{1,3} \\d{1,3}-\\d{1,3}-\\d{1,8}$'"},{"outcome": "successful", "value": "When I change context to element located `xpath(\/\/*[@data-test-id='jnj-profile-contact-info']\/p[2])`"},{"outcome": "successful", "value": "Then text `${surgeon-email}` exists"},{"outcome": "successful", "value": "When I change context to element located `xpath(\/\/*[@data-test-id='jnj-profile-hospitals']\/p)`"},{"outcome": "successful", "value": "Then text `${surgeon-hospitals}` exists"}],"afterUserScenarioSteps": [],"afterSystemScenarioSteps": [{"outcome": "failed", "keyword": "FAILED", "value": "org.vividus.steps.AssertSteps.verifyIfAssertionsPassed()", "failure": "org.jbehave.core.failures.BeforeOrAfterFailed: Method verifyIfAssertionsPassed (annotated with @AfterScenario in class org.vividus.steps.AssertSteps) failed: org.vividus.softassert.exception.VerificationError: \r\n1) java.lang.AssertionError: Unable to locate elements, because search context is not set\r\n\tat org.vividus.steps.ui.validation.BaseValidations.runValidatingSearchContext(BaseValidations.java:201)\r\n\tat org.vividus.steps.ui.validation.BaseValidations.assertIfElementExists(BaseValidations.java:143)\r\n\tat org.vividus.steps.ui.validation.BaseValidations.assertIfElementExists(BaseValidations.java:102)\r\n\tat org.vividus.steps.ui.GenericSetContextSteps.lambda$resetAndChangeContextToElement$0(GenericSetContextSteps.java:65)\r\n\tat org.vividus.steps.ui.GenericSetContextSteps.changeContext(GenericSetContextSteps.java:96)\r\n\tat org.vividus.steps.ui.GenericSetContextSteps.resetAndChangeContextToElement(GenericSetContextSteps.java:65)\r\n2) java.lang.AssertionError: Search context is not set\r\n\tat org.vividus.ui.context.UiContext.getSearchContext(UiContext.java:66)\r\n\tat org.vividus.ui.context.UiContext.getOptionalSearchContext(UiContext.java:49)\r\n\tat org.vividus.steps.ui.web.TextValidationSteps.ifTextExists(TextValidationSteps.java:102)\r\n3) java.lang.AssertionError: Unable to locate elements, because search context is not set\r\n\tat org.vividus.steps.ui.validation.BaseValidations.runValidatingSearchContext(BaseValidations.java:201)\r\n\tat org.vividus.steps.ui.validation.BaseValidations.assertIfElementExists(BaseValidations.java:143)\r\n\tat org.vividus.steps.ui.validation.BaseValidations.assertIfElementExists(BaseValidations.java:102)\r\n\tat org.vividus.steps.ui.GenericSetContextSteps.lambda$resetAndChangeContextToElement$0(GenericSetContextSteps.java:65)\r\n\tat org.vividus.steps.ui.GenericSetContextSteps.changeContext(GenericSetContextSteps.java:96)\r\n\tat org.vividus.steps.ui.GenericSetContextSteps.resetAndChangeContextToElement(GenericSetContextSteps.java:65)\r\n4) java.lang.AssertionError: Search context is not set\r\n\tat org.vividus.ui.context.UiContext.getSearchContext(UiContext.java:66)\r\n\tat org.vividus.ui.context.UiContext.getOptionalSearchContext(UiContext.java:49)\r\n\tat org.vividus.steps.ui.web.TextValidationSteps.ifTextExists(TextValidationSteps.java:102)\r\n5) java.lang.AssertionError: Unable to locate elements, because search context is not set\r\n\tat org.vividus.steps.ui.validation.BaseValidations.runValidatingSearchContext(BaseValidations.java:201)\r\n\tat org.vividus.steps.ui.validation.BaseValidations.assertIfElementExists(BaseValidations.java:143)\r\n\tat org.vividus.steps.ui.validation.BaseValidations.assertIfElementExists(BaseValidations.java:102)\r\n\tat org.vividus.steps.ui.GenericSetContextSteps.lambda$resetAndChangeContextToElement$0(GenericSetContextSteps.java:65)\r\n\tat org.vividus.steps.ui.GenericSetContextSteps.changeContext(GenericSetContextSteps.java:96)\r\n\tat org.vividus.steps.ui.GenericSetContextSteps.resetAndChangeContextToElement(GenericSetContextSteps.java:65)\r\n6) java.lang.AssertionError: Search context is not set\r\n\tat org.vividus.ui.context.UiContext.getSearchContext(UiContext.java:66)\r\n\tat org.vividus.steps.ui.GenericSetVariableSteps.saveContextElementTextToVariable(GenericSetVariableSteps.java:77)\r\n7) java.lang.AssertionError: Checking if \"#{replaceAllByRegExp([\\s-], , ${phoneNumber})}\" is equal to \"${surgeon-phone}\" [Expected: \"${surgeon-phone}\" Actual: was \"#{replaceAllByRegExp([\\\\s-], , ${phoneNumber})}\"]\r\n\tat org.vividus.steps.VariablesSteps$1.compareValues(VariablesSteps.java:74)\r\n\tat org.vividus.steps.VariableComparator.compare(VariableComparator.java:50)\r\n\tat org.vividus.steps.VariablesSteps.compareVariables(VariablesSteps.java:129)\r\n8) java.lang.AssertionError: Search context is not set\r\n\tat org.vividus.ui.context.UiContext.getSearchContext(UiContext.java:66)\r\n\tat org.vividus.ui.context.UiContext.getOptionalSearchContext(UiContext.java:49)\r\n\tat org.vividus.steps.ui.web.TextValidationSteps.ifTextMatchesRegex(TextValidationSteps.java:68)\r\n9) java.lang.AssertionError: Unable to locate elements, because search context is not set\r\n\tat org.vividus.steps.ui.validation.BaseValidations.runValidatingSearchContext(BaseValidations.java:201)\r\n\tat org.vividus.steps.ui.validation.BaseValidations.assertIfElementExists(BaseValidations.java:143)\r\n\tat org.vividus.steps.ui.validation.BaseValidations.assertIfElementExists(BaseValidations.java:102)\r\n\tat org.vividus.steps.ui.GenericSetContextSteps.lambda$resetAndChangeContextToElement$0(GenericSetContextSteps.java:65)\r\n\tat org.vividus.steps.ui.GenericSetContextSteps.changeContext(GenericSetContextSteps.java:96)\r\n\tat org.vividus.steps.ui.GenericSetContextSteps.resetAndChangeContextToElement(GenericSetContextSteps.java:65)\r\n10) java.lang.AssertionError: Search context is not set\r\n\tat org.vividus.ui.context.UiContext.getSearchContext(UiContext.java:66)\r\n\tat org.vividus.ui.context.UiContext.getOptionalSearchContext(UiContext.java:49)\r\n\tat org.vividus.steps.ui.web.TextValidationSteps.ifTextExists(TextValidationSteps.java:102)\r\n11) java.lang.AssertionError: Unable to locate elements, because search context is not set\r\n\tat org.vividus.steps.ui.validation.BaseValidations.runValidatingSearchContext(BaseValidations.java:201)\r\n\tat org.vividus.steps.ui.validation.BaseValidations.assertIfElementExists(BaseValidations.java:143)\r\n\tat org.vividus.steps.ui.validation.BaseValidations.assertIfElementExists(BaseValidations.java:102)\r\n\tat org.vividus.steps.ui.GenericSetContextSteps.lambda$resetAndChangeContextToElement$0(GenericSetContextSteps.java:65)\r\n\tat org.vividus.steps.ui.GenericSetContextSteps.changeContext(GenericSetContextSteps.java:96)\r\n\tat org.vividus.steps.ui.GenericSetContextSteps.resetAndChangeContextToElement(GenericSetContextSteps.java:65)\r\n12) java.lang.AssertionError: Search context is not set\r\n\tat org.vividus.ui.context.UiContext.getSearchContext(UiContext.java:66)\r\n\tat org.vividus.ui.context.UiContext.getOptionalSearchContext(UiContext.java:49)\r\n\tat org.vividus.steps.ui.web.TextValidationSteps.ifTextExists(TextValidationSteps.java:102)\r\n"},{"outcome": "successful", "value": "org.vividus.visual.screenshot.ScenarioBasedIndexer.resetIndex()"},{"outcome": "successful", "value": "org.vividus.steps.WebUiVividusSetupSteps.afterScenario()"},{"outcome": "successful", "value": "org.vividus.http.CookieStoreProvider.resetScenarioCookies()"},{"outcome": "successful", "value": "org.vividus.steps.WebDriverSetupSteps.afterScenario()"}],"start":1693002038442,"end":1693002038531,"failure": "org.jbehave.core.failures.BeforeOrAfterFailed: Method verifyIfAssertionsPassed (annotated with @AfterScenario in class org.vividus.steps.AssertSteps) failed: org.vividus.softassert.exception.VerificationError: \n1) java.lang.AssertionError: Unable to locate elements, because search context is not set\n\tat org.vividus.steps.ui.validation.BaseValidations.runValidatingSearchContext(BaseValidations.java:201)\n\tat org.vividus.steps.ui.validation.BaseValidations.assertIfElementExists(BaseValidations.java:143)\n\tat org.vividus.steps.ui.validation.BaseValidations.assertIfElementExists(BaseValidations.java:102)\n\tat org.vividus.steps.ui.GenericSetContextSteps.lambda$resetAndChangeContextToElement$0(GenericSetContextSteps.java:65)\n\tat org.vividus.steps.ui.GenericSetContextSteps.changeContext(GenericSetContextSteps.java:96)\n\tat org.vividus.steps.ui.GenericSetContextSteps.resetAndChangeContextToElement(GenericSetContextSteps.java:65)\n2) java.lang.AssertionError: Search context is not set\n\tat org.vividus.ui.context.UiContext.getSearchContext(UiContext.java:66)\n\tat org.vividus.ui.context.UiContext.getOptionalSearchContext(UiContext.java:49)\n\tat org.vividus.steps.ui.web.TextValidationSteps.ifTextExists(TextValidationSteps.java:102)\n3) java.lang.AssertionError: Unable to locate elements, because search context is not set\n\tat org.vividus.steps.ui.validation.BaseValidations.runValidatingSearchContext(BaseValidations.java:201)\n\tat org.vividus.steps.ui.validation.BaseValidations.assertIfElementExists(BaseValidations.java:143)\n\tat org.vividus.steps.ui.validation.BaseValidations.assertIfElementExists(BaseValidations.java:102)\n\tat org.vividus.steps.ui.GenericSetContextSteps.lambda$resetAndChangeContextToElement$0(GenericSetContextSteps.java:65)\n\tat org.vividus.steps.ui.GenericSetContextSteps.changeContext(GenericSetContextSteps.java:96)\n\tat org.vividus.steps.ui.GenericSetContextSteps.resetAndChangeContextToElement(GenericSetContextSteps.java:65)\n4) java.lang.AssertionError: Search context is not set\n\tat org.vividus.ui.context.UiContext.getSearchContext(UiContext.java:66)\n\tat org.vividus.ui.context.UiContext.getOptionalSearchContext(UiContext.java:49)\n\tat org.vividus.steps.ui.web.TextValidationSteps.ifTextExists(TextValidationSteps.java:102)\n5) java.lang.AssertionError: Unable to locate elements, because search context is not set\n\tat org.vividus.steps.ui.validation.BaseValidations.runValidatingSearchContext(BaseValidations.java:201)\n\tat org.vividus.steps.ui.validation.BaseValidations.assertIfElementExists(BaseValidations.java:143)\n\tat org.vividus.steps.ui.validation.BaseValidations.assertIfElementExists(BaseValidations.java:102)\n\tat org.vividus.steps.ui.GenericSetContextSteps.lambda$resetAndChangeContextToElement$0(GenericSetContextSteps.java:65)\n\tat org.vividus.steps.ui.GenericSetContextSteps.changeContext(GenericSetContextSteps.java:96)\n\tat org.vividus.steps.ui.GenericSetContextSteps.resetAndChangeContextToElement(GenericSetContextSteps.java:65)\n6) java.lang.AssertionError: Search context is not set\n\tat org.vividus.ui.context.UiContext.getSearchContext(UiContext.java:66)\n\tat org.vividus.steps.ui.GenericSetVariableSteps.saveContextElementTextToVariable(GenericSetVariableSteps.java:77)\n7) java.lang.AssertionError: Checking if \"#{replaceAllByRegExp([\\s-], , ${phoneNumber})}\" is equal to \"${surgeon-phone}\" [Expected: \"${surgeon-phone}\" Actual: was \"#{replaceAllByRegExp([\\\\s-], , ${phoneNumber})}\"]\n\tat org.vividus.steps.VariablesSteps$1.compareValues(VariablesSteps.java:74)\n\tat org.vividus.steps.VariableComparator.compare(VariableComparator.java:50)\n\tat org.vividus.steps.VariablesSteps.compareVariables(VariablesSteps.java:129)\n8) java.lang.AssertionError: Search context is not set\n\tat org.vividus.ui.context.UiContext.getSearchContext(UiContext.java:66)\n\tat org.vividus.ui.context.UiContext.getOptionalSearchContext(UiContext.java:49)\n\tat org.vividus.steps.ui.web.TextValidationSteps.ifTextMatchesRegex(TextValidationSteps.java:68)\n9) java.lang.AssertionError: Unable to locate elements, because search context is not set\n\tat org.vividus.steps.ui.validation.BaseValidations.runValidatingSearchContext(BaseValidations.java:201)\n\tat org.vividus.steps.ui.validation.BaseValidations.assertIfElementExists(BaseValidations.java:143)\n\tat org.vividus.steps.ui.validation.BaseValidations.assertIfElementExists(BaseValidations.java:102)\n\tat org.vividus.steps.ui.GenericSetContextSteps.lambda$resetAndChangeContextToElement$0(GenericSetContextSteps.java:65)\n\tat org.vividus.steps.ui.GenericSetContextSteps.changeContext(GenericSetContextSteps.java:96)\n\tat org.vividus.steps.ui.GenericSetContextSteps.resetAndChangeContextToElement(GenericSetContextSteps.java:65)\n10) java.lang.AssertionError: Search context is not set\n\tat org.vividus.ui.context.UiContext.getSearchContext(UiContext.java:66)\n\tat org.vividus.ui.context.UiContext.getOptionalSearchContext(UiContext.java:49)\n\tat org.vividus.steps.ui.web.TextValidationSteps.ifTextExists(TextValidationSteps.java:102)\n11) java.lang.AssertionError: Unable to locate elements, because search context is not set\n\tat org.vividus.steps.ui.validation.BaseValidations.runValidatingSearchContext(BaseValidations.java:201)\n\tat org.vividus.steps.ui.validation.BaseValidations.assertIfElementExists(BaseValidations.java:143)\n\tat org.vividus.steps.ui.validation.BaseValidations.assertIfElementExists(BaseValidations.java:102)\n\tat org.vividus.steps.ui.GenericSetContextSteps.lambda$resetAndChangeContextToElement$0(GenericSetContextSteps.java:65)\n\tat org.vividus.steps.ui.GenericSetContextSteps.changeContext(GenericSetContextSteps.java:96)\n\tat org.vividus.steps.ui.GenericSetContextSteps.resetAndChangeContextToElement(GenericSetContextSteps.java:65)\n12) java.lang.AssertionError: Search context is not set\n\tat org.vividus.ui.context.UiContext.getSearchContext(UiContext.java:66)\n\tat org.vividus.ui.context.UiContext.getOptionalSearchContext(UiContext.java:49)\n\tat org.vividus.steps.ui.web.TextValidationSteps.ifTextExists(TextValidationSteps.java:102)\n\n\tat org.jbehave.core.steps.StepCreator$BeforeOrAfterStep.perform(StepCreator.java:703)\n\tat org.jbehave.core.steps.StepCreator$ReportingAbstractStep.perform(StepCreator.java:638)\n\tat org.jbehave.core.steps.StepCreator$DelegatingStep.perform(StepCreator.java:662)\n\tat org.jbehave.core.embedder.PerformableTree$FineSoFar.run(PerformableTree.java:379)\n\tat org.jbehave.core.embedder.PerformableTree$PerformableSteps.perform(PerformableTree.java:1441)\n\tat org.jbehave.core.embedder.PerformableTree$PerformableEntity.performHookSteps(PerformableTree.java:999)\n\tat org.jbehave.core.embedder.PerformableTree$PerformableEntity.performAfterSteps(PerformableTree.java:978)\n\tat org.jbehave.core.embedder.PerformableTree$AbstractPerformableScenario.lambda$performScenario$1(PerformableTree.java:1291)\n\tat org.jbehave.core.embedder.PerformableTree$PerformableEntity.performWithStopExecutionExceptionHandling(PerformableTree.java:967)\n\tat org.jbehave.core.embedder.PerformableTree$AbstractPerformableScenario.performScenario(PerformableTree.java:1276)\n\tat org.jbehave.core.embedder.PerformableTree$NormalPerformableScenario.perform(PerformableTree.java:1332)\n\tat org.jbehave.core.embedder.PerformableTree$PerformableScenario.perform(PerformableTree.java:1225)\n\tat org.jbehave.core.embedder.PerformableTree$PerformableStory.lambda$perform$0(PerformableTree.java:1090)\n\tat org.jbehave.core.embedder.PerformableTree$PerformableEntity.performWithStopExecutionExceptionHandling(PerformableTree.java:965)\n\tat org.jbehave.core.embedder.PerformableTree$PerformableStory.perform(PerformableTree.java:1082)\n\tat org.jbehave.core.embedder.PerformableTree.performCancellable(PerformableTree.java:521)\n\tat org.jbehave.core.embedder.PerformableTree.perform(PerformableTree.java:488)\n\tat org.jbehave.core.embedder.StoryManager$EnqueuedStory.call(StoryManager.java:305)\n\tat org.jbehave.core.embedder.StoryManager$EnqueuedStory.call(StoryManager.java:278)\n\tat java.base\/java.util.concurrent.FutureTask.run(FutureTask.java:264)\n\tat java.base\/java.util.concurrent.ThreadPoolExecutor.runWorker(ThreadPoolExecutor.java:1136)\n\tat java.base\/java.util.concurrent.ThreadPoolExecutor$Worker.run(ThreadPoolExecutor.java:635)\n\tat java.base\/java.lang.Thread.run(Thread.java:833)\nCaused by: org.vividus.softassert.exception.VerificationError: \n1) java.lang.AssertionError: Unable to locate elements, because search context is not set\n\tat org.vividus.steps.ui.validation.BaseValidations.runValidatingSearchContext(BaseValidations.java:201)\n\tat org.vividus.steps.ui.validation.BaseValidations.assertIfElementExists(BaseValidations.java:143)\n\tat org.vividus.steps.ui.validation.BaseValidations.assertIfElementExists(BaseValidations.java:102)\n\tat org.vividus.steps.ui.GenericSetContextSteps.lambda$resetAndChangeContextToElement$0(GenericSetContextSteps.java:65)\n\tat org.vividus.steps.ui.GenericSetContextSteps.changeContext(GenericSetContextSteps.java:96)\n\tat org.vividus.steps.ui.GenericSetContextSteps.resetAndChangeContextToElement(GenericSetContextSteps.java:65)\n2) java.lang.AssertionError: Search context is not set\n\tat org.vividus.ui.context.UiContext.getSearchContext(UiContext.java:66)\n\tat org.vividus.ui.context.UiContext.getOptionalSearchContext(UiContext.java:49)\n\tat org.vividus.steps.ui.web.TextValidationSteps.ifTextExists(TextValidationSteps.java:102)\n3) java.lang.AssertionError: Unable to locate elements, because search context is not set\n\tat org.vividus.steps.ui.validation.BaseValidations.runValidatingSearchContext(BaseValidations.java:201)\n\tat org.vividus.steps.ui.validation.BaseValidations.assertIfElementExists(BaseValidations.java:143)\n\tat org.vividus.steps.ui.validation.BaseValidations.assertIfElementExists(BaseValidations.java:102)\n\tat org.vividus.steps.ui.GenericSetContextSteps.lambda$resetAndChangeContextToElement$0(GenericSetContextSteps.java:65)\n\tat org.vividus.steps.ui.GenericSetContextSteps.changeContext(GenericSetContextSteps.java:96)\n\tat org.vividus.steps.ui.GenericSetContextSteps.resetAndChangeContextToElement(GenericSetContextSteps.java:65)\n4) java.lang.AssertionError: Search context is not set\n\tat org.vividus.ui.context.UiContext.getSearchContext(UiContext.java:66)\n\tat org.vividus.ui.context.UiContext.getOptionalSearchContext(UiContext.java:49)\n\tat org.vividus.steps.ui.web.TextValidationSteps.ifTextExists(TextValidationSteps.java:102)\n5) java.lang.AssertionError: Unable to locate elements, because search context is not set\n\tat org.vividus.steps.ui.validation.BaseValidations.runValidatingSearchContext(BaseValidations.java:201)\n\tat org.vividus.steps.ui.validation.BaseValidations.assertIfElementExists(BaseValidations.java:143)\n\tat org.vividus.steps.ui.validation.BaseValidations.assertIfElementExists(BaseValidations.java:102)\n\tat org.vividus.steps.ui.GenericSetContextSteps.lambda$resetAndChangeContextToElement$0(GenericSetContextSteps.java:65)\n\tat org.vividus.steps.ui.GenericSetContextSteps.changeContext(GenericSetContextSteps.java:96)\n\tat org.vividus.steps.ui.GenericSetContextSteps.resetAndChangeContextToElement(GenericSetContextSteps.java:65)\n6) java.lang.AssertionError: Search context is not set\n\tat org.vividus.ui.context.UiContext.getSearchContext(UiContext.java:66)\n\tat org.vividus.steps.ui.GenericSetVariableSteps.saveContextElementTextToVariable(GenericSetVariableSteps.java:77)\n7) java.lang.AssertionError: Checking if \"#{replaceAllByRegExp([\\s-], , ${phoneNumber})}\" is equal to \"${surgeon-phone}\" [Expected: \"${surgeon-phone}\" Actual: was \"#{replaceAllByRegExp([\\\\s-], , ${phoneNumber})}\"]\n\tat org.vividus.steps.VariablesSteps$1.compareValues(VariablesSteps.java:74)\n\tat org.vividus.steps.VariableComparator.compare(VariableComparator.java:50)\n\tat org.vividus.steps.VariablesSteps.compareVariables(VariablesSteps.java:129)\n8) java.lang.AssertionError: Search context is not set\n\tat org.vividus.ui.context.UiContext.getSearchContext(UiContext.java:66)\n\tat org.vividus.ui.context.UiContext.getOptionalSearchContext(UiContext.java:49)\n\tat org.vividus.steps.ui.web.TextValidationSteps.ifTextMatchesRegex(TextValidationSteps.java:68)\n9) java.lang.AssertionError: Unable to locate elements, because search context is not set\n\tat org.vividus.steps.ui.validation.BaseValidations.runValidatingSearchContext(BaseValidations.java:201)\n\tat org.vividus.steps.ui.validation.BaseValidations.assertIfElementExists(BaseValidations.java:143)\n\tat org.vividus.steps.ui.validation.BaseValidations.assertIfElementExists(BaseValidations.java:102)\n\tat org.vividus.steps.ui.GenericSetContextSteps.lambda$resetAndChangeContextToElement$0(GenericSetContextSteps.java:65)\n\tat org.vividus.steps.ui.GenericSetContextSteps.changeContext(GenericSetContextSteps.java:96)\n\tat org.vividus.steps.ui.GenericSetContextSteps.resetAndChangeContextToElement(GenericSetContextSteps.java:65)\n10) java.lang.AssertionError: Search context is not set\n\tat org.vividus.ui.context.UiContext.getSearchContext(UiContext.java:66)\n\tat org.vividus.ui.context.UiContext.getOptionalSearchContext(UiContext.java:49)\n\tat org.vividus.steps.ui.web.TextValidationSteps.ifTextExists(TextValidationSteps.java:102)\n11) java.lang.AssertionError: Unable to locate elements, because search context is not set\n\tat org.vividus.steps.ui.validation.BaseValidations.runValidatingSearchContext(BaseValidations.java:201)\n\tat org.vividus.steps.ui.validation.BaseValidations.assertIfElementExists(BaseValidations.java:143)\n\tat org.vividus.steps.ui.validation.BaseValidations.assertIfElementExists(BaseValidations.java:102)\n\tat org.vividus.steps.ui.GenericSetContextSteps.lambda$resetAndChangeContextToElement$0(GenericSetContextSteps.java:65)\n\tat org.vividus.steps.ui.GenericSetContextSteps.changeContext(GenericSetContextSteps.java:96)\n\tat org.vividus.steps.ui.GenericSetContextSteps.resetAndChangeContextToElement(GenericSetContextSteps.java:65)\n12) java.lang.AssertionError: Search context is not set\n\tat org.vividus.ui.context.UiContext.getSearchContext(UiContext.java:66)\n\tat org.vividus.ui.context.UiContext.getOptionalSearchContext(UiContext.java:49)\n\tat org.vividus.steps.ui.web.TextValidationSteps.ifTextExists(TextValidationSteps.java:102)\n\n\tat org.vividus.softassert.SoftAssert.verify(SoftAssert.java:298)\n\tat org.vividus.steps.AssertSteps.verifyIfAssertionsPassed(AssertSteps.java:45)\n\tat java.base\/jdk.internal.reflect.NativeMethodAccessorImpl.invoke0(Native Method)\n\tat java.base\/jdk.internal.reflect.NativeMethodAccessorImpl.invoke(NativeMethodAccessorImpl.java:77)\n\tat java.base\/jdk.internal.reflect.DelegatingMethodAccessorImpl.invoke(DelegatingMethodAccessorImpl.java:43)\n\tat java.base\/java.lang.reflect.Method.invoke(Method.java:568)\n\tat org.jbehave.core.steps.StepCreator$MethodInvoker.invoke(StepCreator.java:1087)\n\tat org.jbehave.core.steps.StepCreator$BeforeOrAfterStep.perform(StepCreator.java:699)\n\t... 22 more\n" },{"keyword": "Scenario:", "id": "107338fd-69e2-4bad-977e-8eaac96566d1", "title": "check surgeon profile picture when avatar exists","meta": [{"keyword": "@", "name": "testCaseId", "value": "NUC-587"}],"beforeSystemScenarioSteps": [{"outcome": "successful", "value": "org.vividus.steps.WebDriverSetupSteps.beforeScenario()"}],"beforeUserScenarioSteps": [],"steps": [{"outcome": "comment", "value": "!-- Can be automated only with working backend"}],"afterUserScenarioSteps": [],"afterSystemScenarioSteps": [{"outcome": "successful", "value": "org.vividus.steps.AssertSteps.verifyIfAssertionsPassed()"},{"outcome": "successful", "value": "org.vividus.visual.screenshot.ScenarioBasedIndexer.resetIndex()"},{"outcome": "successful", "value": "org.vividus.steps.WebUiVividusSetupSteps.afterScenario()"},{"outcome": "successful", "value": "org.vividus.http.CookieStoreProvider.resetScenarioCookies()"},{"outcome": "successful", "value": "org.vividus.steps.WebDriverSetupSteps.afterScenario()"}],"start":1693002038543,"end":1693002038549},{"keyword": "Scenario:", "id": "356f1b73-7d87-4a1c-b893-1837949d57d1", "title": "check surgeon profile picture when avatar doesn't exist","meta": [{"keyword": "@", "name": "testCaseId", "value": "NUC-587"}],"beforeSystemScenarioSteps": [{"outcome": "successful", "value": "org.vividus.steps.WebDriverSetupSteps.beforeScenario()"}],"beforeUserScenarioSteps": [],"steps": [{"outcome": "comment", "value": "!-- The steps below require working backend"},{"outcome": "successful", "value": "When I change context to element located `xpath(\/\/*[@data-test-id='jnj-user-avatar'])`"},{"outcome": "successful", "value": "Then text `#{replaceFirstByRegExp((\\w).*, $1, ${surgeon-firstname})}#{replaceFirstByRegExp((\\w).*, $1, ${surgeon-lastname})}` exists"}],"afterUserScenarioSteps": [],"afterSystemScenarioSteps": [{"outcome": "failed", "keyword": "FAILED", "value": "org.vividus.steps.AssertSteps.verifyIfAssertionsPassed()", "failure": "org.jbehave.core.failures.BeforeOrAfterFailed: Method verifyIfAssertionsPassed (annotated with @AfterScenario in class org.vividus.steps.AssertSteps) failed: org.vividus.softassert.exception.VerificationError: \r\n1) java.lang.AssertionError: Unable to locate elements, because search context is not set\r\n\tat org.vividus.steps.ui.validation.BaseValidations.runValidatingSearchContext(BaseValidations.java:201)\r\n\tat org.vividus.steps.ui.validation.BaseValidations.assertIfElementExists(BaseValidations.java:143)\r\n\tat org.vividus.steps.ui.validation.BaseValidations.assertIfElementExists(BaseValidations.java:102)\r\n\tat org.vividus.steps.ui.GenericSetContextSteps.lambda$resetAndChangeContextToElement$0(GenericSetContextSteps.java:65)\r\n\tat org.vividus.steps.ui.GenericSetContextSteps.changeContext(GenericSetContextSteps.java:96)\r\n\tat org.vividus.steps.ui.GenericSetContextSteps.resetAndChangeContextToElement(GenericSetContextSteps.java:65)\r\n2) java.lang.AssertionError: Search context is not set\r\n\tat org.vividus.ui.context.UiContext.getSearchContext(UiContext.java:66)\r\n\tat org.vividus.ui.context.UiContext.getOptionalSearchContext(UiContext.java:49)\r\n\tat org.vividus.steps.ui.web.TextValidationSteps.ifTextExists(TextValidationSteps.java:102)\r\n"},{"outcome": "successful", "value": "org.vividus.visual.screenshot.ScenarioBasedIndexer.resetIndex()"},{"outcome": "successful", "value": "org.vividus.steps.WebUiVividusSetupSteps.afterScenario()"},{"outcome": "successful", "value": "org.vividus.http.CookieStoreProvider.resetScenarioCookies()"},{"outcome": "successful", "value": "org.vividus.steps.WebDriverSetupSteps.afterScenario()"}],"start":1693002038550,"end":1693002038561,"failure": "org.jbehave.core.failures.BeforeOrAfterFailed: Method verifyIfAssertionsPassed (annotated with @AfterScenario in class org.vividus.steps.AssertSteps) failed: org.vividus.softassert.exception.VerificationError: \n1) java.lang.AssertionError: Unable to locate elements, because search context is not set\n\tat org.vividus.steps.ui.validation.BaseValidations.runValidatingSearchContext(BaseValidations.java:201)\n\tat org.vividus.steps.ui.validation.BaseValidations.assertIfElementExists(BaseValidations.java:143)\n\tat org.vividus.steps.ui.validation.BaseValidations.assertIfElementExists(BaseValidations.java:102)\n\tat org.vividus.steps.ui.GenericSetContextSteps.lambda$resetAndChangeContextToElement$0(GenericSetContextSteps.java:65)\n\tat org.vividus.steps.ui.GenericSetContextSteps.changeContext(GenericSetContextSteps.java:96)\n\tat org.vividus.steps.ui.GenericSetContextSteps.resetAndChangeContextToElement(GenericSetContextSteps.java:65)\n2) java.lang.AssertionError: Search context is not set\n\tat org.vividus.ui.context.UiContext.getSearchContext(UiContext.java:66)\n\tat org.vividus.ui.context.UiContext.getOptionalSearchContext(UiContext.java:49)\n\tat org.vividus.steps.ui.web.TextValidationSteps.ifTextExists(TextValidationSteps.java:102)\n\n\tat org.jbehave.core.steps.StepCreator$BeforeOrAfterStep.perform(StepCreator.java:703)\n\tat org.jbehave.core.steps.StepCreator$ReportingAbstractStep.perform(StepCreator.java:638)\n\tat org.jbehave.core.steps.StepCreator$DelegatingStep.perform(StepCreator.java:662)\n\tat org.jbehave.core.embedder.PerformableTree$FineSoFar.run(PerformableTree.java:379)\n\tat org.jbehave.core.embedder.PerformableTree$PerformableSteps.perform(PerformableTree.java:1441)\n\tat org.jbehave.core.embedder.PerformableTree$PerformableEntity.performHookSteps(PerformableTree.java:999)\n\tat org.jbehave.core.embedder.PerformableTree$PerformableEntity.performAfterSteps(PerformableTree.java:978)\n\tat org.jbehave.core.embedder.PerformableTree$AbstractPerformableScenario.lambda$performScenario$1(PerformableTree.java:1291)\n\tat org.jbehave.core.embedder.PerformableTree$PerformableEntity.performWithStopExecutionExceptionHandling(PerformableTree.java:967)\n\tat org.jbehave.core.embedder.PerformableTree$AbstractPerformableScenario.performScenario(PerformableTree.java:1276)\n\tat org.jbehave.core.embedder.PerformableTree$NormalPerformableScenario.perform(PerformableTree.java:1332)\n\tat org.jbehave.core.embedder.PerformableTree$PerformableScenario.perform(PerformableTree.java:1225)\n\tat org.jbehave.core.embedder.PerformableTree$PerformableStory.lambda$perform$0(PerformableTree.java:1090)\n\tat org.jbehave.core.embedder.PerformableTree$PerformableEntity.performWithStopExecutionExceptionHandling(PerformableTree.java:965)\n\tat org.jbehave.core.embedder.PerformableTree$PerformableStory.perform(PerformableTree.java:1082)\n\tat org.jbehave.core.embedder.PerformableTree.performCancellable(PerformableTree.java:521)\n\tat org.jbehave.core.embedder.PerformableTree.perform(PerformableTree.java:488)\n\tat org.jbehave.core.embedder.StoryManager$EnqueuedStory.call(StoryManager.java:305)\n\tat org.jbehave.core.embedder.StoryManager$EnqueuedStory.call(StoryManager.java:278)\n\tat java.base\/java.util.concurrent.FutureTask.run(FutureTask.java:264)\n\tat java.base\/java.util.concurrent.ThreadPoolExecutor.runWorker(ThreadPoolExecutor.java:1136)\n\tat java.base\/java.util.concurrent.ThreadPoolExecutor$Worker.run(ThreadPoolExecutor.java:635)\n\tat java.base\/java.lang.Thread.run(Thread.java:833)\nCaused by: org.vividus.softassert.exception.VerificationError: \n1) java.lang.AssertionError: Unable to locate elements, because search context is not set\n\tat org.vividus.steps.ui.validation.BaseValidations.runValidatingSearchContext(BaseValidations.java:201)\n\tat org.vividus.steps.ui.validation.BaseValidations.assertIfElementExists(BaseValidations.java:143)\n\tat org.vividus.steps.ui.validation.BaseValidations.assertIfElementExists(BaseValidations.java:102)\n\tat org.vividus.steps.ui.GenericSetContextSteps.lambda$resetAndChangeContextToElement$0(GenericSetContextSteps.java:65)\n\tat org.vividus.steps.ui.GenericSetContextSteps.changeContext(GenericSetContextSteps.java:96)\n\tat org.vividus.steps.ui.GenericSetContextSteps.resetAndChangeContextToElement(GenericSetContextSteps.java:65)\n2) java.lang.AssertionError: Search context is not set\n\tat org.vividus.ui.context.UiContext.getSearchContext(UiContext.java:66)\n\tat org.vividus.ui.context.UiContext.getOptionalSearchContext(UiContext.java:49)\n\tat org.vividus.steps.ui.web.TextValidationSteps.ifTextExists(TextValidationSteps.java:102)\n\n\tat org.vividus.softassert.SoftAssert.verify(SoftAssert.java:298)\n\tat org.vividus.steps.AssertSteps.verifyIfAssertionsPassed(AssertSteps.java:45)\n\tat java.base\/jdk.internal.reflect.NativeMethodAccessorImpl.invoke0(Native Method)\n\tat java.base\/jdk.internal.reflect.NativeMethodAccessorImpl.invoke(NativeMethodAccessorImpl.java:77)\n\tat java.base\/jdk.internal.reflect.DelegatingMethodAccessorImpl.invoke(DelegatingMethodAccessorImpl.java:43)\n\tat java.base\/java.lang.reflect.Method.invoke(Method.java:568)\n\tat org.jbehave.core.steps.StepCreator$MethodInvoker.invoke(StepCreator.java:1087)\n\tat org.jbehave.core.steps.StepCreator$BeforeOrAfterStep.perform(StepCreator.java:699)\n\t... 22 more\n" }],"afterUserStorySteps": [],"afterSystemStorySteps": [{"outcome": "successful", "value": "org.vividus.steps.WebDriverSetupSteps.afterStory()"},{"outcome": "successful", "value": "org.vividus.http.CookieStoreProvider.resetStoryCookies()"}]}